<?xml version="1.0" encoding="UTF-8"?>
<testng-results skipped="1" failed="0" ignored="1" total="2" passed="0">
  <reporter-output>
    <line>
      <![CDATA[<div style="display:block;margin-left:10px;"></div>]]>
    </line>
  </reporter-output>
  <suite name="QAF BDD" duration-ms="81" started-at="2019-10-23T11:45:45Z" finished-at="2019-10-23T11:45:45Z">
    <groups>
    </groups>
    <test name="BDD Test" duration-ms="81" started-at="2019-10-23T11:45:45Z" finished-at="2019-10-23T11:45:45Z">
      <class name="com.qmetry.qaf.automation.step.client.DataDrivenScenario">
        <test-method status="PASS" signature="setupSuit(org.testng.ITestContext)[pri:0, instance:com.qmetry.qaf.automation.step.client.DataDrivenScenario@3e8]" test-instance-name="New tour login" name="setupSuit" is-config="true" duration-ms="23" started-at="2019-10-23T17:15:45Z" finished-at="2019-10-23T17:15:45Z">
          <params>
            <param index="0">
              <value>
                <![CDATA[org.testng.TestRunner@525f1e4e]]>
              </value>
            </param>
          </params>
          <reporter-output>
          </reporter-output>
        </test-method> <!-- setupSuit -->
        <test-method status="PASS" signature="setupTest(org.testng.ITestContext)[pri:0, instance:com.qmetry.qaf.automation.step.client.DataDrivenScenario@3e8]" test-instance-name="New tour login" name="setupTest" is-config="true" duration-ms="1" started-at="2019-10-23T17:15:45Z" finished-at="2019-10-23T17:15:45Z">
          <params>
            <param index="0">
              <value>
                <![CDATA[org.testng.TestRunner@525f1e4e]]>
              </value>
            </param>
          </params>
          <reporter-output>
          </reporter-output>
        </test-method> <!-- setupTest -->
        <test-method status="PASS" signature="setup(org.testng.ITestContext)[pri:0, instance:com.qmetry.qaf.automation.step.client.DataDrivenScenario@3e8]" test-instance-name="New tour login" name="setup" is-config="true" duration-ms="6" started-at="2019-10-23T17:15:45Z" finished-at="2019-10-23T17:15:45Z">
          <params>
            <param index="0">
              <value>
                <![CDATA[org.testng.TestRunner@525f1e4e]]>
              </value>
            </param>
          </params>
          <reporter-output>
          </reporter-output>
        </test-method> <!-- setup -->
        <test-method status="SKIP" signature="New tour login( java.util.Map)[pri:1000, instance:com.qmetry.qaf.automation.step.client.DataDrivenScenario@3e8]" test-instance-name="New tour login" name="New tour login" duration-ms="0" started-at="2019-10-23T17:15:45Z" finished-at="2019-10-23T17:15:45Z">
          <exception class="java.lang.RuntimeException">
            <message>
              <![CDATA[com.qmetry.qaf.automation.testng.DataProviderException: Error while fetching data from ./resources/testData/login.xls]]>
            </message>
            <full-stacktrace>
              <![CDATA[java.lang.RuntimeException: com.qmetry.qaf.automation.testng.DataProviderException: Error while fetching data from ./resources/testData/login.xls
	at org.testng.internal.MethodInvocationHelper.invokeMethodNoCheckedException(MethodInvocationHelper.java:49)
	at org.testng.internal.MethodInvocationHelper.invokeDataProvider(MethodInvocationHelper.java:111)
	at org.testng.internal.Parameters.handleParameters(Parameters.java:509)
	at org.testng.internal.Invoker.handleParameters(Invoker.java:1293)
	at org.testng.internal.Invoker.createParameters(Invoker.java:1020)
	at org.testng.internal.Invoker.invokeTestMethods(Invoker.java:1110)
	at org.testng.internal.TestMethodWorker.invokeTestMethods(TestMethodWorker.java:129)
	at org.testng.internal.TestMethodWorker.run(TestMethodWorker.java:112)
	at org.testng.TestRunner.privateRun(TestRunner.java:781)
	at org.testng.TestRunner.run(TestRunner.java:635)
	at org.testng.SuiteRunner.runTest(SuiteRunner.java:387)
	at org.testng.SuiteRunner.runSequentially(SuiteRunner.java:382)
	at org.testng.SuiteRunner.privateRun(SuiteRunner.java:340)
	at org.testng.SuiteRunner.run(SuiteRunner.java:289)
	at org.testng.SuiteRunnerWorker.runSuite(SuiteRunnerWorker.java:52)
	at org.testng.SuiteRunnerWorker.run(SuiteRunnerWorker.java:86)
	at org.testng.TestNG.runSuitesSequentially(TestNG.java:1293)
	at org.testng.TestNG.runSuitesLocally(TestNG.java:1218)
	at org.testng.TestNG.runSuites(TestNG.java:1133)
	at org.testng.TestNG.run(TestNG.java:1104)
	at org.apache.maven.surefire.testng.TestNGExecutor.run(TestNGExecutor.java:122)
	at org.apache.maven.surefire.testng.TestNGXmlTestSuite.execute(TestNGXmlTestSuite.java:92)
	at org.apache.maven.surefire.testng.TestNGProvider.invoke(TestNGProvider.java:101)
	at sun.reflect.NativeMethodAccessorImpl.invoke0(Native Method)
	at sun.reflect.NativeMethodAccessorImpl.invoke(NativeMethodAccessorImpl.java:62)
	at sun.reflect.DelegatingMethodAccessorImpl.invoke(DelegatingMethodAccessorImpl.java:43)
	at java.lang.reflect.Method.invoke(Method.java:498)
	at org.apache.maven.surefire.util.ReflectionUtils.invokeMethodWithArray(ReflectionUtils.java:164)
	at org.apache.maven.surefire.booter.ProviderFactory$ProviderProxy.invoke(ProviderFactory.java:110)
	at org.apache.maven.surefire.booter.SurefireStarter.invokeProvider(SurefireStarter.java:172)
	at org.apache.maven.surefire.booter.SurefireStarter.runSuitesInProcessWhenForked(SurefireStarter.java:104)
	at org.apache.maven.surefire.booter.ForkedBooter.main(ForkedBooter.java:70)
Caused by: com.qmetry.qaf.automation.testng.DataProviderException: Error while fetching data from ./resources/testData/login.xls
	at com.qmetry.qaf.automation.util.ExcelUtil.getTableDataAsMap(ExcelUtil.java:302)
	at com.qmetry.qaf.automation.testng.dataprovider.QAFInetrceptableDataProvider.getData(QAFInetrceptableDataProvider.java:319)
	at com.qmetry.qaf.automation.testng.dataprovider.QAFInetrceptableDataProvider.interceptedDataProvider(QAFInetrceptableDataProvider.java:117)
	at sun.reflect.NativeMethodAccessorImpl.invoke0(Native Method)
	at sun.reflect.NativeMethodAccessorImpl.invoke(NativeMethodAccessorImpl.java:62)
	at sun.reflect.DelegatingMethodAccessorImpl.invoke(DelegatingMethodAccessorImpl.java:43)
	at java.lang.reflect.Method.invoke(Method.java:498)
	at org.testng.internal.MethodInvocationHelper.invokeMethod(MethodInvocationHelper.java:104)
	at org.testng.internal.MethodInvocationHelper.invokeMethod(MethodInvocationHelper.java:55)
	at org.testng.internal.MethodInvocationHelper.invokeMethodNoCheckedException(MethodInvocationHelper.java:45)
	... 31 more
Caused by: jxl.read.biff.BiffException: Unable to recognize OLE stream
	at jxl.read.biff.CompoundFile.<init>(CompoundFile.java:116)
	at jxl.read.biff.File.<init>(File.java:127)
	at jxl.Workbook.getWorkbook(Workbook.java:221)
	at jxl.Workbook.getWorkbook(Workbook.java:198)
	at com.qmetry.qaf.automation.util.ExcelUtil.getTableDataAsMap(ExcelUtil.java:254)
	... 40 more
]]>
            </full-stacktrace>
          </exception> <!-- java.lang.RuntimeException -->
          <reporter-output>
            <line>
              <![CDATA[<div style="display:block;margin-left:10px;"></div>]]>
            </line>
          </reporter-output>
        </test-method> <!-- New tour login -->
        <test-method status="PASS" signature="afterClass(org.testng.ITestContext)[pri:0, instance:com.qmetry.qaf.automation.step.client.DataDrivenScenario@3e8]" test-instance-name="New tour login" name="afterClass" is-config="true" duration-ms="1" started-at="2019-10-23T17:15:45Z" finished-at="2019-10-23T17:15:45Z">
          <params>
            <param index="0">
              <value>
                <![CDATA[org.testng.TestRunner@525f1e4e]]>
              </value>
            </param>
          </params>
          <reporter-output>
          </reporter-output>
        </test-method> <!-- afterClass -->
        <test-method status="PASS" signature="afterTest(org.testng.ITestContext)[pri:0, instance:com.qmetry.qaf.automation.step.client.DataDrivenScenario@3e8]" test-instance-name="New tour login" name="afterTest" is-config="true" duration-ms="0" started-at="2019-10-23T17:15:45Z" finished-at="2019-10-23T17:15:45Z">
          <params>
            <param index="0">
              <value>
                <![CDATA[org.testng.TestRunner@525f1e4e]]>
              </value>
            </param>
          </params>
          <reporter-output>
          </reporter-output>
        </test-method> <!-- afterTest -->
        <test-method status="PASS" signature="afterSuit(org.testng.ITestContext)[pri:0, instance:com.qmetry.qaf.automation.step.client.DataDrivenScenario@3e8]" test-instance-name="New tour login" name="afterSuit" is-config="true" duration-ms="1" started-at="2019-10-23T17:15:45Z" finished-at="2019-10-23T17:15:45Z">
          <params>
            <param index="0">
              <value>
                <![CDATA[org.testng.TestRunner@525f1e4e]]>
              </value>
            </param>
          </params>
          <reporter-output>
          </reporter-output>
        </test-method> <!-- afterSuit -->
      </class> <!-- com.qmetry.qaf.automation.step.client.DataDrivenScenario -->
    </test> <!-- BDD Test -->
  </suite> <!-- QAF BDD -->
</testng-results>
