<?xml version="1.0" encoding="UTF-8"?>
<testng-results skipped="0" failed="2" ignored="1" total="3" passed="0">
  <reporter-output>
    <line>
      <![CDATA[<div style="display:block;margin-left:10px;"><div  class="teststeppass"><span class="teststeppass-label">T </span>Given User register</div><div style="display:block;margin-left:10px;"><div  class="teststeppass"><span class="teststeppass-label">T </span>get '/'</div></div><div  class="teststeppass"><span class="teststeppass-label">T </span>When click on register button</div><div style="display:block;margin-left:10px;"><div  class="teststeppass"><span class="teststeppass-label">T </span>click on 'register.register.link'</div></div><div  class="teststepfail"><span class="teststepfail-label">T </span>And User enter with firstname '${fname}' and lastname '${lname}' and phone '9000015456' and email 'mohanreddy@gmail.com' and address '${address}' <a href="../img/NewTourRegister_lnquuqynb6zd32345.png" target="_blank">[View Screenshot]</a> </div><div style="display:block;margin-left:10px;"><div  class="teststepfail"><span class="teststepfail-label">T </span>sendKeys 'null' into 'register.firstname.text'</div><div style="display:block;margin-left:10px;"><div  class="fail"><span class="fail-label">F </span>java.lang.IllegalArgumentException: Keys to send should be a not null CharSequence</div></div><div  class="fail"><span class="fail-label">F </span>Keys to send should be a not null CharSequence</div></div><div  class="teststep"><span class="teststep-label">T </span>Then User click on continue button</div><div  class="teststep"><span class="teststep-label">T </span>Then user register successfully</div></div>]]>
    </line>
    <line>
      <![CDATA[<div style="display:block;margin-left:10px;"><div  class="teststeppass"><span class="teststeppass-label">T </span>Given User register</div><div style="display:block;margin-left:10px;"><div  class="teststeppass"><span class="teststeppass-label">T </span>get '/'</div></div><div  class="teststeppass"><span class="teststeppass-label">T </span>When click on register button</div><div style="display:block;margin-left:10px;"><div  class="teststeppass"><span class="teststeppass-label">T </span>click on 'register.register.link'</div></div><div  class="teststepfail"><span class="teststepfail-label">T </span>And User enter with firstname '${fname}' and lastname '${lname}' and phone '9000015456' and email 'mohanreddy@gmail.com' and address '${address}' <a href="../img/NewTourRegister_pb189midwwau32346.png" target="_blank">[View Screenshot]</a> </div><div style="display:block;margin-left:10px;"><div  class="teststepfail"><span class="teststepfail-label">T </span>sendKeys 'null' into 'register.firstname.text'</div><div style="display:block;margin-left:10px;"><div  class="fail"><span class="fail-label">F </span>java.lang.IllegalArgumentException: Keys to send should be a not null CharSequence</div></div><div  class="fail"><span class="fail-label">F </span>Keys to send should be a not null CharSequence</div></div><div  class="teststep"><span class="teststep-label">T </span>Then User click on continue button</div><div  class="teststep"><span class="teststep-label">T </span>Then user register successfully</div></div>]]>
    </line>
  </reporter-output>
  <suite name="QAF BDD" duration-ms="17435" started-at="2019-10-25T10:09:25Z" finished-at="2019-10-25T10:09:43Z">
    <groups>
    </groups>
    <test name="BDD Test" duration-ms="17435" started-at="2019-10-25T10:09:25Z" finished-at="2019-10-25T10:09:43Z">
      <class name="com.qmetry.qaf.automation.step.client.DataDrivenScenario">
        <test-method status="PASS" signature="setupSuit(org.testng.ITestContext)[pri:0, instance:com.qmetry.qaf.automation.step.client.DataDrivenScenario@3e8]" test-instance-name="New tour register" name="setupSuit" is-config="true" duration-ms="19" started-at="2019-10-25T15:39:25Z" finished-at="2019-10-25T15:39:25Z">
          <params>
            <param index="0">
              <value>
                <![CDATA[org.testng.TestRunner@525f1e4e]]>
              </value>
            </param>
          </params>
          <reporter-output>
          </reporter-output>
        </test-method> <!-- setupSuit -->
        <test-method status="PASS" signature="setupTest(org.testng.ITestContext)[pri:0, instance:com.qmetry.qaf.automation.step.client.DataDrivenScenario@3e8]" test-instance-name="New tour register" name="setupTest" is-config="true" duration-ms="1" started-at="2019-10-25T15:39:25Z" finished-at="2019-10-25T15:39:25Z">
          <params>
            <param index="0">
              <value>
                <![CDATA[org.testng.TestRunner@525f1e4e]]>
              </value>
            </param>
          </params>
          <reporter-output>
          </reporter-output>
        </test-method> <!-- setupTest -->
        <test-method status="PASS" signature="setup(org.testng.ITestContext)[pri:0, instance:com.qmetry.qaf.automation.step.client.DataDrivenScenario@3e8]" test-instance-name="New tour register" name="setup" is-config="true" duration-ms="6" started-at="2019-10-25T15:39:25Z" finished-at="2019-10-25T15:39:25Z">
          <params>
            <param index="0">
              <value>
                <![CDATA[org.testng.TestRunner@525f1e4e]]>
              </value>
            </param>
          </params>
          <reporter-output>
          </reporter-output>
        </test-method> <!-- setup -->
        <test-method status="PASS" signature="setupMethod(java.lang.reflect.Method, org.testng.ITestContext)[pri:0, instance:com.qmetry.qaf.automation.step.client.DataDrivenScenario@3e8]" test-instance-name="New tour register" name="setupMethod" is-config="true" duration-ms="1" started-at="2019-10-25T15:39:25Z" finished-at="2019-10-25T15:39:25Z">
          <params>
            <param index="0">
              <value>
                <![CDATA[public void com.qmetry.qaf.automation.step.client.DataDrivenScenario.scenario(java.util.Map)]]>
              </value>
            </param>
            <param index="1">
              <value>
                <![CDATA[org.testng.TestRunner@525f1e4e]]>
              </value>
            </param>
          </params>
          <reporter-output>
          </reporter-output>
        </test-method> <!-- setupMethod -->
        <test-method status="FAIL" signature="New tour register( java.util.Map)[pri:1000, instance:com.qmetry.qaf.automation.step.client.DataDrivenScenario@3e8]" test-instance-name="New tour register" name="New tour register" duration-ms="14093" started-at="2019-10-25T15:39:25Z" description="use valid details and fill the registration form" finished-at="2019-10-25T15:39:40Z">
          <params>
            <param index="0">
              <value>
                <![CDATA[{fname	lname	phone	email	address=mohan	reddy	122354221	hfbdsknhjfbghdshj@gmail.com	dhfgdkjhvdskjf, __index=1}]]>
              </value>
            </param>
          </params>
          <exception class="java.lang.IllegalArgumentException">
            <message>
              <![CDATA[Keys to send should be a not null CharSequence]]>
            </message>
            <full-stacktrace>
              <![CDATA[java.lang.IllegalArgumentException: Keys to send should be a not null CharSequence
	at .And User enter with firstname '${fname}' and lastname '${lname}' and phone '${phone}' and email '${email}' and address '${address}'(resources/scenarios/RegisterCSV.bdd:5)
	at org.openqa.selenium.remote.RemoteWebElement.sendKeys(RemoteWebElement.java:97)
	at com.qmetry.qaf.automation.step.CommonStep.sendKeys_aroundBody6(CommonStep.java:119)
	at com.qmetry.qaf.automation.step.JavaStepReporter$MockJavaStep.doExecute(JavaStepReporter.java:138)
	at com.qmetry.qaf.automation.step.BaseTestStep.execute(BaseTestStep.java:149)
	at com.qmetry.qaf.automation.step.JavaStepReporter.javaTestStep(JavaStepReporter.java:88)
	at com.qmetry.qaf.automation.step.CommonStep.sendKeys(CommonStep.java:118)
	at com.newtour.steps.InvalidRegisterStep.register_aroundBody4(InvalidRegisterStep.java:21)
	at com.qmetry.qaf.automation.step.JavaStepReporter.javaTestStep(JavaStepReporter.java:101)
	at com.newtour.steps.InvalidRegisterStep.register(InvalidRegisterStep.java:19)
	at com.qmetry.qaf.automation.step.JavaStep.doExecute(JavaStep.java:153)
	at com.qmetry.qaf.automation.step.BaseTestStep.execute(BaseTestStep.java:149)
	at com.qmetry.qaf.automation.step.StringTestStep.execute(StringTestStep.java:134)
	at com.qmetry.qaf.automation.step.client.Scenario.execute(Scenario.java:180)
	at com.qmetry.qaf.automation.step.client.DataDrivenScenario.scenario(DataDrivenScenario.java:69)
	at org.apache.maven.surefire.testng.TestNGExecutor.run(TestNGExecutor.java:122)
	at org.apache.maven.surefire.testng.TestNGXmlTestSuite.execute(TestNGXmlTestSuite.java:92)
	at org.apache.maven.surefire.testng.TestNGProvider.invoke(TestNGProvider.java:101)
	at org.apache.maven.surefire.util.ReflectionUtils.invokeMethodWithArray(ReflectionUtils.java:164)
	at org.apache.maven.surefire.booter.ProviderFactory$ProviderProxy.invoke(ProviderFactory.java:110)
	at org.apache.maven.surefire.booter.SurefireStarter.invokeProvider(SurefireStarter.java:172)
	at org.apache.maven.surefire.booter.SurefireStarter.runSuitesInProcessWhenForked(SurefireStarter.java:104)
	at org.apache.maven.surefire.booter.ForkedBooter.main(ForkedBooter.java:70)
]]>
            </full-stacktrace>
          </exception> <!-- java.lang.IllegalArgumentException -->
          <reporter-output>
            <line>
              <![CDATA[<div style="display:block;margin-left:10px;"><div  class="teststeppass"><span class="teststeppass-label">T </span>Given User register</div><div style="display:block;margin-left:10px;"><div  class="teststeppass"><span class="teststeppass-label">T </span>get '/'</div></div><div  class="teststeppass"><span class="teststeppass-label">T </span>When click on register button</div><div style="display:block;margin-left:10px;"><div  class="teststeppass"><span class="teststeppass-label">T </span>click on 'register.register.link'</div></div><div  class="teststepfail"><span class="teststepfail-label">T </span>And User enter with firstname '${fname}' and lastname '${lname}' and phone '9000015456' and email 'mohanreddy@gmail.com' and address '${address}' <a href="../img/NewTourRegister_lnquuqynb6zd32345.png" target="_blank">[View Screenshot]</a> </div><div style="display:block;margin-left:10px;"><div  class="teststepfail"><span class="teststepfail-label">T </span>sendKeys 'null' into 'register.firstname.text'</div><div style="display:block;margin-left:10px;"><div  class="fail"><span class="fail-label">F </span>java.lang.IllegalArgumentException: Keys to send should be a not null CharSequence</div></div><div  class="fail"><span class="fail-label">F </span>Keys to send should be a not null CharSequence</div></div><div  class="teststep"><span class="teststep-label">T </span>Then User click on continue button</div><div  class="teststep"><span class="teststep-label">T </span>Then user register successfully</div></div>]]>
            </line>
          </reporter-output>
        </test-method> <!-- New tour register -->
        <test-method status="PASS" signature="afterMethod(org.testng.ITestContext, org.testng.ITestResult)[pri:0, instance:com.qmetry.qaf.automation.step.client.DataDrivenScenario@3e8]" test-instance-name="New tour register" name="afterMethod" is-config="true" duration-ms="1" started-at="2019-10-25T15:39:40Z" finished-at="2019-10-25T15:39:40Z">
          <params>
            <param index="0">
              <value>
                <![CDATA[org.testng.TestRunner@525f1e4e]]>
              </value>
            </param>
            <param index="1">
              <value>
                <![CDATA[[TestResult name=New tour register status=FAILURE method=resources.scenarios.RegisterCSV.bdd.New tour register( java.util.Map)[pri:1000, instance:com.qmetry.qaf.automation.step.client.DataDrivenScenario@3e8] output=<div style="display:block;margin-left:10px;"><div  class="teststeppass"><span class="teststeppass-label">T </span>Given User register</div><div style="display:block;margin-left:10px;"><div  class="teststeppass"><span class="teststeppass-label">T </span>get '/'</div></div><div  class="teststeppass"><span class="teststeppass-label">T </span>When click on register button</div><div style="display:block;margin-left:10px;"><div  class="teststeppass"><span class="teststeppass-label">T </span>click on 'register.register.link'</div></div><div  class="teststepfail"><span class="teststepfail-label">T </span>And User enter with firstname '${fname}' and lastname '${lname}' and phone '9000015456' and email 'mohanreddy@gmail.com' and address '${address}' <a href="../img/NewTourRegister_lnquuqynb6zd32345.png" target="_blank">[View Screenshot]</a> </div><div style="display:block;margin-left:10px;"><div  class="teststepfail"><span class="teststepfail-label">T </span>sendKeys 'null' into 'register.firstname.text'</div><div style="display:block;margin-left:10px;"><div  class="fail"><span class="fail-label">F </span>java.lang.IllegalArgumentException: Keys to send should be a not null CharSequence</div></div><div  class="fail"><span class="fail-label">F </span>Keys to send should be a not null CharSequence</div></div><div  class="teststep"><span class="teststep-label">T </span>Then User click on continue button</div><div  class="teststep"><span class="teststep-label">T </span>Then user register successfully</div></div>]]]>
              </value>
            </param>
          </params>
          <reporter-output>
          </reporter-output>
        </test-method> <!-- afterMethod -->
        <test-method status="PASS" signature="setupMethod(java.lang.reflect.Method, org.testng.ITestContext)[pri:0, instance:com.qmetry.qaf.automation.step.client.DataDrivenScenario@3e8]" test-instance-name="New tour register" name="setupMethod" is-config="true" duration-ms="1" started-at="2019-10-25T15:39:40Z" finished-at="2019-10-25T15:39:40Z">
          <params>
            <param index="0">
              <value>
                <![CDATA[public void com.qmetry.qaf.automation.step.client.DataDrivenScenario.scenario(java.util.Map)]]>
              </value>
            </param>
            <param index="1">
              <value>
                <![CDATA[org.testng.TestRunner@525f1e4e]]>
              </value>
            </param>
          </params>
          <reporter-output>
          </reporter-output>
        </test-method> <!-- setupMethod -->
        <test-method status="FAIL" signature="New tour register( java.util.Map)[pri:1000, instance:com.qmetry.qaf.automation.step.client.DataDrivenScenario@3e8]" test-instance-name="New tour register" name="New tour register" duration-ms="2247" started-at="2019-10-25T15:39:40Z" description="use valid details and fill the registration form" finished-at="2019-10-25T15:39:42Z">
          <params>
            <param index="0">
              <value>
                <![CDATA[{fname	lname	phone	email	address=fjhvgdskj	fhjbd	5456	dnfmd@gmail.com	dhfjkdsa, __index=2}]]>
              </value>
            </param>
          </params>
          <exception class="java.lang.IllegalArgumentException">
            <message>
              <![CDATA[Keys to send should be a not null CharSequence]]>
            </message>
            <full-stacktrace>
              <![CDATA[java.lang.IllegalArgumentException: Keys to send should be a not null CharSequence
	at .And User enter with firstname '${fname}' and lastname '${lname}' and phone '${phone}' and email '${email}' and address '${address}'(resources/scenarios/RegisterCSV.bdd:5)
	at org.openqa.selenium.remote.RemoteWebElement.sendKeys(RemoteWebElement.java:97)
	at com.qmetry.qaf.automation.step.CommonStep.sendKeys_aroundBody6(CommonStep.java:119)
	at com.qmetry.qaf.automation.step.JavaStepReporter$MockJavaStep.doExecute(JavaStepReporter.java:138)
	at com.qmetry.qaf.automation.step.BaseTestStep.execute(BaseTestStep.java:149)
	at com.qmetry.qaf.automation.step.JavaStepReporter.javaTestStep(JavaStepReporter.java:88)
	at com.qmetry.qaf.automation.step.CommonStep.sendKeys(CommonStep.java:118)
	at com.newtour.steps.InvalidRegisterStep.register_aroundBody4(InvalidRegisterStep.java:21)
	at com.qmetry.qaf.automation.step.JavaStepReporter.javaTestStep(JavaStepReporter.java:101)
	at com.newtour.steps.InvalidRegisterStep.register(InvalidRegisterStep.java:19)
	at com.qmetry.qaf.automation.step.JavaStep.doExecute(JavaStep.java:153)
	at com.qmetry.qaf.automation.step.BaseTestStep.execute(BaseTestStep.java:149)
	at com.qmetry.qaf.automation.step.StringTestStep.execute(StringTestStep.java:134)
	at com.qmetry.qaf.automation.step.client.Scenario.execute(Scenario.java:180)
	at com.qmetry.qaf.automation.step.client.DataDrivenScenario.scenario(DataDrivenScenario.java:69)
	at org.apache.maven.surefire.testng.TestNGExecutor.run(TestNGExecutor.java:122)
	at org.apache.maven.surefire.testng.TestNGXmlTestSuite.execute(TestNGXmlTestSuite.java:92)
	at org.apache.maven.surefire.testng.TestNGProvider.invoke(TestNGProvider.java:101)
	at org.apache.maven.surefire.util.ReflectionUtils.invokeMethodWithArray(ReflectionUtils.java:164)
	at org.apache.maven.surefire.booter.ProviderFactory$ProviderProxy.invoke(ProviderFactory.java:110)
	at org.apache.maven.surefire.booter.SurefireStarter.invokeProvider(SurefireStarter.java:172)
	at org.apache.maven.surefire.booter.SurefireStarter.runSuitesInProcessWhenForked(SurefireStarter.java:104)
	at org.apache.maven.surefire.booter.ForkedBooter.main(ForkedBooter.java:70)
]]>
            </full-stacktrace>
          </exception> <!-- java.lang.IllegalArgumentException -->
          <reporter-output>
            <line>
              <![CDATA[<div style="display:block;margin-left:10px;"><div  class="teststeppass"><span class="teststeppass-label">T </span>Given User register</div><div style="display:block;margin-left:10px;"><div  class="teststeppass"><span class="teststeppass-label">T </span>get '/'</div></div><div  class="teststeppass"><span class="teststeppass-label">T </span>When click on register button</div><div style="display:block;margin-left:10px;"><div  class="teststeppass"><span class="teststeppass-label">T </span>click on 'register.register.link'</div></div><div  class="teststepfail"><span class="teststepfail-label">T </span>And User enter with firstname '${fname}' and lastname '${lname}' and phone '9000015456' and email 'mohanreddy@gmail.com' and address '${address}' <a href="../img/NewTourRegister_pb189midwwau32346.png" target="_blank">[View Screenshot]</a> </div><div style="display:block;margin-left:10px;"><div  class="teststepfail"><span class="teststepfail-label">T </span>sendKeys 'null' into 'register.firstname.text'</div><div style="display:block;margin-left:10px;"><div  class="fail"><span class="fail-label">F </span>java.lang.IllegalArgumentException: Keys to send should be a not null CharSequence</div></div><div  class="fail"><span class="fail-label">F </span>Keys to send should be a not null CharSequence</div></div><div  class="teststep"><span class="teststep-label">T </span>Then User click on continue button</div><div  class="teststep"><span class="teststep-label">T </span>Then user register successfully</div></div>]]>
            </line>
          </reporter-output>
        </test-method> <!-- New tour register -->
        <test-method status="PASS" signature="afterMethod(org.testng.ITestContext, org.testng.ITestResult)[pri:0, instance:com.qmetry.qaf.automation.step.client.DataDrivenScenario@3e8]" test-instance-name="New tour register" name="afterMethod" is-config="true" duration-ms="1" started-at="2019-10-25T15:39:43Z" finished-at="2019-10-25T15:39:43Z">
          <params>
            <param index="0">
              <value>
                <![CDATA[org.testng.TestRunner@525f1e4e]]>
              </value>
            </param>
            <param index="1">
              <value>
                <![CDATA[[TestResult name=New tour register status=FAILURE method=resources.scenarios.RegisterCSV.bdd.New tour register( java.util.Map)[pri:1000, instance:com.qmetry.qaf.automation.step.client.DataDrivenScenario@3e8] output=<div style="display:block;margin-left:10px;"><div  class="teststeppass"><span class="teststeppass-label">T </span>Given User register</div><div style="display:block;margin-left:10px;"><div  class="teststeppass"><span class="teststeppass-label">T </span>get '/'</div></div><div  class="teststeppass"><span class="teststeppass-label">T </span>When click on register button</div><div style="display:block;margin-left:10px;"><div  class="teststeppass"><span class="teststeppass-label">T </span>click on 'register.register.link'</div></div><div  class="teststepfail"><span class="teststepfail-label">T </span>And User enter with firstname '${fname}' and lastname '${lname}' and phone '9000015456' and email 'mohanreddy@gmail.com' and address '${address}' <a href="../img/NewTourRegister_pb189midwwau32346.png" target="_blank">[View Screenshot]</a> </div><div style="display:block;margin-left:10px;"><div  class="teststepfail"><span class="teststepfail-label">T </span>sendKeys 'null' into 'register.firstname.text'</div><div style="display:block;margin-left:10px;"><div  class="fail"><span class="fail-label">F </span>java.lang.IllegalArgumentException: Keys to send should be a not null CharSequence</div></div><div  class="fail"><span class="fail-label">F </span>Keys to send should be a not null CharSequence</div></div><div  class="teststep"><span class="teststep-label">T </span>Then User click on continue button</div><div  class="teststep"><span class="teststep-label">T </span>Then user register successfully</div></div>]]]>
              </value>
            </param>
          </params>
          <reporter-output>
          </reporter-output>
        </test-method> <!-- afterMethod -->
        <test-method status="PASS" signature="afterClass(org.testng.ITestContext)[pri:0, instance:com.qmetry.qaf.automation.step.client.DataDrivenScenario@3e8]" test-instance-name="New tour register" name="afterClass" is-config="true" duration-ms="1" started-at="2019-10-25T15:39:43Z" finished-at="2019-10-25T15:39:43Z">
          <params>
            <param index="0">
              <value>
                <![CDATA[org.testng.TestRunner@525f1e4e]]>
              </value>
            </param>
          </params>
          <reporter-output>
          </reporter-output>
        </test-method> <!-- afterClass -->
        <test-method status="PASS" signature="afterTest(org.testng.ITestContext)[pri:0, instance:com.qmetry.qaf.automation.step.client.DataDrivenScenario@3e8]" test-instance-name="New tour register" name="afterTest" is-config="true" duration-ms="118" started-at="2019-10-25T15:39:43Z" finished-at="2019-10-25T15:39:43Z">
          <params>
            <param index="0">
              <value>
                <![CDATA[org.testng.TestRunner@525f1e4e]]>
              </value>
            </param>
          </params>
          <reporter-output>
          </reporter-output>
        </test-method> <!-- afterTest -->
        <test-method status="PASS" signature="afterSuit(org.testng.ITestContext)[pri:0, instance:com.qmetry.qaf.automation.step.client.DataDrivenScenario@3e8]" test-instance-name="New tour register" name="afterSuit" is-config="true" duration-ms="1" started-at="2019-10-25T15:39:43Z" finished-at="2019-10-25T15:39:43Z">
          <params>
            <param index="0">
              <value>
                <![CDATA[org.testng.TestRunner@525f1e4e]]>
              </value>
            </param>
          </params>
          <reporter-output>
          </reporter-output>
        </test-method> <!-- afterSuit -->
      </class> <!-- com.qmetry.qaf.automation.step.client.DataDrivenScenario -->
    </test> <!-- BDD Test -->
  </suite> <!-- QAF BDD -->
</testng-results>
