<!DOCTYPE html PUBLIC "-//W3C//DTD XHTML 1.1//EN" "http://www.w3.org/TR/xhtml11/DTD/xhtml11.dtd">
<html xmlns="http://www.w3.org/1999/xhtml"><head><title>TestNG Report</title><style type="text/css">table {margin-bottom:10px;border-collapse:collapse;empty-cells:show}th,td {border:1px solid #009;padding:.25em .5em}th {vertical-align:bottom}td {vertical-align:top}table a {font-weight:bold}.stripe td {background-color: #E6EBF9}.num {text-align:right}.passedodd td {background-color: #3F3}.passedeven td {background-color: #0A0}.skippedodd td {background-color: #DDD}.skippedeven td {background-color: #CCC}.failedodd td,.attn {background-color: #F33}.failedeven td,.stripe .attn {background-color: #D00}.stacktrace {white-space:pre;font-family:monospace}.totop {font-size:85%;text-align:center;border-bottom:2px solid #000}</style></head><body><table><tr><th>Test</th><th># Passed</th><th># Skipped</th><th># Failed</th><th>Time (ms)</th><th>Included Groups</th><th>Excluded Groups</th></tr><tr><th colspan="7">QAF BDD</th></tr><tr><td><a href="#t0">BDD Test</a></td><td class="num">0</td><td class="num">0</td><td class="num attn">1</td><td class="num">24,624</td><td></td><td></td></tr></table><table><thead><tr><th>Class</th><th>Method</th><th>Start</th><th>Time (ms)</th></tr></thead><tbody><tr><th colspan="4">QAF BDD</th></tr></tbody><tbody id="t0"><tr><th colspan="4">BDD Test &#8212; failed</th></tr><tr class="failedeven"><td rowspan="1">com.qmetry.qaf.automation.step.client.DataDrivenScenario</td><td><a href="#m0">user is able to enter all the data on find a flight page successfully</a></td><td rowspan="1">1571828546281</td><td rowspan="1">18446</td></tr></tbody></table><h2>BDD Test</h2><h3 id="m0">com.qmetry.qaf.automation.step.client.DataDrivenScenario#user is able to enter all the data on find a flight page successfully</h3><table class="result"><tr class="param"><th>Parameter #1</th></tr><tr class="param stripe"><td>{file.encoding.pkg=sun.io, file.encoding=Cp1252, file.separator=\, user.country=US, user.script=null, user.dir=D:\OnbordingProject\Project\Selenium, user.variant=null, user.home=C:\Users\mohanreddy.p, user.timezone=Asia/Calcutta, user.name=Mohan.Reddy, user.language=en, selenium.screenshots.relative.path=../img, selenium.screenshots.dir=test-results/23_Oct_2019_11_02_AM/img, basedir=D:\OnbordingProject\Project\Selenium, os.arch=amd64, os.name=Windows 10, os.version=10.0, surefire.real.class.path=D:\OnbordingProject\Project\Selenium\test-results\surefire\surefirebooter1538040912470143236.jar, surefire.test.class.path=D:\OnbordingProject\Project\Selenium\target\test-classes, line.separator=
, log4j.configuration=file:///D:\OnbordingProject\Project\Selenium/resources/log4j.properties, org.uncommons.reportng.xml-dialect=testng, org.uncommons.reportng.escape-output=false, json.report.dir=test-results/23_Oct_2019_11_02_AM/json, json.report.root.dir=test-results, test.results.dir=test-results/23_Oct_2019_11_02_AM/html, awt.toolkit=sun.awt.windows.WToolkit, webdriver.chrome.driver=./resources/drivers/chromedriver.exe, outputDir=test-results/23_Oct_2019_11_02_AM, localRepository=C:\Users\mohanreddy.p\.m2\repository, __index=1}</td></tr><tr><th>Messages</th></tr><tr><td><div class="messages"><div style="display:block;margin-left:10px;"><div  class="teststeppass"><span class="teststeppass-label">T </span>Given user open new tour application</div><div style="display:block;margin-left:10px;"><div  class="teststeppass"><span class="teststeppass-label">T </span>get '/'</div></div><div  class="teststepfail"><span class="teststepfail-label">T </span>When  user login with valid 'guest' and valid 'guest'</div><div style="display:block;margin-left:10px;"><div  class="teststepfail"><span class="teststepfail-label">T </span>wait until 'signin.username.text' to be present</div><div style="display:block;margin-left:10px;"><div  class="fail"><span class="fail-label">F </span>org.openqa.selenium.TimeoutException: Timed out after 3 seconds: Wait time out for By.xpath: //input[@name='userName'] to be present
Build info: version: '3.141.59', revision: 'e82be7d358', time: '2018-11-14T08:17:03'
System info: host: 'ICPL13076', ip: '10.11.24.4', os.name: 'Windows 10', os.arch: 'amd64', os.version: '10.0', java.version: '1.8.0_201'
Driver info: driver.version: unknown</div></div><div  class="fail"><span class="fail-label">F </span>Timed out after 3 seconds: Wait time out for By.xpath: //input[@name='userName'] to be present
Build info: version: '3.141.59', revision: 'e82be7d358', time: '2018-11-14T08:17:03'
System info: host: 'ICPL13076', ip: '10.11.24.4', os.name: 'Windows 10', os.arch: 'amd64', os.version: '10.0', java.version: '1.8.0_201'
Driver info: driver.version: unknown</div></div><div  class="teststep"><span class="teststep-label">T </span>And click on signin button</div><div  class="teststep"><span class="teststep-label">T </span>When enter all the data in find a flight page type '${data.flightFinder.user.tripType}' and passengers '${data.flightFinder.user.passengers}' and DepartingFrom '${data.flightFinder.user.departing}' and on '${data.flightFinder.user.fromDay}' and Arrivingin '${data.flightFinder.user.arriving}' and return '${data.flightFinder.user.returningDay}'</div><div  class="teststep"><span class="teststep-label">T </span>And click continue button</div><div  class="teststep"><span class="teststep-label">T </span>And click on reserveflight button</div><div  class="teststep"><span class="teststep-label">T </span>And  click on secureparchase button</div><div  class="teststep"><span class="teststep-label">T </span>Then verify user is entering all the values successfully</div></div></div></td></tr><tr><th>Exception</th></tr><tr><td><div class="stacktrace">org.openqa.selenium.TimeoutException: Timed out after 3 seconds: Wait time out for By.xpath: //input[@name=&apos;userName&apos;] to be present
Build info: version: &apos;3.141.59&apos;, revision: &apos;e82be7d358&apos;, time: &apos;2018-11-14T08:17:03&apos;
System info: host: &apos;ICPL13076&apos;, ip: &apos;10.11.24.4&apos;, os.name: &apos;Windows 10&apos;, os.arch: &apos;amd64&apos;, os.version: &apos;10.0&apos;, java.version: &apos;1.8.0_201&apos;
Driver info: driver.version: unknown
	at .When  user login with valid &apos;${signin.data.username}&apos; and valid &apos;${signin.data.password}&apos;(resources/scenarios/FindAFlight.bdd:4)
	at com.qmetry.qaf.automation.ui.util.DynamicWait.until(DynamicWait.java:170)
	at com.qmetry.qaf.automation.ui.webdriver.QAFExtendedWebElement.waitForPresent(QAFExtendedWebElement.java:559)
	at com.qmetry.qaf.automation.step.CommonStep.waitForPresent_aroundBody50(CommonStep.java:643)
	at com.qmetry.qaf.automation.step.JavaStepReporter$MockJavaStep.doExecute(JavaStepReporter.java:138)
	at com.qmetry.qaf.automation.step.BaseTestStep.execute(BaseTestStep.java:149)
	at com.qmetry.qaf.automation.step.JavaStepReporter.javaTestStep(JavaStepReporter.java:88)
	at com.qmetry.qaf.automation.step.CommonStep.waitForPresent(CommonStep.java:642)
	at com.newtour.steps.LoginBDDSteps.doLogin_aroundBody2(LoginBDDSteps.java:15)
	at com.qmetry.qaf.automation.step.JavaStepReporter.javaTestStep(JavaStepReporter.java:101)
	at com.newtour.steps.LoginBDDSteps.doLogin(LoginBDDSteps.java:13)
	at com.qmetry.qaf.automation.step.JavaStep.doExecute(JavaStep.java:153)
	at com.qmetry.qaf.automation.step.BaseTestStep.execute(BaseTestStep.java:149)
	at com.qmetry.qaf.automation.step.StringTestStep.execute(StringTestStep.java:134)
	at com.qmetry.qaf.automation.step.client.Scenario.execute(Scenario.java:180)
	at com.qmetry.qaf.automation.step.client.DataDrivenScenario.scenario(DataDrivenScenario.java:69)
... Removed 8 stack frames</div></td></tr></table><p class="totop"><a href="#summary">back to summary</a></p></body></html>