<?xml version="1.0" encoding="UTF-8"?>
<testng-results skipped="0" failed="1" ignored="1" total="2" passed="0">
  <reporter-output>
    <line>
      <![CDATA[<div style="display:block;margin-left:10px;"><div  class="teststeppass"><span class="teststeppass-label">T </span>Given user open new tour application</div><div style="display:block;margin-left:10px;"><div  class="teststeppass"><span class="teststeppass-label">T </span>get '/'</div></div><div  class="teststepfail"><span class="teststepfail-label">T </span>When  user login with valid 'guest' and valid 'guest'</div><div style="display:block;margin-left:10px;"><div  class="teststepfail"><span class="teststepfail-label">T </span>wait until 'signin.username.text' to be present</div><div style="display:block;margin-left:10px;"><div  class="fail"><span class="fail-label">F </span>org.openqa.selenium.TimeoutException: Timed out after 3 seconds: Wait time out for By.xpath: //input[@name='userName'] to be present
Build info: version: '3.141.59', revision: 'e82be7d358', time: '2018-11-14T08:17:03'
System info: host: 'ICPL13076', ip: '10.11.24.4', os.name: 'Windows 10', os.arch: 'amd64', os.version: '10.0', java.version: '1.8.0_201'
Driver info: driver.version: unknown</div></div><div  class="fail"><span class="fail-label">F </span>Timed out after 3 seconds: Wait time out for By.xpath: //input[@name='userName'] to be present
Build info: version: '3.141.59', revision: 'e82be7d358', time: '2018-11-14T08:17:03'
System info: host: 'ICPL13076', ip: '10.11.24.4', os.name: 'Windows 10', os.arch: 'amd64', os.version: '10.0', java.version: '1.8.0_201'
Driver info: driver.version: unknown</div></div><div  class="teststep"><span class="teststep-label">T </span>And click on signin button</div><div  class="teststep"><span class="teststep-label">T </span>When enter all the data in find a flight page type '${data.flightFinder.user.tripType}' and passengers '${data.flightFinder.user.passengers}' and DepartingFrom '${data.flightFinder.user.departing}' and on '${data.flightFinder.user.fromDay}' and Arrivingin '${data.flightFinder.user.arriving}' and return '${data.flightFinder.user.returningDay}'</div><div  class="teststep"><span class="teststep-label">T </span>And click continue button</div><div  class="teststep"><span class="teststep-label">T </span>And click on reserveflight button</div><div  class="teststep"><span class="teststep-label">T </span>And  click on secureparchase button</div><div  class="teststep"><span class="teststep-label">T </span>Then verify user is entering all the values successfully</div></div>]]>
    </line>
  </reporter-output>
  <suite name="QAF BDD" duration-ms="24624" started-at="2019-10-23T11:02:26Z" finished-at="2019-10-23T11:02:50Z">
    <groups>
    </groups>
    <test name="BDD Test" duration-ms="24624" started-at="2019-10-23T11:02:26Z" finished-at="2019-10-23T11:02:50Z">
      <class name="com.qmetry.qaf.automation.step.client.DataDrivenScenario">
        <test-method status="PASS" signature="setupSuit(org.testng.ITestContext)[pri:0, instance:com.qmetry.qaf.automation.step.client.DataDrivenScenario@3e8]" test-instance-name="user is able to enter all the data on find a flight page successfully" name="setupSuit" is-config="true" duration-ms="25" started-at="2019-10-23T16:32:26Z" finished-at="2019-10-23T16:32:26Z">
          <params>
            <param index="0">
              <value>
                <![CDATA[org.testng.TestRunner@525f1e4e]]>
              </value>
            </param>
          </params>
          <reporter-output>
          </reporter-output>
        </test-method> <!-- setupSuit -->
        <test-method status="PASS" signature="setupTest(org.testng.ITestContext)[pri:0, instance:com.qmetry.qaf.automation.step.client.DataDrivenScenario@3e8]" test-instance-name="user is able to enter all the data on find a flight page successfully" name="setupTest" is-config="true" duration-ms="1" started-at="2019-10-23T16:32:26Z" finished-at="2019-10-23T16:32:26Z">
          <params>
            <param index="0">
              <value>
                <![CDATA[org.testng.TestRunner@525f1e4e]]>
              </value>
            </param>
          </params>
          <reporter-output>
          </reporter-output>
        </test-method> <!-- setupTest -->
        <test-method status="PASS" signature="setup(org.testng.ITestContext)[pri:0, instance:com.qmetry.qaf.automation.step.client.DataDrivenScenario@3e8]" test-instance-name="user is able to enter all the data on find a flight page successfully" name="setup" is-config="true" duration-ms="0" started-at="2019-10-23T16:32:26Z" finished-at="2019-10-23T16:32:26Z">
          <params>
            <param index="0">
              <value>
                <![CDATA[org.testng.TestRunner@525f1e4e]]>
              </value>
            </param>
          </params>
          <reporter-output>
          </reporter-output>
        </test-method> <!-- setup -->
        <test-method status="PASS" signature="setupMethod(java.lang.reflect.Method, org.testng.ITestContext)[pri:0, instance:com.qmetry.qaf.automation.step.client.DataDrivenScenario@3e8]" test-instance-name="user is able to enter all the data on find a flight page successfully" name="setupMethod" is-config="true" duration-ms="2" started-at="2019-10-23T16:32:26Z" finished-at="2019-10-23T16:32:26Z">
          <params>
            <param index="0">
              <value>
                <![CDATA[public void com.qmetry.qaf.automation.step.client.DataDrivenScenario.scenario(java.util.Map)]]>
              </value>
            </param>
            <param index="1">
              <value>
                <![CDATA[org.testng.TestRunner@525f1e4e]]>
              </value>
            </param>
          </params>
          <reporter-output>
          </reporter-output>
        </test-method> <!-- setupMethod -->
        <test-method status="FAIL" signature="user is able to enter all the data on find a flight page successfully( java.util.Map)[pri:1000, instance:com.qmetry.qaf.automation.step.client.DataDrivenScenario@3e8]" test-instance-name="user is able to enter all the data on find a flight page successfully" name="user is able to enter all the data on find a flight page successfully" duration-ms="18446" started-at="2019-10-23T16:32:26Z" description="enter data on find a flight page " finished-at="2019-10-23T16:32:44Z">
          <params>
            <param index="0">
              <value>
                <![CDATA[{file.encoding.pkg=sun.io, file.encoding=Cp1252, file.separator=\, user.country=US, user.script=null, user.dir=D:\OnbordingProject\Project\Selenium, user.variant=null, user.home=C:\Users\mohanreddy.p, user.timezone=Asia/Calcutta, user.name=Mohan.Reddy, user.language=en, selenium.screenshots.relative.path=../img, selenium.screenshots.dir=test-results/23_Oct_2019_11_02_AM/img, basedir=D:\OnbordingProject\Project\Selenium, os.arch=amd64, os.name=Windows 10, os.version=10.0, surefire.real.class.path=D:\OnbordingProject\Project\Selenium\test-results\surefire\surefirebooter1538040912470143236.jar, surefire.test.class.path=D:\OnbordingProject\Project\Selenium\target\test-classes, line.separator=
, log4j.configuration=file:///D:\OnbordingProject\Project\Selenium/resources/log4j.properties, org.uncommons.reportng.xml-dialect=testng, org.uncommons.reportng.escape-output=false, json.report.dir=test-results/23_Oct_2019_11_02_AM/json, json.report.root.dir=test-results, test.results.dir=test-results/23_Oct_2019_11_02_AM/html, awt.toolkit=sun.awt.windows.WToolkit, webdriver.chrome.driver=./resources/drivers/chromedriver.exe, outputDir=test-results/23_Oct_2019_11_02_AM, localRepository=C:\Users\mohanreddy.p\.m2\repository, __index=1}]]>
              </value>
            </param>
          </params>
          <exception class="org.openqa.selenium.TimeoutException">
            <message>
              <![CDATA[Timed out after 3 seconds: Wait time out for By.xpath: //input[@name='userName'] to be present
Build info: version: '3.141.59', revision: 'e82be7d358', time: '2018-11-14T08:17:03'
System info: host: 'ICPL13076', ip: '10.11.24.4', os.name: 'Windows 10', os.arch: 'amd64', os.version: '10.0', java.version: '1.8.0_201'
Driver info: driver.version: unknown]]>
            </message>
            <full-stacktrace>
              <![CDATA[org.openqa.selenium.TimeoutException: Timed out after 3 seconds: Wait time out for By.xpath: //input[@name='userName'] to be present
Build info: version: '3.141.59', revision: 'e82be7d358', time: '2018-11-14T08:17:03'
System info: host: 'ICPL13076', ip: '10.11.24.4', os.name: 'Windows 10', os.arch: 'amd64', os.version: '10.0', java.version: '1.8.0_201'
Driver info: driver.version: unknown
	at .When  user login with valid '${signin.data.username}' and valid '${signin.data.password}'(resources/scenarios/FindAFlight.bdd:4)
	at com.qmetry.qaf.automation.ui.util.DynamicWait.until(DynamicWait.java:170)
	at com.qmetry.qaf.automation.ui.webdriver.QAFExtendedWebElement.waitForPresent(QAFExtendedWebElement.java:559)
	at com.qmetry.qaf.automation.step.CommonStep.waitForPresent_aroundBody50(CommonStep.java:643)
	at com.qmetry.qaf.automation.step.JavaStepReporter$MockJavaStep.doExecute(JavaStepReporter.java:138)
	at com.qmetry.qaf.automation.step.BaseTestStep.execute(BaseTestStep.java:149)
	at com.qmetry.qaf.automation.step.JavaStepReporter.javaTestStep(JavaStepReporter.java:88)
	at com.qmetry.qaf.automation.step.CommonStep.waitForPresent(CommonStep.java:642)
	at com.newtour.steps.LoginBDDSteps.doLogin_aroundBody2(LoginBDDSteps.java:15)
	at com.qmetry.qaf.automation.step.JavaStepReporter.javaTestStep(JavaStepReporter.java:101)
	at com.newtour.steps.LoginBDDSteps.doLogin(LoginBDDSteps.java:13)
	at com.qmetry.qaf.automation.step.JavaStep.doExecute(JavaStep.java:153)
	at com.qmetry.qaf.automation.step.BaseTestStep.execute(BaseTestStep.java:149)
	at com.qmetry.qaf.automation.step.StringTestStep.execute(StringTestStep.java:134)
	at com.qmetry.qaf.automation.step.client.Scenario.execute(Scenario.java:180)
	at com.qmetry.qaf.automation.step.client.DataDrivenScenario.scenario(DataDrivenScenario.java:69)
	at org.apache.maven.surefire.testng.TestNGExecutor.run(TestNGExecutor.java:122)
	at org.apache.maven.surefire.testng.TestNGXmlTestSuite.execute(TestNGXmlTestSuite.java:92)
	at org.apache.maven.surefire.testng.TestNGProvider.invoke(TestNGProvider.java:101)
	at org.apache.maven.surefire.util.ReflectionUtils.invokeMethodWithArray(ReflectionUtils.java:164)
	at org.apache.maven.surefire.booter.ProviderFactory$ProviderProxy.invoke(ProviderFactory.java:110)
	at org.apache.maven.surefire.booter.SurefireStarter.invokeProvider(SurefireStarter.java:172)
	at org.apache.maven.surefire.booter.SurefireStarter.runSuitesInProcessWhenForked(SurefireStarter.java:104)
	at org.apache.maven.surefire.booter.ForkedBooter.main(ForkedBooter.java:70)
]]>
            </full-stacktrace>
          </exception> <!-- org.openqa.selenium.TimeoutException -->
          <reporter-output>
            <line>
              <![CDATA[<div style="display:block;margin-left:10px;"><div  class="teststeppass"><span class="teststeppass-label">T </span>Given user open new tour application</div><div style="display:block;margin-left:10px;"><div  class="teststeppass"><span class="teststeppass-label">T </span>get '/'</div></div><div  class="teststepfail"><span class="teststepfail-label">T </span>When  user login with valid 'guest' and valid 'guest'</div><div style="display:block;margin-left:10px;"><div  class="teststepfail"><span class="teststepfail-label">T </span>wait until 'signin.username.text' to be present</div><div style="display:block;margin-left:10px;"><div  class="fail"><span class="fail-label">F </span>org.openqa.selenium.TimeoutException: Timed out after 3 seconds: Wait time out for By.xpath: //input[@name='userName'] to be present
Build info: version: '3.141.59', revision: 'e82be7d358', time: '2018-11-14T08:17:03'
System info: host: 'ICPL13076', ip: '10.11.24.4', os.name: 'Windows 10', os.arch: 'amd64', os.version: '10.0', java.version: '1.8.0_201'
Driver info: driver.version: unknown</div></div><div  class="fail"><span class="fail-label">F </span>Timed out after 3 seconds: Wait time out for By.xpath: //input[@name='userName'] to be present
Build info: version: '3.141.59', revision: 'e82be7d358', time: '2018-11-14T08:17:03'
System info: host: 'ICPL13076', ip: '10.11.24.4', os.name: 'Windows 10', os.arch: 'amd64', os.version: '10.0', java.version: '1.8.0_201'
Driver info: driver.version: unknown</div></div><div  class="teststep"><span class="teststep-label">T </span>And click on signin button</div><div  class="teststep"><span class="teststep-label">T </span>When enter all the data in find a flight page type '${data.flightFinder.user.tripType}' and passengers '${data.flightFinder.user.passengers}' and DepartingFrom '${data.flightFinder.user.departing}' and on '${data.flightFinder.user.fromDay}' and Arrivingin '${data.flightFinder.user.arriving}' and return '${data.flightFinder.user.returningDay}'</div><div  class="teststep"><span class="teststep-label">T </span>And click continue button</div><div  class="teststep"><span class="teststep-label">T </span>And click on reserveflight button</div><div  class="teststep"><span class="teststep-label">T </span>And  click on secureparchase button</div><div  class="teststep"><span class="teststep-label">T </span>Then verify user is entering all the values successfully</div></div>]]>
            </line>
          </reporter-output>
        </test-method> <!-- user is able to enter all the data on find a flight page successfully -->
        <test-method status="PASS" signature="afterMethod(org.testng.ITestContext, org.testng.ITestResult)[pri:0, instance:com.qmetry.qaf.automation.step.client.DataDrivenScenario@3e8]" test-instance-name="user is able to enter all the data on find a flight page successfully" name="afterMethod" is-config="true" duration-ms="1" started-at="2019-10-23T16:32:50Z" finished-at="2019-10-23T16:32:50Z">
          <params>
            <param index="0">
              <value>
                <![CDATA[org.testng.TestRunner@525f1e4e]]>
              </value>
            </param>
            <param index="1">
              <value>
                <![CDATA[[TestResult name=user is able to enter all the data on find a flight page successfully status=FAILURE method=resources.scenarios.FindAFlight.bdd.user is able to enter all the data on find a flight page successfully( java.util.Map)[pri:1000, instance:com.qmetry.qaf.automation.step.client.DataDrivenScenario@3e8] output=<div style="display:block;margin-left:10px;"><div  class="teststeppass"><span class="teststeppass-label">T </span>Given user open new tour application</div><div style="display:block;margin-left:10px;"><div  class="teststeppass"><span class="teststeppass-label">T </span>get '/'</div></div><div  class="teststepfail"><span class="teststepfail-label">T </span>When  user login with valid 'guest' and valid 'guest'</div><div style="display:block;margin-left:10px;"><div  class="teststepfail"><span class="teststepfail-label">T </span>wait until 'signin.username.text' to be present</div><div style="display:block;margin-left:10px;"><div  class="fail"><span class="fail-label">F </span>org.openqa.selenium.TimeoutException: Timed out after 3 seconds: Wait time out for By.xpath: //input[@name='userName'] to be present
Build info: version: '3.141.59', revision: 'e82be7d358', time: '2018-11-14T08:17:03'
System info: host: 'ICPL13076', ip: '10.11.24.4', os.name: 'Windows 10', os.arch: 'amd64', os.version: '10.0', java.version: '1.8.0_201'
Driver info: driver.version: unknown</div></div><div  class="fail"><span class="fail-label">F </span>Timed out after 3 seconds: Wait time out for By.xpath: //input[@name='userName'] to be present
Build info: version: '3.141.59', revision: 'e82be7d358', time: '2018-11-14T08:17:03'
System info: host: 'ICPL13076', ip: '10.11.24.4', os.name: 'Windows 10', os.arch: 'amd64', os.version: '10.0', java.version: '1.8.0_201'
Driver info: driver.version: unknown</div></div><div  class="teststep"><span class="teststep-label">T </span>And click on signin button</div><div  class="teststep"><span class="teststep-label">T </span>When enter all the data in find a flight page type '${data.flightFinder.user.tripType}' and passengers '${data.flightFinder.user.passengers}' and DepartingFrom '${data.flightFinder.user.departing}' and on '${data.flightFinder.user.fromDay}' and Arrivingin '${data.flightFinder.user.arriving}' and return '${data.flightFinder.user.returningDay}'</div><div  class="teststep"><span class="teststep-label">T </span>And click continue button</div><div  class="teststep"><span class="teststep-label">T </span>And click on reserveflight button</div><div  class="teststep"><span class="teststep-label">T </span>And  click on secureparchase button</div><div  class="teststep"><span class="teststep-label">T </span>Then verify user is entering all the values successfully</div></div>]]]>
              </value>
            </param>
          </params>
          <reporter-output>
          </reporter-output>
        </test-method> <!-- afterMethod -->
        <test-method status="PASS" signature="afterClass(org.testng.ITestContext)[pri:0, instance:com.qmetry.qaf.automation.step.client.DataDrivenScenario@3e8]" test-instance-name="user is able to enter all the data on find a flight page successfully" name="afterClass" is-config="true" duration-ms="1" started-at="2019-10-23T16:32:50Z" finished-at="2019-10-23T16:32:50Z">
          <params>
            <param index="0">
              <value>
                <![CDATA[org.testng.TestRunner@525f1e4e]]>
              </value>
            </param>
          </params>
          <reporter-output>
          </reporter-output>
        </test-method> <!-- afterClass -->
        <test-method status="PASS" signature="afterTest(org.testng.ITestContext)[pri:0, instance:com.qmetry.qaf.automation.step.client.DataDrivenScenario@3e8]" test-instance-name="user is able to enter all the data on find a flight page successfully" name="afterTest" is-config="true" duration-ms="24" started-at="2019-10-23T16:32:50Z" finished-at="2019-10-23T16:32:50Z">
          <params>
            <param index="0">
              <value>
                <![CDATA[org.testng.TestRunner@525f1e4e]]>
              </value>
            </param>
          </params>
          <reporter-output>
          </reporter-output>
        </test-method> <!-- afterTest -->
        <test-method status="PASS" signature="afterSuit(org.testng.ITestContext)[pri:0, instance:com.qmetry.qaf.automation.step.client.DataDrivenScenario@3e8]" test-instance-name="user is able to enter all the data on find a flight page successfully" name="afterSuit" is-config="true" duration-ms="1" started-at="2019-10-23T16:32:50Z" finished-at="2019-10-23T16:32:50Z">
          <params>
            <param index="0">
              <value>
                <![CDATA[org.testng.TestRunner@525f1e4e]]>
              </value>
            </param>
          </params>
          <reporter-output>
          </reporter-output>
        </test-method> <!-- afterSuit -->
      </class> <!-- com.qmetry.qaf.automation.step.client.DataDrivenScenario -->
    </test> <!-- BDD Test -->
  </suite> <!-- QAF BDD -->
</testng-results>
