<?xml version="1.0" encoding="UTF-8" ?>
<testsuite tests="2" failures="2" name="TestSuite" time="10.152" errors="0" skipped="0">
  <properties>
    <property name="java.runtime.name" value="Java(TM) SE Runtime Environment"/>
    <property name="sun.boot.library.path" value="C:\Program Files\Java\jre1.8.0_201\bin"/>
    <property name="java.vm.version" value="25.201-b09"/>
    <property name="java.vm.vendor" value="Oracle Corporation"/>
    <property name="maven.multiModuleProjectDirectory" value="D:\OnbordingProject\Project\Selenium"/>
    <property name="java.vendor.url" value="http://java.oracle.com/"/>
    <property name="path.separator" value=";"/>
    <property name="guice.disable.misplaced.annotation.check" value="true"/>
    <property name="java.vm.name" value="Java HotSpot(TM) 64-Bit Server VM"/>
    <property name="file.encoding.pkg" value="sun.io"/>
    <property name="user.script" value=""/>
    <property name="user.country" value="US"/>
    <property name="sun.java.launcher" value="SUN_STANDARD"/>
    <property name="sun.os.patch.level" value=""/>
    <property name="java.vm.specification.name" value="Java Virtual Machine Specification"/>
    <property name="user.dir" value="D:\OnbordingProject\Project\Selenium"/>
    <property name="java.runtime.version" value="1.8.0_201-b09"/>
    <property name="java.awt.graphicsenv" value="sun.awt.Win32GraphicsEnvironment"/>
    <property name="java.endorsed.dirs" value="C:\Program Files\Java\jre1.8.0_201\lib\endorsed"/>
    <property name="os.arch" value="amd64"/>
    <property name="java.io.tmpdir" value="C:\Users\MOHANR~1.P\AppData\Local\Temp\"/>
    <property name="line.separator" value="
"/>
    <property name="java.vm.specification.vendor" value="Oracle Corporation"/>
    <property name="user.variant" value=""/>
    <property name="os.name" value="Windows 10"/>
    <property name="classworlds.conf" value="D:\OnbordingProject\.metadata\.plugins\org.eclipse.m2e.launching\launches\m2conf7335663410484988720.tmp"/>
    <property name="sun.jnu.encoding" value="Cp1252"/>
    <property name="java.library.path" value="C:\Program Files\Java\jre1.8.0_201\bin;C:\windows\Sun\Java\bin;C:\windows\system32;C:\windows;C:/Program Files/Java/jre1.8.0_201/bin/server;C:/Program Files/Java/jre1.8.0_201/bin;C:/Program Files/Java/jre1.8.0_201/lib/amd64;C:\Program Files (x86)\Common Files\Oracle\Java\javapath;C:\windows\system32;C:\windows;C:\windows\System32\Wbem;C:\windows\System32\WindowsPowerShell\v1.0\;C:\windows\System32\OpenSSH\;C:\Program Files\Java\jdk1.8.0_201\bin;C:\Users\sumedha.katkade\AppData\Local\Android\Sdk\platform-tools;C:\Users\sumedha.katkade\AppData\Local\Android\Sdk\tools;C:\Program Files\Git\cmd;C:\Program Files\apache-maven-3.6.0\bin;C:\Program Files\nodejs\;C:\Users\mohanreddy.p\AppData\Local\Android\Sdk\tools;C:\Users\mohanreddy.p\AppData\Local\Android\Sdk\platform-tools;D:\apache-maven-3.6.1-bin\apache-maven-3.6.1\bin;C:\Users\mohanreddy.p\AppData\Local\Microsoft\WindowsApps;;C:\Users\mohanreddy.p\Downloads\eclipse-jee-photon-R-win32-x86_64\eclipse;;."/>
    <property name="java.specification.name" value="Java Platform API Specification"/>
    <property name="java.class.version" value="52.0"/>
    <property name="sun.management.compiler" value="HotSpot 64-Bit Tiered Compilers"/>
    <property name="os.version" value="10.0"/>
    <property name="user.home" value="C:\Users\mohanreddy.p"/>
    <property name="user.timezone" value="Asia/Calcutta"/>
    <property name="java.awt.printerjob" value="sun.awt.windows.WPrinterJob"/>
    <property name="java.specification.version" value="1.8"/>
    <property name="file.encoding" value="Cp1252"/>
    <property name="user.name" value="Mohan.Reddy"/>
    <property name="java.class.path" value="C:\Users\mohanreddy.p\Downloads\eclipse-jee-photon-R-win32-x86_64\eclipse\plugins\org.eclipse.m2e.maven.runtime_1.9.0.20180606-2035\jars\plexus-classworlds-2.5.2.jar"/>
    <property name="java.vm.specification.version" value="1.8"/>
    <property name="sun.arch.data.model" value="64"/>
    <property name="java.home" value="C:\Program Files\Java\jre1.8.0_201"/>
    <property name="sun.java.command" value="org.codehaus.plexus.classworlds.launcher.Launcher -B test"/>
    <property name="java.specification.vendor" value="Oracle Corporation"/>
    <property name="user.language" value="en"/>
    <property name="awt.toolkit" value="sun.awt.windows.WToolkit"/>
    <property name="java.vm.info" value="mixed mode"/>
    <property name="java.version" value="1.8.0_201"/>
    <property name="java.ext.dirs" value="C:\Program Files\Java\jre1.8.0_201\lib\ext;C:\windows\Sun\Java\lib\ext"/>
    <property name="sun.boot.class.path" value="C:\Program Files\Java\jre1.8.0_201\lib\resources.jar;C:\Program Files\Java\jre1.8.0_201\lib\rt.jar;C:\Program Files\Java\jre1.8.0_201\lib\sunrsasign.jar;C:\Program Files\Java\jre1.8.0_201\lib\jsse.jar;C:\Program Files\Java\jre1.8.0_201\lib\jce.jar;C:\Program Files\Java\jre1.8.0_201\lib\charsets.jar;C:\Program Files\Java\jre1.8.0_201\lib\jfr.jar;C:\Program Files\Java\jre1.8.0_201\classes"/>
    <property name="java.vendor" value="Oracle Corporation"/>
    <property name="maven.home" value="D:\OnbordingProject\Project\Selenium\EMBEDDED"/>
    <property name="file.separator" value="\"/>
    <property name="java.vendor.url.bug" value="http://bugreport.sun.com/bugreport/"/>
    <property name="sun.cpu.endian" value="little"/>
    <property name="sun.io.unicode.encoding" value="UnicodeLittle"/>
    <property name="sun.desktop" value="windows"/>
    <property name="sun.cpu.isalist" value="amd64"/>
  </properties>
  <testcase classname="com.qmetry.qaf.automation.step.client.DataDrivenScenario" name="New tour register" time="7.343">
    <failure message="Keys to send should be a not null CharSequence" type="java.lang.IllegalArgumentException">java.lang.IllegalArgumentException: Keys to send should be a not null CharSequence
	at .And User enter with firstname &apos;${fname}&apos; and lastname &apos;${lname}&apos; and phone &apos;${phone}&apos; and email &apos;${email}&apos; and address &apos;${address}&apos;(resources/scenarios/RegisterCSV.bdd:5)
	at org.openqa.selenium.remote.RemoteWebElement.sendKeys(RemoteWebElement.java:97)
	at com.qmetry.qaf.automation.step.CommonStep.sendKeys_aroundBody6(CommonStep.java:119)
	at com.qmetry.qaf.automation.step.JavaStepReporter$MockJavaStep.doExecute(JavaStepReporter.java:138)
	at com.qmetry.qaf.automation.step.BaseTestStep.execute(BaseTestStep.java:149)
	at com.qmetry.qaf.automation.step.JavaStepReporter.javaTestStep(JavaStepReporter.java:88)
	at com.qmetry.qaf.automation.step.CommonStep.sendKeys(CommonStep.java:118)
	at com.newtour.steps.InvalidRegisterStep.register_aroundBody4(InvalidRegisterStep.java:21)
	at com.qmetry.qaf.automation.step.JavaStepReporter.javaTestStep(JavaStepReporter.java:101)
	at com.newtour.steps.InvalidRegisterStep.register(InvalidRegisterStep.java:19)
	at com.qmetry.qaf.automation.step.JavaStep.doExecute(JavaStep.java:153)
	at com.qmetry.qaf.automation.step.BaseTestStep.execute(BaseTestStep.java:149)
	at com.qmetry.qaf.automation.step.StringTestStep.execute(StringTestStep.java:134)
	at com.qmetry.qaf.automation.step.client.Scenario.execute(Scenario.java:180)
	at com.qmetry.qaf.automation.step.client.DataDrivenScenario.scenario(DataDrivenScenario.java:69)
	at org.apache.maven.surefire.testng.TestNGExecutor.run(TestNGExecutor.java:122)
	at org.apache.maven.surefire.testng.TestNGXmlTestSuite.execute(TestNGXmlTestSuite.java:92)
	at org.apache.maven.surefire.testng.TestNGProvider.invoke(TestNGProvider.java:101)
	at org.apache.maven.surefire.util.ReflectionUtils.invokeMethodWithArray(ReflectionUtils.java:164)
	at org.apache.maven.surefire.booter.ProviderFactory$ProviderProxy.invoke(ProviderFactory.java:110)
	at org.apache.maven.surefire.booter.SurefireStarter.invokeProvider(SurefireStarter.java:172)
	at org.apache.maven.surefire.booter.SurefireStarter.runSuitesInProcessWhenForked(SurefireStarter.java:104)
	at org.apache.maven.surefire.booter.ForkedBooter.main(ForkedBooter.java:70)
</failure>
    <system-out>[ConfigurationManager] - ISFW build info: {qaf-Type=core, qaf-Revision=14, qaf-Version=2.1, qaf-Build-Time=01-Jan-2019 19:18:14}
[ConfigurationManager] - Resource dir: D:\OnbordingProject\Project\Selenium\resources. Found property files to load: 8
[ConfigurationManager] - Resource dir: D:\OnbordingProject\Project\Selenium\resources. Found property files to load: 9
include groups []
 exclude groups: [] Scanarios location: ./resources/scenarios/RegisterCSV.bdd 
[CSVUtil] - loading csv data file: ./resources/testData/Register.csv
[QAFTestBase] - Initializing Driver...browser_str:chromeDriver,base_url:http://www.newtours.demoaut.com/,sel_server:localhost,port:4444
[UiDriverFactory] - Driver: chromeDriver
[QAFTestBase] - driver init done
[WebDriverCommandLogger] - Executing get parameters: {&quot;url&quot;:&quot;http://www.newtours.demoaut.com/&quot;}
[WebDriverCommandLogger] - command: get[ param-1: {url=http://www.newtours.demoaut.com/}] Result: null
[WebDriverCommandLogger] - Executing findElements parameters: {&quot;value&quot;:&quot;//a[text()=&apos;REGISTER&apos;]&quot;,&quot;using&quot;:&quot;xpath&quot;}
[WebDriverCommandLogger] - command: findElements[ param-1: {value=//a[text()=&apos;REGISTER&apos;], using=xpath}] Result: [id: c52fe811-dabf-4532-a78b-148d1c0bfcba]
[WebDriverCommandLogger] - Executing findElement parameters: {&quot;value&quot;:&quot;//a[text()=&apos;REGISTER&apos;]&quot;,&quot;using&quot;:&quot;xpath&quot;}
[WebDriverCommandLogger] - command: findElement[ param-1: {value=//a[text()=&apos;REGISTER&apos;], using=xpath}] Result: id: c52fe811-dabf-4532-a78b-148d1c0bfcba
[WebDriverCommandLogger] - Executing isElementDisplayed element: By.xpath: //a[text()=&apos;REGISTER&apos;] parameters: {&quot;id&quot;:&quot;c52fe811-dabf-4532-a78b-148d1c0bfcba&quot;}
[WebDriverCommandLogger] - command: isElementDisplayed[ param-1: By.xpath: //a[text()=&apos;REGISTER&apos;] param-2: {&quot;id&quot;:&quot;c52fe811-dabf-4532-a78b-148d1c0bfcba&quot;}] Result: isElementDisplayed:true
[WebDriverCommandLogger] - Executing findElement parameters: {&quot;value&quot;:&quot;//a[text()=&apos;REGISTER&apos;]&quot;,&quot;using&quot;:&quot;xpath&quot;}
[WebDriverCommandLogger] - command: findElement[ param-1: {value=//a[text()=&apos;REGISTER&apos;], using=xpath}] Result: id: c52fe811-dabf-4532-a78b-148d1c0bfcba
[WebDriverCommandLogger] - Executing clickElement element: By.xpath: //a[text()=&apos;REGISTER&apos;] parameters: {&quot;id&quot;:&quot;c52fe811-dabf-4532-a78b-148d1c0bfcba&quot;}
[WebDriverCommandLogger] - command: clickElement[ param-1: By.xpath: //a[text()=&apos;REGISTER&apos;] param-2: {&quot;id&quot;:&quot;c52fe811-dabf-4532-a78b-148d1c0bfcba&quot;}] Result: clickElement:null
[WebDriverCommandLogger] - Executing screenshot parameters: {}
</system-out>
    <system-err>log4j:WARN No such property [follow] in org.apache.log4j.FileAppender.
Oct 25, 2019 3:44:06 PM org.openqa.selenium.remote.DesiredCapabilities edge
INFO: Using `new EdgeOptions()` is preferred to `DesiredCapabilities.edge()`
Oct 25, 2019 3:44:06 PM org.openqa.selenium.remote.DesiredCapabilities firefox
INFO: Using `new FirefoxOptions()` is preferred to `DesiredCapabilities.firefox()`
Oct 25, 2019 3:44:06 PM org.openqa.selenium.remote.DesiredCapabilities chrome
INFO: Using `new ChromeOptions()` is preferred to `DesiredCapabilities.chrome()`
Starting ChromeDriver 76.0.3809.126 (d80a294506b4c9d18015e755cee48f953ddc3f2f-refs/branch-heads/3809@{#1024}) on port 18815
Only local connections are allowed.
Please protect ports used by ChromeDriver and related test frameworks to prevent access by malicious code.
[1571998448.817][WARNING]: This version of ChromeDriver has not been tested with Chrome version 77.
Oct 25, 2019 3:44:09 PM org.openqa.selenium.remote.ProtocolHandshake createSession
INFO: Detected dialect: W3C
</system-err>
  </testcase>
  <testcase classname="com.qmetry.qaf.automation.step.client.DataDrivenScenario" name="New tour register" time="1.95">
    <failure message="Keys to send should be a not null CharSequence" type="java.lang.IllegalArgumentException">java.lang.IllegalArgumentException: Keys to send should be a not null CharSequence
	at .And User enter with firstname &apos;${fname}&apos; and lastname &apos;${lname}&apos; and phone &apos;${phone}&apos; and email &apos;${email}&apos; and address &apos;${address}&apos;(resources/scenarios/RegisterCSV.bdd:5)
	at org.openqa.selenium.remote.RemoteWebElement.sendKeys(RemoteWebElement.java:97)
	at com.qmetry.qaf.automation.step.CommonStep.sendKeys_aroundBody6(CommonStep.java:119)
	at com.qmetry.qaf.automation.step.JavaStepReporter$MockJavaStep.doExecute(JavaStepReporter.java:138)
	at com.qmetry.qaf.automation.step.BaseTestStep.execute(BaseTestStep.java:149)
	at com.qmetry.qaf.automation.step.JavaStepReporter.javaTestStep(JavaStepReporter.java:88)
	at com.qmetry.qaf.automation.step.CommonStep.sendKeys(CommonStep.java:118)
	at com.newtour.steps.InvalidRegisterStep.register_aroundBody4(InvalidRegisterStep.java:21)
	at com.qmetry.qaf.automation.step.JavaStepReporter.javaTestStep(JavaStepReporter.java:101)
	at com.newtour.steps.InvalidRegisterStep.register(InvalidRegisterStep.java:19)
	at com.qmetry.qaf.automation.step.JavaStep.doExecute(JavaStep.java:153)
	at com.qmetry.qaf.automation.step.BaseTestStep.execute(BaseTestStep.java:149)
	at com.qmetry.qaf.automation.step.StringTestStep.execute(StringTestStep.java:134)
	at com.qmetry.qaf.automation.step.client.Scenario.execute(Scenario.java:180)
	at com.qmetry.qaf.automation.step.client.DataDrivenScenario.scenario(DataDrivenScenario.java:69)
	at org.apache.maven.surefire.testng.TestNGExecutor.run(TestNGExecutor.java:122)
	at org.apache.maven.surefire.testng.TestNGXmlTestSuite.execute(TestNGXmlTestSuite.java:92)
	at org.apache.maven.surefire.testng.TestNGProvider.invoke(TestNGProvider.java:101)
	at org.apache.maven.surefire.util.ReflectionUtils.invokeMethodWithArray(ReflectionUtils.java:164)
	at org.apache.maven.surefire.booter.ProviderFactory$ProviderProxy.invoke(ProviderFactory.java:110)
	at org.apache.maven.surefire.booter.SurefireStarter.invokeProvider(SurefireStarter.java:172)
	at org.apache.maven.surefire.booter.SurefireStarter.runSuitesInProcessWhenForked(SurefireStarter.java:104)
	at org.apache.maven.surefire.booter.ForkedBooter.main(ForkedBooter.java:70)
</failure>
    <system-out>[WebDriverCommandLogger] - Executing get parameters: {&quot;url&quot;:&quot;http://www.newtours.demoaut.com/&quot;}
[WebDriverCommandLogger] - command: get[ param-1: {url=http://www.newtours.demoaut.com/}] Result: null
[WebDriverCommandLogger] - Executing findElements parameters: {&quot;value&quot;:&quot;//a[text()=&apos;REGISTER&apos;]&quot;,&quot;using&quot;:&quot;xpath&quot;}
[WebDriverCommandLogger] - command: findElements[ param-1: {value=//a[text()=&apos;REGISTER&apos;], using=xpath}] Result: [id: f02116e8-b966-4682-a43c-37c413051223]
[WebDriverCommandLogger] - Executing findElement parameters: {&quot;value&quot;:&quot;//a[text()=&apos;REGISTER&apos;]&quot;,&quot;using&quot;:&quot;xpath&quot;}
[WebDriverCommandLogger] - command: findElement[ param-1: {value=//a[text()=&apos;REGISTER&apos;], using=xpath}] Result: id: f02116e8-b966-4682-a43c-37c413051223
[WebDriverCommandLogger] - Executing isElementDisplayed element: By.xpath: //a[text()=&apos;REGISTER&apos;] parameters: {&quot;id&quot;:&quot;f02116e8-b966-4682-a43c-37c413051223&quot;}
[WebDriverCommandLogger] - command: isElementDisplayed[ param-1: By.xpath: //a[text()=&apos;REGISTER&apos;] param-2: {&quot;id&quot;:&quot;f02116e8-b966-4682-a43c-37c413051223&quot;}] Result: isElementDisplayed:true
[WebDriverCommandLogger] - Executing findElement parameters: {&quot;value&quot;:&quot;//a[text()=&apos;REGISTER&apos;]&quot;,&quot;using&quot;:&quot;xpath&quot;}
[WebDriverCommandLogger] - command: findElement[ param-1: {value=//a[text()=&apos;REGISTER&apos;], using=xpath}] Result: id: f02116e8-b966-4682-a43c-37c413051223
[WebDriverCommandLogger] - Executing clickElement element: By.xpath: //a[text()=&apos;REGISTER&apos;] parameters: {&quot;id&quot;:&quot;f02116e8-b966-4682-a43c-37c413051223&quot;}
[WebDriverCommandLogger] - command: clickElement[ param-1: By.xpath: //a[text()=&apos;REGISTER&apos;] param-2: {&quot;id&quot;:&quot;f02116e8-b966-4682-a43c-37c413051223&quot;}] Result: clickElement:null
[WebDriverCommandLogger] - Executing screenshot parameters: {}
</system-out>
  </testcase>
</testsuite>