<?xml version="1.0" encoding="UTF-8"?>
<testng-results skipped="1" failed="1" ignored="1" total="3" passed="0">
  <reporter-output>
    <line>
      <![CDATA[<div style="display:block;margin-left:10px;"><div  class="teststepfail"><span class="teststepfail-label">T </span>Given User register</div><div style="display:block;margin-left:10px;"><div  class="teststepfail"><span class="teststepfail-label">T </span>get '/'</div><div style="display:block;margin-left:10px;"><div  class="fail"><span class="fail-label">F </span>org.openqa.selenium.TimeoutException: Timed out after 0 seconds: Unable to create driver instance in 1st attempt with retry timeout of 0 seconds. You can check/set value of 'driver.init.retry.timeout' appropriately to set retry timeout on driver initialization failure.</div></div><div  class="fail"><span class="fail-label">F </span>Timed out after 0 seconds: Unable to create driver instance in 1st attempt with retry timeout of 0 seconds. You can check/set value of 'driver.init.retry.timeout' appropriately to set retry timeout on driver initialization failure.</div></div><div  class="teststep"><span class="teststep-label">T </span>When click on register button</div><div  class="teststep"><span class="teststep-label">T </span>When User enter with fname '${fname}' and lname '${lname}' and phone '${phone}' and email '${email}' and address '${address}'</div><div  class="teststep"><span class="teststep-label">T </span>Then User click on continue button</div><div  class="teststep"><span class="teststep-label">T </span>Then user register successfully</div></div>]]>
    </line>
    <line>
      <![CDATA[<div style="display:block;margin-left:10px;"><div  class="teststeppass"><span class="teststeppass-label">T </span>Given User register</div><div style="display:block;margin-left:10px;"><div  class="teststeppass"><span class="teststeppass-label">T </span>get '/'</div></div><div  class="teststeppass"><span class="teststeppass-label">T </span>When click on register button</div><div style="display:block;margin-left:10px;"><div  class="teststeppass"><span class="teststeppass-label">T </span>click on 'register.register.link'</div></div><div  class="teststepfail"><span class="teststepfail-label">T </span>When User enter with fname 'guest' and lname 'bkd' and phone '5445645' and email 'nfbdnkjfbd' and address 'dfdsjjdsh'</div><div style="display:block;margin-left:10px;"><div  class="fail"><span class="fail-label">F </span>Unable to invoke JavaStep with given arguments: register[${fname}, ${lname}, ${phone}, ${email}, ${address}]
at </div></div><div  class="teststep"><span class="teststep-label">T </span>Then User click on continue button</div><div  class="teststep"><span class="teststep-label">T </span>Then user register successfully</div></div>]]>
    </line>
  </reporter-output>
  <suite name="QAF BDD" duration-ms="19724" started-at="2019-10-28T05:06:31Z" finished-at="2019-10-28T05:06:51Z">
    <groups>
    </groups>
    <test name="BDD Test" duration-ms="19724" started-at="2019-10-28T05:06:31Z" finished-at="2019-10-28T05:06:51Z">
      <class name="com.qmetry.qaf.automation.step.client.DataDrivenScenario">
        <test-method status="PASS" signature="setupSuit(org.testng.ITestContext)[pri:0, instance:com.qmetry.qaf.automation.step.client.DataDrivenScenario@3e8]" test-instance-name="New tour register" name="setupSuit" is-config="true" duration-ms="19" started-at="2019-10-28T10:36:31Z" finished-at="2019-10-28T10:36:31Z">
          <params>
            <param index="0">
              <value>
                <![CDATA[org.testng.TestRunner@525f1e4e]]>
              </value>
            </param>
          </params>
          <reporter-output>
          </reporter-output>
        </test-method> <!-- setupSuit -->
        <test-method status="PASS" signature="setupTest(org.testng.ITestContext)[pri:0, instance:com.qmetry.qaf.automation.step.client.DataDrivenScenario@3e8]" test-instance-name="New tour register" name="setupTest" is-config="true" duration-ms="1" started-at="2019-10-28T10:36:31Z" finished-at="2019-10-28T10:36:31Z">
          <params>
            <param index="0">
              <value>
                <![CDATA[org.testng.TestRunner@525f1e4e]]>
              </value>
            </param>
          </params>
          <reporter-output>
          </reporter-output>
        </test-method> <!-- setupTest -->
        <test-method status="PASS" signature="setup(org.testng.ITestContext)[pri:0, instance:com.qmetry.qaf.automation.step.client.DataDrivenScenario@3e8]" test-instance-name="New tour register" name="setup" is-config="true" duration-ms="6" started-at="2019-10-28T10:36:31Z" finished-at="2019-10-28T10:36:31Z">
          <params>
            <param index="0">
              <value>
                <![CDATA[org.testng.TestRunner@525f1e4e]]>
              </value>
            </param>
          </params>
          <reporter-output>
          </reporter-output>
        </test-method> <!-- setup -->
        <test-method status="PASS" signature="setupMethod(java.lang.reflect.Method, org.testng.ITestContext)[pri:0, instance:com.qmetry.qaf.automation.step.client.DataDrivenScenario@3e8]" test-instance-name="New tour register" name="setupMethod" is-config="true" duration-ms="1" started-at="2019-10-28T10:36:31Z" finished-at="2019-10-28T10:36:31Z">
          <params>
            <param index="0">
              <value>
                <![CDATA[public void com.qmetry.qaf.automation.step.client.DataDrivenScenario.scenario(java.util.Map)]]>
              </value>
            </param>
            <param index="1">
              <value>
                <![CDATA[org.testng.TestRunner@525f1e4e]]>
              </value>
            </param>
          </params>
          <reporter-output>
          </reporter-output>
        </test-method> <!-- setupMethod -->
        <test-method status="FAIL" signature="New tour register( java.util.Map)[pri:1000, instance:com.qmetry.qaf.automation.step.client.DataDrivenScenario@3e8]" test-instance-name="New tour register" name="New tour register" duration-ms="13975" started-at="2019-10-28T10:36:31Z" description="use valid details and fill the registration form" finished-at="2019-10-28T10:36:45Z">
          <params>
            <param index="0">
              <value>
                <![CDATA[{fname=mohan	, lname=reddy, phone=32121564, email=djfbahdaj, address=ahdfah, __index=1}]]>
              </value>
            </param>
          </params>
          <exception class="org.openqa.selenium.TimeoutException">
            <message>
              <![CDATA[Timed out after 0 seconds: Unable to create driver instance in 1st attempt with retry timeout of 0 seconds. You can check/set value of 'driver.init.retry.timeout' appropriately to set retry timeout on driver initialization failure.]]>
            </message>
            <full-stacktrace>
              <![CDATA[org.openqa.selenium.TimeoutException: Timed out after 0 seconds: Unable to create driver instance in 1st attempt with retry timeout of 0 seconds. You can check/set value of 'driver.init.retry.timeout' appropriately to set retry timeout on driver initialization failure.
	at .Given User register(resources/scenarios/RegisterCSV.bdd:3)
	at com.qmetry.qaf.automation.ui.util.DynamicWait.until(DynamicWait.java:170)
	at com.qmetry.qaf.automation.core.QAFTestBase.init(QAFTestBase.java:474)
	at com.qmetry.qaf.automation.core.QAFTestBase.getUiDriver(QAFTestBase.java:254)
	at com.qmetry.qaf.automation.ui.WebDriverTestBase.getDriver(WebDriverTestBase.java:47)
	at com.qmetry.qaf.automation.step.CommonStep.get_aroundBody24(CommonStep.java:304)
	at com.qmetry.qaf.automation.step.JavaStepReporter$MockJavaStep.doExecute(JavaStepReporter.java:138)
	at com.qmetry.qaf.automation.step.BaseTestStep.execute(BaseTestStep.java:149)
	at com.qmetry.qaf.automation.step.JavaStepReporter.javaTestStep(JavaStepReporter.java:88)
	at com.qmetry.qaf.automation.step.CommonStep.get(CommonStep.java:303)
	at com.newtour.steps.RegisterSteps.openBrowser_aroundBody0(RegisterSteps.java:11)
	at com.qmetry.qaf.automation.step.JavaStepReporter.javaTestStep(JavaStepReporter.java:101)
	at com.newtour.steps.RegisterSteps.openBrowser(RegisterSteps.java:9)
	at com.qmetry.qaf.automation.step.JavaStep.doExecute(JavaStep.java:153)
	at com.qmetry.qaf.automation.step.BaseTestStep.execute(BaseTestStep.java:149)
	at com.qmetry.qaf.automation.step.StringTestStep.execute(StringTestStep.java:134)
	at com.qmetry.qaf.automation.step.client.Scenario.execute(Scenario.java:180)
	at com.qmetry.qaf.automation.step.client.DataDrivenScenario.scenario(DataDrivenScenario.java:69)
	at org.apache.maven.surefire.testng.TestNGExecutor.run(TestNGExecutor.java:122)
	at org.apache.maven.surefire.testng.TestNGXmlTestSuite.execute(TestNGXmlTestSuite.java:92)
	at org.apache.maven.surefire.testng.TestNGProvider.invoke(TestNGProvider.java:101)
	at org.apache.maven.surefire.util.ReflectionUtils.invokeMethodWithArray(ReflectionUtils.java:164)
	at org.apache.maven.surefire.booter.ProviderFactory$ProviderProxy.invoke(ProviderFactory.java:110)
	at org.apache.maven.surefire.booter.SurefireStarter.invokeProvider(SurefireStarter.java:172)
	at org.apache.maven.surefire.booter.SurefireStarter.runSuitesInProcessWhenForked(SurefireStarter.java:104)
	at org.apache.maven.surefire.booter.ForkedBooter.main(ForkedBooter.java:70)
Caused by: org.openqa.selenium.WebDriverException: Unable to create driver instance in 1st attempt with retry timeout of 0 seconds. You can check/set value of 'driver.init.retry.timeout' appropriately to set retry timeout on driver initialization failure.
	at com.qmetry.qaf.automation.core.QAFTestBase$DriverInitExpectedCondition.apply(QAFTestBase.java:568)
	at com.qmetry.qaf.automation.core.QAFTestBase$DriverInitExpectedCondition.apply(QAFTestBase.java:1)
	at com.qmetry.qaf.automation.ui.util.DynamicWait.until(DynamicWait.java:149)
	at com.qmetry.qaf.automation.core.QAFTestBase.init(QAFTestBase.java:474)
	at com.qmetry.qaf.automation.core.QAFTestBase.getUiDriver(QAFTestBase.java:254)
	at com.qmetry.qaf.automation.ui.WebDriverTestBase.getDriver(WebDriverTestBase.java:47)
	at com.qmetry.qaf.automation.step.CommonStep.get_aroundBody24(CommonStep.java:304)
	at com.qmetry.qaf.automation.step.CommonStep$AjcClosure25.run(CommonStep.java:1)
	at org.aspectj.runtime.reflect.JoinPointImpl.proceed(JoinPointImpl.java:149)
	at com.qmetry.qaf.automation.step.JavaStepReporter$MockJavaStep.doExecute(JavaStepReporter.java:138)
	at com.qmetry.qaf.automation.step.BaseTestStep.execute(BaseTestStep.java:149)
	at com.qmetry.qaf.automation.step.JavaStepReporter.javaTestStep(JavaStepReporter.java:88)
	at com.qmetry.qaf.automation.step.CommonStep.get(CommonStep.java:303)
	at com.newtour.steps.RegisterSteps.openBrowser_aroundBody0(RegisterSteps.java:11)
	at com.newtour.steps.RegisterSteps$AjcClosure1.run(RegisterSteps.java:1)
	at org.aspectj.runtime.reflect.JoinPointImpl.proceed(JoinPointImpl.java:149)
	at com.qmetry.qaf.automation.step.JavaStepReporter.javaTestStep(JavaStepReporter.java:101)
	at com.newtour.steps.RegisterSteps.openBrowser(RegisterSteps.java:9)
	at sun.reflect.NativeMethodAccessorImpl.invoke0(Native Method)
	at sun.reflect.NativeMethodAccessorImpl.invoke(NativeMethodAccessorImpl.java:62)
	at sun.reflect.DelegatingMethodAccessorImpl.invoke(DelegatingMethodAccessorImpl.java:43)
	at java.lang.reflect.Method.invoke(Method.java:498)
	at com.qmetry.qaf.automation.step.JavaStep.doExecute(JavaStep.java:153)
	at com.qmetry.qaf.automation.step.BaseTestStep.execute(BaseTestStep.java:149)
	at com.qmetry.qaf.automation.step.StringTestStep.execute(StringTestStep.java:134)
	at com.qmetry.qaf.automation.step.client.Scenario.execute(Scenario.java:180)
	at com.qmetry.qaf.automation.step.client.DataDrivenScenario.scenario(DataDrivenScenario.java:69)
	at sun.reflect.NativeMethodAccessorImpl.invoke0(Native Method)
	at sun.reflect.NativeMethodAccessorImpl.invoke(NativeMethodAccessorImpl.java:62)
	at sun.reflect.DelegatingMethodAccessorImpl.invoke(DelegatingMethodAccessorImpl.java:43)
	at java.lang.reflect.Method.invoke(Method.java:498)
	at org.testng.internal.MethodInvocationHelper.invokeMethod(MethodInvocationHelper.java:104)
	at org.testng.internal.Invoker.invokeMethod(Invoker.java:645)
	at org.testng.internal.Invoker.invokeTestMethod(Invoker.java:851)
	at org.testng.internal.Invoker.invokeTestMethods(Invoker.java:1177)
	at org.testng.internal.TestMethodWorker.invokeTestMethods(TestMethodWorker.java:129)
	at org.testng.internal.TestMethodWorker.run(TestMethodWorker.java:112)
	at org.testng.TestRunner.privateRun(TestRunner.java:781)
	at org.testng.TestRunner.run(TestRunner.java:635)
	at org.testng.SuiteRunner.runTest(SuiteRunner.java:387)
	at org.testng.SuiteRunner.runSequentially(SuiteRunner.java:382)
	at org.testng.SuiteRunner.privateRun(SuiteRunner.java:340)
	at org.testng.SuiteRunner.run(SuiteRunner.java:289)
	at org.testng.SuiteRunnerWorker.runSuite(SuiteRunnerWorker.java:52)
	at org.testng.SuiteRunnerWorker.run(SuiteRunnerWorker.java:86)
	at org.testng.TestNG.runSuitesSequentially(TestNG.java:1293)
	at org.testng.TestNG.runSuitesLocally(TestNG.java:1218)
	at org.testng.TestNG.runSuites(TestNG.java:1133)
	at org.testng.TestNG.run(TestNG.java:1104)
	at org.apache.maven.surefire.testng.TestNGExecutor.run(TestNGExecutor.java:122)
	at org.apache.maven.surefire.testng.TestNGXmlTestSuite.execute(TestNGXmlTestSuite.java:92)
	at org.apache.maven.surefire.testng.TestNGProvider.invoke(TestNGProvider.java:101)
	at sun.reflect.NativeMethodAccessorImpl.invoke0(Native Method)
	at sun.reflect.NativeMethodAccessorImpl.invoke(NativeMethodAccessorImpl.java:62)
	at sun.reflect.DelegatingMethodAccessorImpl.invoke(DelegatingMethodAccessorImpl.java:43)
	at java.lang.reflect.Method.invoke(Method.java:498)
	... 5 more
Caused by: org.openqa.selenium.WebDriverException: unknown error: Chrome failed to start: crashed
  (unknown error: DevToolsActivePort file doesn't exist)
  (The process started from chrome location C:\Program Files (x86)\Google\Chrome\Application\chrome.exe is no longer running, so ChromeDriver is assuming that Chrome has crashed.)
Build info: version: '3.141.59', revision: 'e82be7d358', time: '2018-11-14T08:17:03'
System info: host: 'ICPL13076', ip: '10.11.24.4', os.name: 'Windows 10', os.arch: 'amd64', os.version: '10.0', java.version: '1.8.0_201'
Driver info: driver.version: QAFExtendedWebDriver
remote stacktrace: Backtrace:
	Ordinal0 [0x010A7C53+1473619]
	Ordinal0 [0x0102AD71+961905]
	Ordinal0 [0x00FB42B3+475827]
	Ordinal0 [0x00F4C2AB+49835]
	Ordinal0 [0x00F69149+168265]
	Ordinal0 [0x00F68D1D+167197]
	Ordinal0 [0x00F6742B+160811]
	Ordinal0 [0x00F50AE6+68326]
	Ordinal0 [0x00F51BF0+72688]
	Ordinal0 [0x00F51B89+72585]
	Ordinal0 [0x01044B37+1067831]
	GetHandleVerifier [0x01146845+506677]
	GetHandleVerifier [0x011465E0+506064]
	GetHandleVerifier [0x0114D188+533624]
	GetHandleVerifier [0x0114701A+508682]
	Ordinal0 [0x0103C226+1032742]
	Ordinal0 [0x0103C09F+1032351]
	Ordinal0 [0x01046A4B+1075787]
	Ordinal0 [0x01046BB3+1076147]
	Ordinal0 [0x01045B65+1071973]
	BaseThreadInitThunk [0x76F78494+36]
	RtlAreBitsSet [0x774941C8+136]
	RtlAreBitsSet [0x77494198+88]

	at sun.reflect.NativeConstructorAccessorImpl.newInstance0(Native Method)
	at sun.reflect.NativeConstructorAccessorImpl.newInstance(NativeConstructorAccessorImpl.java:62)
	at sun.reflect.DelegatingConstructorAccessorImpl.newInstance(DelegatingConstructorAccessorImpl.java:45)
	at java.lang.reflect.Constructor.newInstance(Constructor.java:423)
	at org.openqa.selenium.remote.W3CHandshakeResponse.lambda$errorHandler$0(W3CHandshakeResponse.java:62)
	at org.openqa.selenium.remote.HandshakeResponse.lambda$getResponseFunction$0(HandshakeResponse.java:30)
	at org.openqa.selenium.remote.ProtocolHandshake.lambda$createSession$0(ProtocolHandshake.java:126)
	at java.util.stream.ReferencePipeline$3$1.accept(ReferencePipeline.java:193)
	at java.util.Spliterators$ArraySpliterator.tryAdvance(Spliterators.java:958)
	at java.util.stream.ReferencePipeline.forEachWithCancel(ReferencePipeline.java:126)
	at java.util.stream.AbstractPipeline.copyIntoWithCancel(AbstractPipeline.java:498)
	at java.util.stream.AbstractPipeline.copyInto(AbstractPipeline.java:485)
	at java.util.stream.AbstractPipeline.wrapAndCopyInto(AbstractPipeline.java:471)
	at java.util.stream.FindOps$FindOp.evaluateSequential(FindOps.java:152)
	at java.util.stream.AbstractPipeline.evaluate(AbstractPipeline.java:234)
	at java.util.stream.ReferencePipeline.findFirst(ReferencePipeline.java:464)
	at org.openqa.selenium.remote.ProtocolHandshake.createSession(ProtocolHandshake.java:128)
	at org.openqa.selenium.remote.ProtocolHandshake.createSession(ProtocolHandshake.java:74)
	at org.openqa.selenium.remote.HttpCommandExecutor.execute(HttpCommandExecutor.java:136)
	at org.openqa.selenium.remote.RemoteWebDriver.execute(RemoteWebDriver.java:552)
	at com.qmetry.qaf.automation.ui.webdriver.QAFExtendedWebDriver.execute(QAFExtendedWebDriver.java:235)
	at org.openqa.selenium.remote.RemoteWebDriver.startSession(RemoteWebDriver.java:213)
	at org.openqa.selenium.remote.RemoteWebDriver.<init>(RemoteWebDriver.java:131)
	at org.openqa.selenium.remote.RemoteWebDriver.<init>(RemoteWebDriver.java:144)
	at com.qmetry.qaf.automation.ui.webdriver.QAFExtendedWebDriver.<init>(QAFExtendedWebDriver.java:95)
	at com.qmetry.qaf.automation.ui.UiDriverFactory$Browsers.getDriver(UiDriverFactory.java:413)
	at com.qmetry.qaf.automation.ui.UiDriverFactory$Browsers.access$5(UiDriverFactory.java:406)
	at com.qmetry.qaf.automation.ui.UiDriverFactory.getDriver(UiDriverFactory.java:221)
	at com.qmetry.qaf.automation.ui.UiDriverFactory.get(UiDriverFactory.java:94)
	at com.qmetry.qaf.automation.core.QAFTestBase$DriverInitExpectedCondition.apply(QAFTestBase.java:564)
	... 60 more
]]>
            </full-stacktrace>
          </exception> <!-- org.openqa.selenium.TimeoutException -->
          <reporter-output>
            <line>
              <![CDATA[<div style="display:block;margin-left:10px;"><div  class="teststepfail"><span class="teststepfail-label">T </span>Given User register</div><div style="display:block;margin-left:10px;"><div  class="teststepfail"><span class="teststepfail-label">T </span>get '/'</div><div style="display:block;margin-left:10px;"><div  class="fail"><span class="fail-label">F </span>org.openqa.selenium.TimeoutException: Timed out after 0 seconds: Unable to create driver instance in 1st attempt with retry timeout of 0 seconds. You can check/set value of 'driver.init.retry.timeout' appropriately to set retry timeout on driver initialization failure.</div></div><div  class="fail"><span class="fail-label">F </span>Timed out after 0 seconds: Unable to create driver instance in 1st attempt with retry timeout of 0 seconds. You can check/set value of 'driver.init.retry.timeout' appropriately to set retry timeout on driver initialization failure.</div></div><div  class="teststep"><span class="teststep-label">T </span>When click on register button</div><div  class="teststep"><span class="teststep-label">T </span>When User enter with fname '${fname}' and lname '${lname}' and phone '${phone}' and email '${email}' and address '${address}'</div><div  class="teststep"><span class="teststep-label">T </span>Then User click on continue button</div><div  class="teststep"><span class="teststep-label">T </span>Then user register successfully</div></div>]]>
            </line>
          </reporter-output>
        </test-method> <!-- New tour register -->
        <test-method status="PASS" signature="afterMethod(org.testng.ITestContext, org.testng.ITestResult)[pri:0, instance:com.qmetry.qaf.automation.step.client.DataDrivenScenario@3e8]" test-instance-name="New tour register" name="afterMethod" is-config="true" duration-ms="2" started-at="2019-10-28T10:36:45Z" finished-at="2019-10-28T10:36:45Z">
          <params>
            <param index="0">
              <value>
                <![CDATA[org.testng.TestRunner@525f1e4e]]>
              </value>
            </param>
            <param index="1">
              <value>
                <![CDATA[[TestResult name=New tour register status=FAILURE method=resources.scenarios.RegisterCSV.bdd.New tour register( java.util.Map)[pri:1000, instance:com.qmetry.qaf.automation.step.client.DataDrivenScenario@3e8] output=<div style="display:block;margin-left:10px;"><div  class="teststepfail"><span class="teststepfail-label">T </span>Given User register</div><div style="display:block;margin-left:10px;"><div  class="teststepfail"><span class="teststepfail-label">T </span>get '/'</div><div style="display:block;margin-left:10px;"><div  class="fail"><span class="fail-label">F </span>org.openqa.selenium.TimeoutException: Timed out after 0 seconds: Unable to create driver instance in 1st attempt with retry timeout of 0 seconds. You can check/set value of 'driver.init.retry.timeout' appropriately to set retry timeout on driver initialization failure.</div></div><div  class="fail"><span class="fail-label">F </span>Timed out after 0 seconds: Unable to create driver instance in 1st attempt with retry timeout of 0 seconds. You can check/set value of 'driver.init.retry.timeout' appropriately to set retry timeout on driver initialization failure.</div></div><div  class="teststep"><span class="teststep-label">T </span>When click on register button</div><div  class="teststep"><span class="teststep-label">T </span>When User enter with fname '${fname}' and lname '${lname}' and phone '${phone}' and email '${email}' and address '${address}'</div><div  class="teststep"><span class="teststep-label">T </span>Then User click on continue button</div><div  class="teststep"><span class="teststep-label">T </span>Then user register successfully</div></div>]]]>
              </value>
            </param>
          </params>
          <reporter-output>
          </reporter-output>
        </test-method> <!-- afterMethod -->
        <test-method status="PASS" signature="setupMethod(java.lang.reflect.Method, org.testng.ITestContext)[pri:0, instance:com.qmetry.qaf.automation.step.client.DataDrivenScenario@3e8]" test-instance-name="New tour register" name="setupMethod" is-config="true" duration-ms="1" started-at="2019-10-28T10:36:45Z" finished-at="2019-10-28T10:36:45Z">
          <params>
            <param index="0">
              <value>
                <![CDATA[public void com.qmetry.qaf.automation.step.client.DataDrivenScenario.scenario(java.util.Map)]]>
              </value>
            </param>
            <param index="1">
              <value>
                <![CDATA[org.testng.TestRunner@525f1e4e]]>
              </value>
            </param>
          </params>
          <reporter-output>
          </reporter-output>
        </test-method> <!-- setupMethod -->
        <test-method status="SKIP" signature="New tour register( java.util.Map)[pri:1000, instance:com.qmetry.qaf.automation.step.client.DataDrivenScenario@3e8]" test-instance-name="New tour register" name="New tour register" duration-ms="5520" started-at="2019-10-28T10:36:45Z" description="use valid details and fill the registration form" finished-at="2019-10-28T10:36:51Z">
          <params>
            <param index="0">
              <value>
                <![CDATA[{fname=guest, lname=bkd, phone=5445645, email=nfbdnkjfbd, address=dfdsjjdsh, __index=2}]]>
              </value>
            </param>
          </params>
          <exception class="com.qmetry.qaf.automation.step.StepInvocationException">
            <message>
              <![CDATA[Unable to invoke JavaStep with given arguments: register[${fname}, ${lname}, ${phone}, ${email}, ${address}]
at ]]>
            </message>
            <full-stacktrace>
              <![CDATA[com.qmetry.qaf.automation.step.StepInvocationException: Unable to invoke JavaStep with given arguments: register[${fname}, ${lname}, ${phone}, ${email}, ${address}]
at 
	at .When User enter with fname '${fname}' and lname '${lname}' and phone '${phone}' and email '${email}' and address '${address}'(resources/scenarios/RegisterCSV.bdd:5)
	at com.newtour.steps.RegisterCSVSteps.register(com.newtour.steps.RegisterCSVSteps:0)
]]>
            </full-stacktrace>
          </exception> <!-- com.qmetry.qaf.automation.step.StepInvocationException -->
          <reporter-output>
            <line>
              <![CDATA[<div style="display:block;margin-left:10px;"><div  class="teststeppass"><span class="teststeppass-label">T </span>Given User register</div><div style="display:block;margin-left:10px;"><div  class="teststeppass"><span class="teststeppass-label">T </span>get '/'</div></div><div  class="teststeppass"><span class="teststeppass-label">T </span>When click on register button</div><div style="display:block;margin-left:10px;"><div  class="teststeppass"><span class="teststeppass-label">T </span>click on 'register.register.link'</div></div><div  class="teststepfail"><span class="teststepfail-label">T </span>When User enter with fname 'guest' and lname 'bkd' and phone '5445645' and email 'nfbdnkjfbd' and address 'dfdsjjdsh'</div><div style="display:block;margin-left:10px;"><div  class="fail"><span class="fail-label">F </span>Unable to invoke JavaStep with given arguments: register[${fname}, ${lname}, ${phone}, ${email}, ${address}]
at </div></div><div  class="teststep"><span class="teststep-label">T </span>Then User click on continue button</div><div  class="teststep"><span class="teststep-label">T </span>Then user register successfully</div></div>]]>
            </line>
          </reporter-output>
        </test-method> <!-- New tour register -->
        <test-method status="PASS" signature="afterMethod(org.testng.ITestContext, org.testng.ITestResult)[pri:0, instance:com.qmetry.qaf.automation.step.client.DataDrivenScenario@3e8]" test-instance-name="New tour register" name="afterMethod" is-config="true" duration-ms="1" started-at="2019-10-28T10:36:51Z" finished-at="2019-10-28T10:36:51Z">
          <params>
            <param index="0">
              <value>
                <![CDATA[org.testng.TestRunner@525f1e4e]]>
              </value>
            </param>
            <param index="1">
              <value>
                <![CDATA[[TestResult name=New tour register status=SKIP method=resources.scenarios.RegisterCSV.bdd.New tour register( java.util.Map)[pri:1000, instance:com.qmetry.qaf.automation.step.client.DataDrivenScenario@3e8] output=<div style="display:block;margin-left:10px;"><div  class="teststeppass"><span class="teststeppass-label">T </span>Given User register</div><div style="display:block;margin-left:10px;"><div  class="teststeppass"><span class="teststeppass-label">T </span>get '/'</div></div><div  class="teststeppass"><span class="teststeppass-label">T </span>When click on register button</div><div style="display:block;margin-left:10px;"><div  class="teststeppass"><span class="teststeppass-label">T </span>click on 'register.register.link'</div></div><div  class="teststepfail"><span class="teststepfail-label">T </span>When User enter with fname 'guest' and lname 'bkd' and phone '5445645' and email 'nfbdnkjfbd' and address 'dfdsjjdsh'</div><div style="display:block;margin-left:10px;"><div  class="fail"><span class="fail-label">F </span>Unable to invoke JavaStep with given arguments: register[${fname}, ${lname}, ${phone}, ${email}, ${address}]
at </div></div><div  class="teststep"><span class="teststep-label">T </span>Then User click on continue button</div><div  class="teststep"><span class="teststep-label">T </span>Then user register successfully</div></div>]]]>
              </value>
            </param>
          </params>
          <reporter-output>
          </reporter-output>
        </test-method> <!-- afterMethod -->
        <test-method status="PASS" signature="afterClass(org.testng.ITestContext)[pri:0, instance:com.qmetry.qaf.automation.step.client.DataDrivenScenario@3e8]" test-instance-name="New tour register" name="afterClass" is-config="true" duration-ms="0" started-at="2019-10-28T10:36:51Z" finished-at="2019-10-28T10:36:51Z">
          <params>
            <param index="0">
              <value>
                <![CDATA[org.testng.TestRunner@525f1e4e]]>
              </value>
            </param>
          </params>
          <reporter-output>
          </reporter-output>
        </test-method> <!-- afterClass -->
        <test-method status="PASS" signature="afterTest(org.testng.ITestContext)[pri:0, instance:com.qmetry.qaf.automation.step.client.DataDrivenScenario@3e8]" test-instance-name="New tour register" name="afterTest" is-config="true" duration-ms="55" started-at="2019-10-28T10:36:51Z" finished-at="2019-10-28T10:36:51Z">
          <params>
            <param index="0">
              <value>
                <![CDATA[org.testng.TestRunner@525f1e4e]]>
              </value>
            </param>
          </params>
          <reporter-output>
          </reporter-output>
        </test-method> <!-- afterTest -->
        <test-method status="PASS" signature="afterSuit(org.testng.ITestContext)[pri:0, instance:com.qmetry.qaf.automation.step.client.DataDrivenScenario@3e8]" test-instance-name="New tour register" name="afterSuit" is-config="true" duration-ms="1" started-at="2019-10-28T10:36:51Z" finished-at="2019-10-28T10:36:51Z">
          <params>
            <param index="0">
              <value>
                <![CDATA[org.testng.TestRunner@525f1e4e]]>
              </value>
            </param>
          </params>
          <reporter-output>
          </reporter-output>
        </test-method> <!-- afterSuit -->
      </class> <!-- com.qmetry.qaf.automation.step.client.DataDrivenScenario -->
    </test> <!-- BDD Test -->
  </suite> <!-- QAF BDD -->
</testng-results>
