<!DOCTYPE html>

<html>
  <head>
  <meta charset='utf-8'>
  <title>TestNG reports</title>

    <link type="text/css" href="testng-reports.css" rel="stylesheet" />  
    <script type="text/javascript" src="jquery-1.7.1.min.js"></script>
    <script type="text/javascript" src="testng-reports.js"></script>
    <script type="text/javascript" src="https://www.google.com/jsapi"></script>
    <script type='text/javascript'>
      google.load('visualization', '1', {packages:['table']});
      google.setOnLoadCallback(drawTable);
      var suiteTableInitFunctions = new Array();
      var suiteTableData = new Array();
    </script>
    <!--
      <script type="text/javascript" src="jquery-ui/js/jquery-ui-1.8.16.custom.min.js"></script>
     -->
  </head>

  <body>
    <div class="top-banner-root">
      <span class="top-banner-title-font">Test results</span>
      <br/>
      <span class="top-banner-font-1">1 suite, 2 failed tests</span>
    </div> <!-- top-banner-root -->
    <div class="navigator-root">
      <div class="navigator-suite-header">
        <span>All suites</span>
        <a href="#" class="collapse-all-link" title="Collapse/expand all the suites">
          <img class="collapse-all-icon" src="collapseall.gif">
          </img> <!-- collapse-all-icon -->
        </a> <!-- collapse-all-link -->
      </div> <!-- navigator-suite-header -->
      <div class="suite">
        <div class="rounded-window">
          <div class="suite-header light-rounded-window-top">
            <a href="#" class="navigator-link" panel-name="suite-QAF_BDD">
              <span class="suite-name border-failed">QAF BDD</span>
            </a> <!-- navigator-link -->
          </div> <!-- suite-header light-rounded-window-top -->
          <div class="navigator-suite-content">
            <div class="suite-section-title">
              <span>Info</span>
            </div> <!-- suite-section-title -->
            <div class="suite-section-content">
              <ul>
                <li>
                  <a href="#" class="navigator-link " panel-name="test-xml-QAF_BDD">
                    <span>C:\Users\MOHAN\Downloads\is_corp-mohan_reddy-73a8f464096f\Selenium\config\testrun_config.xml</span>
                  </a> <!-- navigator-link  -->
                </li>
                <li>
                  <a href="#" class="navigator-link " panel-name="testlist-QAF_BDD">
                    <span class="test-stats">1 test</span>
                  </a> <!-- navigator-link  -->
                </li>
                <li>
                  <a href="#" class="navigator-link " panel-name="group-QAF_BDD">
                    <span>0 groups</span>
                  </a> <!-- navigator-link  -->
                </li>
                <li>
                  <a href="#" class="navigator-link " panel-name="times-QAF_BDD">
                    <span>Times</span>
                  </a> <!-- navigator-link  -->
                </li>
                <li>
                  <a href="#" class="navigator-link " panel-name="reporter-QAF_BDD">
                    <span>Reporter output</span>
                  </a> <!-- navigator-link  -->
                </li>
                <li>
                  <a href="#" class="navigator-link " panel-name="ignored-methods-QAF_BDD">
                    <span>Ignored methods</span>
                  </a> <!-- navigator-link  -->
                </li>
                <li>
                  <a href="#" class="navigator-link " panel-name="chronological-QAF_BDD">
                    <span>Chronological view</span>
                  </a> <!-- navigator-link  -->
                </li>
              </ul>
            </div> <!-- suite-section-content -->
            <div class="result-section">
              <div class="suite-section-title">
                <span>Results</span>
              </div> <!-- suite-section-title -->
              <div class="suite-section-content">
                <ul>
                  <li>
                    <span class="method-stats">2 methods, 2 failed,   </span>
                  </li>
                  <li>
                    <span class="method-list-title failed">Failed methods</span>
                    <span class="show-or-hide-methods failed">
                      <a href="#" panel-name="suite-QAF_BDD" class="hide-methods failed suite-QAF_BDD"> (hide)</a> <!-- hide-methods failed suite-QAF_BDD -->
                      <a href="#" panel-name="suite-QAF_BDD" class="show-methods failed suite-QAF_BDD"> (show)</a> <!-- show-methods failed suite-QAF_BDD -->
                    </span>
                    <div class="method-list-content failed suite-QAF_BDD">
                      <span>
                        <img width="3%" src="failed.png"/>
                        <a href="#" class="method navigator-link" panel-name="suite-QAF_BDD" title="com.qmetry.qaf.automation.step.client.DataDrivenScenario" hash-for-method="New tour register({fname=guest, lname=bkd, phone=&quot;1245635552&quot;, email=nfbdnkjfbd, address=dfdsjjdsh, __index=2})">New tour register({fname=guest, lname=bkd, phone="1245635552", email=nfbdnkjfbd, address=dfdsjjdsh, __index=2})</a> <!-- method navigator-link -->
                      </span>
                      <br/>
                      <span>
                        <img width="3%" src="failed.png"/>
                        <a href="#" class="method navigator-link" panel-name="suite-QAF_BDD" title="com.qmetry.qaf.automation.step.client.DataDrivenScenario" hash-for-method="New tour register({fname=mohan	, lname=reddy, phone=&quot;5655225&quot;, email=djfbahdaj, address=ahdfah, __index=1})">New tour register({fname=mohan	, lname=reddy, phone="5655225", email=djfbahdaj, address=ahdfah, __index=1})</a> <!-- method navigator-link -->
                      </span>
                      <br/>
                    </div> <!-- method-list-content failed suite-QAF_BDD -->
                  </li>
                </ul>
              </div> <!-- suite-section-content -->
            </div> <!-- result-section -->
          </div> <!-- navigator-suite-content -->
        </div> <!-- rounded-window -->
      </div> <!-- suite -->
    </div> <!-- navigator-root -->
    <div class="wrapper">
      <div class="main-panel-root">
        <div panel-name="suite-QAF_BDD" class="panel QAF_BDD">
          <div class="suite-QAF_BDD-class-failed">
            <div class="main-panel-header rounded-window-top">
              <img src="failed.png"/>
              <span class="class-name">com.qmetry.qaf.automation.step.client.DataDrivenScenario</span>
            </div> <!-- main-panel-header rounded-window-top -->
            <div class="main-panel-content rounded-window-bottom">
              <div class="method">
                <div class="method-content">
                  <a name="New tour register({fname=guest, lname=bkd, phone=&quot;1245635552&quot;, email=nfbdnkjfbd, address=dfdsjjdsh, __index=2})">
                  </a> <!-- New tour register({fname=guest, lname=bkd, phone="1245635552", email=nfbdnkjfbd, address=dfdsjjdsh, __index=2}) -->
                  <span class="method-name">New tour register</span>
                  <span class="parameters">({fname=guest, lname=bkd, phone="1245635552", email=nfbdnkjfbd, address=dfdsjjdsh, __index=2})</span>
                  <div class="stack-trace">org.openqa.selenium.TimeoutException: Timed out after 0 seconds: Unable to create driver instance in 1st attempt with retry timeout of 0 seconds. You can check/set value of &apos;driver.init.retry.timeout&apos; appropriately to set retry timeout on driver initialization failure.
	at .Given User register(resources/scenarios/RegisterCSV.bdd:3)
	at com.qmetry.qaf.automation.ui.util.DynamicWait.until(DynamicWait.java:170)
	at com.qmetry.qaf.automation.core.QAFTestBase.init(QAFTestBase.java:474)
	at com.qmetry.qaf.automation.core.QAFTestBase.getUiDriver(QAFTestBase.java:254)
	at com.qmetry.qaf.automation.ui.WebDriverTestBase.getDriver(WebDriverTestBase.java:47)
	at com.qmetry.qaf.automation.step.CommonStep.get_aroundBody24(CommonStep.java:304)
	at com.qmetry.qaf.automation.step.JavaStepReporter$MockJavaStep.doExecute(JavaStepReporter.java:138)
	at com.qmetry.qaf.automation.step.BaseTestStep.execute(BaseTestStep.java:149)
	at com.qmetry.qaf.automation.step.JavaStepReporter.javaTestStep(JavaStepReporter.java:88)
	at com.qmetry.qaf.automation.step.CommonStep.get(CommonStep.java:303)
	at com.newtour.steps.RegisterSteps.openBrowser_aroundBody0(RegisterSteps.java:11)
	at com.qmetry.qaf.automation.step.JavaStepReporter.javaTestStep(JavaStepReporter.java:101)
	at com.newtour.steps.RegisterSteps.openBrowser(RegisterSteps.java:9)
	at com.qmetry.qaf.automation.step.JavaStep.doExecute(JavaStep.java:153)
	at com.qmetry.qaf.automation.step.BaseTestStep.execute(BaseTestStep.java:149)
	at com.qmetry.qaf.automation.step.StringTestStep.execute(StringTestStep.java:134)
	at com.qmetry.qaf.automation.step.client.Scenario.execute(Scenario.java:180)
	at com.qmetry.qaf.automation.step.client.DataDrivenScenario.scenario(DataDrivenScenario.java:69)
Caused by: org.openqa.selenium.WebDriverException: Unable to create driver instance in 1st attempt with retry timeout of 0 seconds. You can check/set value of &apos;driver.init.retry.timeout&apos; appropriately to set retry timeout on driver initialization failure.
	at com.qmetry.qaf.automation.core.QAFTestBase$DriverInitExpectedCondition.apply(QAFTestBase.java:568)
	at com.qmetry.qaf.automation.core.QAFTestBase$DriverInitExpectedCondition.apply(QAFTestBase.java:1)
	at com.qmetry.qaf.automation.ui.util.DynamicWait.until(DynamicWait.java:149)
	at com.qmetry.qaf.automation.core.QAFTestBase.init(QAFTestBase.java:474)
	at com.qmetry.qaf.automation.core.QAFTestBase.getUiDriver(QAFTestBase.java:254)
	at com.qmetry.qaf.automation.ui.WebDriverTestBase.getDriver(WebDriverTestBase.java:47)
	at com.qmetry.qaf.automation.step.CommonStep.get_aroundBody24(CommonStep.java:304)
	at com.qmetry.qaf.automation.step.CommonStep$AjcClosure25.run(CommonStep.java:1)
	at com.qmetry.qaf.automation.step.JavaStepReporter$MockJavaStep.doExecute(JavaStepReporter.java:138)
	at com.qmetry.qaf.automation.step.BaseTestStep.execute(BaseTestStep.java:149)
	at com.qmetry.qaf.automation.step.JavaStepReporter.javaTestStep(JavaStepReporter.java:88)
	at com.qmetry.qaf.automation.step.CommonStep.get(CommonStep.java:303)
	at com.newtour.steps.RegisterSteps.openBrowser_aroundBody0(RegisterSteps.java:11)
	at com.newtour.steps.RegisterSteps$AjcClosure1.run(RegisterSteps.java:1)
	at com.qmetry.qaf.automation.step.JavaStepReporter.javaTestStep(JavaStepReporter.java:101)
	at com.newtour.steps.RegisterSteps.openBrowser(RegisterSteps.java:9)
	at com.qmetry.qaf.automation.step.JavaStep.doExecute(JavaStep.java:153)
	at com.qmetry.qaf.automation.step.BaseTestStep.execute(BaseTestStep.java:149)
	at com.qmetry.qaf.automation.step.StringTestStep.execute(StringTestStep.java:134)
	at com.qmetry.qaf.automation.step.client.Scenario.execute(Scenario.java:180)
	at com.qmetry.qaf.automation.step.client.DataDrivenScenario.scenario(DataDrivenScenario.java:69)
	... 5 more
Caused by: org.openqa.selenium.SessionNotCreatedException: session not created: This version of ChromeDriver only supports Chrome version 76
Build info: version: &apos;3.141.59&apos;, revision: &apos;e82be7d358&apos;, time: &apos;2018-11-14T08:17:03&apos;
System info: host: &apos;MOHAN-HP&apos;, ip: &apos;192.168.43.24&apos;, os.name: &apos;Windows 10&apos;, os.arch: &apos;amd64&apos;, os.version: &apos;10.0&apos;, java.version: &apos;1.8.0_102&apos;
Driver info: driver.version: QAFExtendedWebDriver
remote stacktrace: Backtrace:
	Ordinal0 [0x00647C53+1473619]
	Ordinal0 [0x005CAD71+961905]
	Ordinal0 [0x005542B3+475827]
	Ordinal0 [0x004EF365+62309]
	Ordinal0 [0x004EBC77+48247]
	Ordinal0 [0x00509149+168265]
	Ordinal0 [0x00508D1D+167197]
	Ordinal0 [0x0050742B+160811]
	Ordinal0 [0x004F0AE6+68326]
	Ordinal0 [0x004F1BF0+72688]
	Ordinal0 [0x004F1B89+72585]
	Ordinal0 [0x005E4B37+1067831]
	GetHandleVerifier [0x006E6845+506677]
	GetHandleVerifier [0x006E65E0+506064]
	GetHandleVerifier [0x006ED188+533624]
	GetHandleVerifier [0x006E701A+508682]
	Ordinal0 [0x005DC226+1032742]
	Ordinal0 [0x005DC09F+1032351]
	Ordinal0 [0x005E6A4B+1075787]
	Ordinal0 [0x005E6BB3+1076147]
	Ordinal0 [0x005E5B65+1071973]
	BaseThreadInitThunk [0x757C6359+25]
	RtlGetAppContainerNamedObjectPath [0x77847A94+228]
	RtlGetAppContainerNamedObjectPath [0x77847A64+180]

	at org.openqa.selenium.remote.W3CHandshakeResponse.lambda$errorHandler$0(W3CHandshakeResponse.java:62)
	at org.openqa.selenium.remote.HandshakeResponse.lambda$getResponseFunction$0(HandshakeResponse.java:30)
	at org.openqa.selenium.remote.ProtocolHandshake.lambda$createSession$0(ProtocolHandshake.java:126)
	at java.util.stream.ReferencePipeline$3$1.accept(ReferencePipeline.java:193)
	at java.util.Spliterators$ArraySpliterator.tryAdvance(Spliterators.java:958)
	at java.util.stream.ReferencePipeline.forEachWithCancel(ReferencePipeline.java:126)
	at java.util.stream.AbstractPipeline.copyIntoWithCancel(AbstractPipeline.java:498)
	at java.util.stream.AbstractPipeline.copyInto(AbstractPipeline.java:485)
	at java.util.stream.AbstractPipeline.wrapAndCopyInto(AbstractPipeline.java:471)
	at java.util.stream.FindOps$FindOp.evaluateSequential(FindOps.java:152)
	at java.util.stream.AbstractPipeline.evaluate(AbstractPipeline.java:234)
	at java.util.stream.ReferencePipeline.findFirst(ReferencePipeline.java:464)
	at org.openqa.selenium.remote.ProtocolHandshake.createSession(ProtocolHandshake.java:128)
	at org.openqa.selenium.remote.ProtocolHandshake.createSession(ProtocolHandshake.java:74)
	at org.openqa.selenium.remote.HttpCommandExecutor.execute(HttpCommandExecutor.java:136)
	at org.openqa.selenium.remote.RemoteWebDriver.execute(RemoteWebDriver.java:552)
	at com.qmetry.qaf.automation.ui.webdriver.QAFExtendedWebDriver.execute(QAFExtendedWebDriver.java:235)
	at org.openqa.selenium.remote.RemoteWebDriver.startSession(RemoteWebDriver.java:213)
	at org.openqa.selenium.remote.RemoteWebDriver.&lt;init&gt;(RemoteWebDriver.java:131)
	at org.openqa.selenium.remote.RemoteWebDriver.&lt;init&gt;(RemoteWebDriver.java:144)
	at com.qmetry.qaf.automation.ui.webdriver.QAFExtendedWebDriver.&lt;init&gt;(QAFExtendedWebDriver.java:95)
	at com.qmetry.qaf.automation.ui.UiDriverFactory$Browsers.getDriver(UiDriverFactory.java:413)
	at com.qmetry.qaf.automation.ui.UiDriverFactory$Browsers.access$5(UiDriverFactory.java:406)
	at com.qmetry.qaf.automation.ui.UiDriverFactory.getDriver(UiDriverFactory.java:221)
	at com.qmetry.qaf.automation.ui.UiDriverFactory.get(UiDriverFactory.java:94)
	at com.qmetry.qaf.automation.core.QAFTestBase$DriverInitExpectedCondition.apply(QAFTestBase.java:564)
	... 60 more
... Removed 47 stack frames
</div> <!-- stack-trace -->
                  <em>
(use valid details and fill the registration form)                  </em>
                </div> <!-- method-content -->
              </div> <!-- method -->
              <div class="method">
                <div class="method-content">
                  <a name="New tour register({fname=mohan	, lname=reddy, phone=&quot;5655225&quot;, email=djfbahdaj, address=ahdfah, __index=1})">
                  </a> <!-- New tour register({fname=mohan	, lname=reddy, phone="5655225", email=djfbahdaj, address=ahdfah, __index=1}) -->
                  <span class="method-name">New tour register</span>
                  <span class="parameters">({fname=mohan	, lname=reddy, phone="5655225", email=djfbahdaj, address=ahdfah, __index=1})</span>
                  <div class="stack-trace">org.openqa.selenium.TimeoutException: Timed out after 0 seconds: Unable to create driver instance in 1st attempt with retry timeout of 0 seconds. You can check/set value of &apos;driver.init.retry.timeout&apos; appropriately to set retry timeout on driver initialization failure.
	at .Given User register(resources/scenarios/RegisterCSV.bdd:3)
	at com.qmetry.qaf.automation.ui.util.DynamicWait.until(DynamicWait.java:170)
	at com.qmetry.qaf.automation.core.QAFTestBase.init(QAFTestBase.java:474)
	at com.qmetry.qaf.automation.core.QAFTestBase.getUiDriver(QAFTestBase.java:254)
	at com.qmetry.qaf.automation.ui.WebDriverTestBase.getDriver(WebDriverTestBase.java:47)
	at com.qmetry.qaf.automation.step.CommonStep.get_aroundBody24(CommonStep.java:304)
	at com.qmetry.qaf.automation.step.JavaStepReporter$MockJavaStep.doExecute(JavaStepReporter.java:138)
	at com.qmetry.qaf.automation.step.BaseTestStep.execute(BaseTestStep.java:149)
	at com.qmetry.qaf.automation.step.JavaStepReporter.javaTestStep(JavaStepReporter.java:88)
	at com.qmetry.qaf.automation.step.CommonStep.get(CommonStep.java:303)
	at com.newtour.steps.RegisterSteps.openBrowser_aroundBody0(RegisterSteps.java:11)
	at com.qmetry.qaf.automation.step.JavaStepReporter.javaTestStep(JavaStepReporter.java:101)
	at com.newtour.steps.RegisterSteps.openBrowser(RegisterSteps.java:9)
	at com.qmetry.qaf.automation.step.JavaStep.doExecute(JavaStep.java:153)
	at com.qmetry.qaf.automation.step.BaseTestStep.execute(BaseTestStep.java:149)
	at com.qmetry.qaf.automation.step.StringTestStep.execute(StringTestStep.java:134)
	at com.qmetry.qaf.automation.step.client.Scenario.execute(Scenario.java:180)
	at com.qmetry.qaf.automation.step.client.DataDrivenScenario.scenario(DataDrivenScenario.java:69)
Caused by: org.openqa.selenium.WebDriverException: Unable to create driver instance in 1st attempt with retry timeout of 0 seconds. You can check/set value of &apos;driver.init.retry.timeout&apos; appropriately to set retry timeout on driver initialization failure.
	at com.qmetry.qaf.automation.core.QAFTestBase$DriverInitExpectedCondition.apply(QAFTestBase.java:568)
	at com.qmetry.qaf.automation.core.QAFTestBase$DriverInitExpectedCondition.apply(QAFTestBase.java:1)
	at com.qmetry.qaf.automation.ui.util.DynamicWait.until(DynamicWait.java:149)
	at com.qmetry.qaf.automation.core.QAFTestBase.init(QAFTestBase.java:474)
	at com.qmetry.qaf.automation.core.QAFTestBase.getUiDriver(QAFTestBase.java:254)
	at com.qmetry.qaf.automation.ui.WebDriverTestBase.getDriver(WebDriverTestBase.java:47)
	at com.qmetry.qaf.automation.step.CommonStep.get_aroundBody24(CommonStep.java:304)
	at com.qmetry.qaf.automation.step.CommonStep$AjcClosure25.run(CommonStep.java:1)
	at com.qmetry.qaf.automation.step.JavaStepReporter$MockJavaStep.doExecute(JavaStepReporter.java:138)
	at com.qmetry.qaf.automation.step.BaseTestStep.execute(BaseTestStep.java:149)
	at com.qmetry.qaf.automation.step.JavaStepReporter.javaTestStep(JavaStepReporter.java:88)
	at com.qmetry.qaf.automation.step.CommonStep.get(CommonStep.java:303)
	at com.newtour.steps.RegisterSteps.openBrowser_aroundBody0(RegisterSteps.java:11)
	at com.newtour.steps.RegisterSteps$AjcClosure1.run(RegisterSteps.java:1)
	at com.qmetry.qaf.automation.step.JavaStepReporter.javaTestStep(JavaStepReporter.java:101)
	at com.newtour.steps.RegisterSteps.openBrowser(RegisterSteps.java:9)
	at com.qmetry.qaf.automation.step.JavaStep.doExecute(JavaStep.java:153)
	at com.qmetry.qaf.automation.step.BaseTestStep.execute(BaseTestStep.java:149)
	at com.qmetry.qaf.automation.step.StringTestStep.execute(StringTestStep.java:134)
	at com.qmetry.qaf.automation.step.client.Scenario.execute(Scenario.java:180)
	at com.qmetry.qaf.automation.step.client.DataDrivenScenario.scenario(DataDrivenScenario.java:69)
	... 5 more
Caused by: org.openqa.selenium.SessionNotCreatedException: session not created: This version of ChromeDriver only supports Chrome version 76
Build info: version: &apos;3.141.59&apos;, revision: &apos;e82be7d358&apos;, time: &apos;2018-11-14T08:17:03&apos;
System info: host: &apos;MOHAN-HP&apos;, ip: &apos;192.168.43.24&apos;, os.name: &apos;Windows 10&apos;, os.arch: &apos;amd64&apos;, os.version: &apos;10.0&apos;, java.version: &apos;1.8.0_102&apos;
Driver info: driver.version: QAFExtendedWebDriver
remote stacktrace: Backtrace:
	Ordinal0 [0x00647C53+1473619]
	Ordinal0 [0x005CAD71+961905]
	Ordinal0 [0x005542B3+475827]
	Ordinal0 [0x004EF365+62309]
	Ordinal0 [0x004EBC77+48247]
	Ordinal0 [0x00509149+168265]
	Ordinal0 [0x00508D1D+167197]
	Ordinal0 [0x0050742B+160811]
	Ordinal0 [0x004F0AE6+68326]
	Ordinal0 [0x004F1BF0+72688]
	Ordinal0 [0x004F1B89+72585]
	Ordinal0 [0x005E4B37+1067831]
	GetHandleVerifier [0x006E6845+506677]
	GetHandleVerifier [0x006E65E0+506064]
	GetHandleVerifier [0x006ED188+533624]
	GetHandleVerifier [0x006E701A+508682]
	Ordinal0 [0x005DC226+1032742]
	Ordinal0 [0x005DC09F+1032351]
	Ordinal0 [0x005E6A4B+1075787]
	Ordinal0 [0x005E6BB3+1076147]
	Ordinal0 [0x005E5B65+1071973]
	BaseThreadInitThunk [0x757C6359+25]
	RtlGetAppContainerNamedObjectPath [0x77847A94+228]
	RtlGetAppContainerNamedObjectPath [0x77847A64+180]

	at org.openqa.selenium.remote.W3CHandshakeResponse.lambda$errorHandler$0(W3CHandshakeResponse.java:62)
	at org.openqa.selenium.remote.HandshakeResponse.lambda$getResponseFunction$0(HandshakeResponse.java:30)
	at org.openqa.selenium.remote.ProtocolHandshake.lambda$createSession$0(ProtocolHandshake.java:126)
	at java.util.stream.ReferencePipeline$3$1.accept(ReferencePipeline.java:193)
	at java.util.Spliterators$ArraySpliterator.tryAdvance(Spliterators.java:958)
	at java.util.stream.ReferencePipeline.forEachWithCancel(ReferencePipeline.java:126)
	at java.util.stream.AbstractPipeline.copyIntoWithCancel(AbstractPipeline.java:498)
	at java.util.stream.AbstractPipeline.copyInto(AbstractPipeline.java:485)
	at java.util.stream.AbstractPipeline.wrapAndCopyInto(AbstractPipeline.java:471)
	at java.util.stream.FindOps$FindOp.evaluateSequential(FindOps.java:152)
	at java.util.stream.AbstractPipeline.evaluate(AbstractPipeline.java:234)
	at java.util.stream.ReferencePipeline.findFirst(ReferencePipeline.java:464)
	at org.openqa.selenium.remote.ProtocolHandshake.createSession(ProtocolHandshake.java:128)
	at org.openqa.selenium.remote.ProtocolHandshake.createSession(ProtocolHandshake.java:74)
	at org.openqa.selenium.remote.HttpCommandExecutor.execute(HttpCommandExecutor.java:136)
	at org.openqa.selenium.remote.RemoteWebDriver.execute(RemoteWebDriver.java:552)
	at com.qmetry.qaf.automation.ui.webdriver.QAFExtendedWebDriver.execute(QAFExtendedWebDriver.java:235)
	at org.openqa.selenium.remote.RemoteWebDriver.startSession(RemoteWebDriver.java:213)
	at org.openqa.selenium.remote.RemoteWebDriver.&lt;init&gt;(RemoteWebDriver.java:131)
	at org.openqa.selenium.remote.RemoteWebDriver.&lt;init&gt;(RemoteWebDriver.java:144)
	at com.qmetry.qaf.automation.ui.webdriver.QAFExtendedWebDriver.&lt;init&gt;(QAFExtendedWebDriver.java:95)
	at com.qmetry.qaf.automation.ui.UiDriverFactory$Browsers.getDriver(UiDriverFactory.java:413)
	at com.qmetry.qaf.automation.ui.UiDriverFactory$Browsers.access$5(UiDriverFactory.java:406)
	at com.qmetry.qaf.automation.ui.UiDriverFactory.getDriver(UiDriverFactory.java:221)
	at com.qmetry.qaf.automation.ui.UiDriverFactory.get(UiDriverFactory.java:94)
	at com.qmetry.qaf.automation.core.QAFTestBase$DriverInitExpectedCondition.apply(QAFTestBase.java:564)
	... 60 more
... Removed 47 stack frames
</div> <!-- stack-trace -->
                  <em>
(use valid details and fill the registration form)                  </em>
                </div> <!-- method-content -->
              </div> <!-- method -->
            </div> <!-- main-panel-content rounded-window-bottom -->
          </div> <!-- suite-QAF_BDD-class-failed -->
        </div> <!-- panel QAF_BDD -->
        <div panel-name="test-xml-QAF_BDD" class="panel">
          <div class="main-panel-header rounded-window-top">
            <span class="header-content">C:\Users\MOHAN\Downloads\is_corp-mohan_reddy-73a8f464096f\Selenium\config\testrun_config.xml</span>
          </div> <!-- main-panel-header rounded-window-top -->
          <div class="main-panel-content rounded-window-bottom">
            <pre>
&lt;?xml version=&quot;1.0&quot; encoding=&quot;UTF-8&quot;?&gt;
&lt;!DOCTYPE suite SYSTEM &quot;http://testng.org/testng-1.0.dtd&quot;&gt;
&lt;suite guice-stage=&quot;DEVELOPMENT&quot; verbose=&quot;0&quot; name=&quot;QAF BDD&quot;&gt;
  &lt;test name=&quot;BDD Test&quot;&gt;
    &lt;parameter name=&quot;scenario.file.loc&quot; value=&quot;./resources/scenarios/RegisterCSV.bdd&quot;/&gt;
    &lt;classes&gt;
      &lt;class name=&quot;com.qmetry.qaf.automation.step.client.text.BDDTestFactory&quot;/&gt;
    &lt;/classes&gt;
  &lt;/test&gt; &lt;!-- BDD Test --&gt;
&lt;/suite&gt; &lt;!-- QAF BDD --&gt;
            </pre>
          </div> <!-- main-panel-content rounded-window-bottom -->
        </div> <!-- panel -->
        <div panel-name="testlist-QAF_BDD" class="panel">
          <div class="main-panel-header rounded-window-top">
            <span class="header-content">Tests for QAF BDD</span>
          </div> <!-- main-panel-header rounded-window-top -->
          <div class="main-panel-content rounded-window-bottom">
            <ul>
              <li>
                <span class="test-name">BDD Test (1 class)</span>
              </li>
            </ul>
          </div> <!-- main-panel-content rounded-window-bottom -->
        </div> <!-- panel -->
        <div panel-name="group-QAF_BDD" class="panel">
          <div class="main-panel-header rounded-window-top">
            <span class="header-content">Groups for QAF BDD</span>
          </div> <!-- main-panel-header rounded-window-top -->
          <div class="main-panel-content rounded-window-bottom">
          </div> <!-- main-panel-content rounded-window-bottom -->
        </div> <!-- panel -->
        <div panel-name="times-QAF_BDD" class="panel">
          <div class="main-panel-header rounded-window-top">
            <span class="header-content">Times for QAF BDD</span>
          </div> <!-- main-panel-header rounded-window-top -->
          <div class="main-panel-content rounded-window-bottom">
            <div class="times-div">
              <script type="text/javascript">
suiteTableInitFunctions.push('tableData_QAF_BDD');
function tableData_QAF_BDD() {
var data = new google.visualization.DataTable();
data.addColumn('number', 'Number');
data.addColumn('string', 'Method');
data.addColumn('string', 'Class');
data.addColumn('number', 'Time (ms)');
data.addRows(2);
data.setCell(0, 0, 0)
data.setCell(0, 1, 'New tour register')
data.setCell(0, 2, 'com.qmetry.qaf.automation.step.client.DataDrivenScenario')
data.setCell(0, 3, 27887);
data.setCell(1, 0, 1)
data.setCell(1, 1, 'New tour register')
data.setCell(1, 2, 'com.qmetry.qaf.automation.step.client.DataDrivenScenario')
data.setCell(1, 3, 2927);
window.suiteTableData['QAF_BDD']= { tableData: data, tableDiv: 'times-div-QAF_BDD'}
return data;
}
              </script>
              <span class="suite-total-time">Total running time: 30 seconds</span>
              <div id="times-div-QAF_BDD">
              </div> <!-- times-div-QAF_BDD -->
            </div> <!-- times-div -->
          </div> <!-- main-panel-content rounded-window-bottom -->
        </div> <!-- panel -->
        <div panel-name="reporter-QAF_BDD" class="panel">
          <div class="main-panel-header rounded-window-top">
            <span class="header-content">Reporter output for QAF BDD</span>
          </div> <!-- main-panel-header rounded-window-top -->
          <div class="main-panel-content rounded-window-bottom">
            <div class="reporter-method-div">
              <span class="reporter-method-name">New tour register({fname=guest, lname=bkd, phone="1245635552", email=nfbdnkjfbd, address=dfdsjjdsh, __index=2})</span>
              <div class="reporter-method-output-div">
                <span class="reporter-method-output"><div style="display:block;margin-left:10px;"><div  class="teststepfail"><span class="teststepfail-label">T </span>Given User register</div><div style="display:block;margin-left:10px;"><div  class="teststepfail"><span class="teststepfail-label">T </span>get '/'</div><div style="display:block;margin-left:10px;"><div  class="fail"><span class="fail-label">F </span>org.openqa.selenium.TimeoutException: Timed out after 0 seconds: Unable to create driver instance in 1st attempt with retry timeout of 0 seconds. You can check/set value of 'driver.init.retry.timeout' appropriately to set retry timeout on driver initialization failure.</div></div><div  class="fail"><span class="fail-label">F </span>Timed out after 0 seconds: Unable to create driver instance in 1st attempt with retry timeout of 0 seconds. You can check/set value of 'driver.init.retry.timeout' appropriately to set retry timeout on driver initialization failure.</div></div><div  class="teststep"><span class="teststep-label">T </span>When click on register button</div><div  class="teststep"><span class="teststep-label">T </span>And User enter user data fname '${fname}' and lname '${lname}' and phone '${phone}' and email '${email}' and address '${address}'</div><div  class="teststep"><span class="teststep-label">T </span>Then User click on continue button</div><div  class="teststep"><span class="teststep-label">T </span>Then user register successfully</div></div></span>
              </div> <!-- reporter-method-output-div -->
            </div> <!-- reporter-method-div -->
            <div class="reporter-method-div">
              <span class="reporter-method-name">New tour register({fname=mohan	, lname=reddy, phone="5655225", email=djfbahdaj, address=ahdfah, __index=1})</span>
              <div class="reporter-method-output-div">
                <span class="reporter-method-output"><div style="display:block;margin-left:10px;"><div  class="teststepfail"><span class="teststepfail-label">T </span>Given User register</div><div style="display:block;margin-left:10px;"><div  class="teststepfail"><span class="teststepfail-label">T </span>get '/'</div><div style="display:block;margin-left:10px;"><div  class="fail"><span class="fail-label">F </span>org.openqa.selenium.TimeoutException: Timed out after 0 seconds: Unable to create driver instance in 1st attempt with retry timeout of 0 seconds. You can check/set value of 'driver.init.retry.timeout' appropriately to set retry timeout on driver initialization failure.</div></div><div  class="fail"><span class="fail-label">F </span>Timed out after 0 seconds: Unable to create driver instance in 1st attempt with retry timeout of 0 seconds. You can check/set value of 'driver.init.retry.timeout' appropriately to set retry timeout on driver initialization failure.</div></div><div  class="teststep"><span class="teststep-label">T </span>When click on register button</div><div  class="teststep"><span class="teststep-label">T </span>And User enter user data fname '${fname}' and lname '${lname}' and phone '${phone}' and email '${email}' and address '${address}'</div><div  class="teststep"><span class="teststep-label">T </span>Then User click on continue button</div><div  class="teststep"><span class="teststep-label">T </span>Then user register successfully</div></div></span>
              </div> <!-- reporter-method-output-div -->
            </div> <!-- reporter-method-div -->
          </div> <!-- main-panel-content rounded-window-bottom -->
        </div> <!-- panel -->
        <div panel-name="ignored-methods-QAF_BDD" class="panel">
          <div class="main-panel-header rounded-window-top">
            <span class="header-content">1 ignored method</span>
          </div> <!-- main-panel-header rounded-window-top -->
          <div class="main-panel-content rounded-window-bottom">
            <div class="ignored-class-div">
              <span class="ignored-class-name">com.qmetry.qaf.automation.step.client.DataDrivenScenario</span>
              <div class="ignored-methods-div">
                <span class="ignored-method-name">New tour register</span>
                <br/>
              </div> <!-- ignored-methods-div -->
            </div> <!-- ignored-class-div -->
          </div> <!-- main-panel-content rounded-window-bottom -->
        </div> <!-- panel -->
        <div panel-name="chronological-QAF_BDD" class="panel">
          <div class="main-panel-header rounded-window-top">
            <span class="header-content">Methods in chronological order</span>
          </div> <!-- main-panel-header rounded-window-top -->
          <div class="main-panel-content rounded-window-bottom">
            <div class="chronological-class">
              <div class="chronological-class-name">com.qmetry.qaf.automation.step.client.DataDrivenScenario</div> <!-- chronological-class-name -->
              <div class="configuration-suite before">
                <span class="method-name">setupSuit(org.testng.TestRunner@214b199c)</span>
                <span class="method-start">0 ms</span>
              </div> <!-- configuration-suite before -->
              <div class="configuration-test before">
                <span class="method-name">setupTest(org.testng.TestRunner@214b199c)</span>
                <span class="method-start">56 ms</span>
              </div> <!-- configuration-test before -->
              <div class="configuration-class before">
                <span class="method-name">setup(org.testng.TestRunner@214b199c)</span>
                <span class="method-start">73 ms</span>
              </div> <!-- configuration-class before -->
              <div class="configuration-method before">
                <span class="method-name">setupMethod(public void com.qmetry.qaf.automation.step.client.DataDrivenScenario.scenario(java.util.Map), org.te...)</span>
                <span class="method-start">829 ms</span>
              </div> <!-- configuration-method before -->
              <div class="test-method">
                <img src="failed.png">
                </img>
                <span class="method-name">New tour register({fname=mohan	, lname=reddy, phone="5655225", email=djfbahdaj, address=ahdfah, __index=1})</span>
                <span class="method-start">838 ms</span>
              </div> <!-- test-method -->
              <div class="configuration-method after">
                <span class="method-name">afterMethod(org.testng.TestRunner@214b199c, [TestResult name=New tour register status=FAILURE method=resources.s...)</span>
                <span class="method-start">29386 ms</span>
              </div> <!-- configuration-method after -->
              <div class="configuration-method before">
                <span class="method-name">setupMethod(public void com.qmetry.qaf.automation.step.client.DataDrivenScenario.scenario(java.util.Map), org.te...)</span>
                <span class="method-start">29389 ms</span>
              </div> <!-- configuration-method before -->
              <div class="test-method">
                <img src="failed.png">
                </img>
                <span class="method-name">New tour register({fname=guest, lname=bkd, phone="1245635552", email=nfbdnkjfbd, address=dfdsjjdsh, __index=2})</span>
                <span class="method-start">29393 ms</span>
              </div> <!-- test-method -->
              <div class="configuration-method after">
                <span class="method-name">afterMethod(org.testng.TestRunner@214b199c, [TestResult name=New tour register status=FAILURE method=resources.s...)</span>
                <span class="method-start">32491 ms</span>
              </div> <!-- configuration-method after -->
              <div class="configuration-class after">
                <span class="method-name">afterClass(org.testng.TestRunner@214b199c)</span>
                <span class="method-start">32492 ms</span>
              </div> <!-- configuration-class after -->
              <div class="configuration-test after">
                <span class="method-name">afterTest(org.testng.TestRunner@214b199c)</span>
                <span class="method-start">32494 ms</span>
              </div> <!-- configuration-test after -->
              <div class="configuration-suite after">
                <span class="method-name">afterSuit(org.testng.TestRunner@214b199c)</span>
                <span class="method-start">33074 ms</span>
              </div> <!-- configuration-suite after -->
          </div> <!-- main-panel-content rounded-window-bottom -->
        </div> <!-- panel -->
      </div> <!-- main-panel-root -->
    </div> <!-- wrapper -->
  </body>
</html>
