<!DOCTYPE html PUBLIC "-//W3C//DTD XHTML 1.1//EN" "http://www.w3.org/TR/xhtml11/DTD/xhtml11.dtd">
<html xmlns="http://www.w3.org/1999/xhtml"><head><title>TestNG Report</title><style type="text/css">table {margin-bottom:10px;border-collapse:collapse;empty-cells:show}th,td {border:1px solid #009;padding:.25em .5em}th {vertical-align:bottom}td {vertical-align:top}table a {font-weight:bold}.stripe td {background-color: #E6EBF9}.num {text-align:right}.passedodd td {background-color: #3F3}.passedeven td {background-color: #0A0}.skippedodd td {background-color: #DDD}.skippedeven td {background-color: #CCC}.failedodd td,.attn {background-color: #F33}.failedeven td,.stripe .attn {background-color: #D00}.stacktrace {white-space:pre;font-family:monospace}.totop {font-size:85%;text-align:center;border-bottom:2px solid #000}</style></head><body><table><tr><th>Test</th><th># Passed</th><th># Skipped</th><th># Failed</th><th>Time (ms)</th><th>Included Groups</th><th>Excluded Groups</th></tr><tr><th colspan="7">QAF BDD</th></tr><tr><td><a href="#t0">BDD Test</a></td><td class="num">0</td><td class="num">0</td><td class="num attn">1</td><td class="num">27,203</td><td></td><td></td></tr></table><table><thead><tr><th>Class</th><th>Method</th><th>Start</th><th>Time (ms)</th></tr></thead><tbody><tr><th colspan="4">QAF BDD</th></tr></tbody><tbody id="t0"><tr><th colspan="4">BDD Test &#8212; failed</th></tr><tr class="failedeven"><td rowspan="1">com.qmetry.qaf.automation.step.client.DataDrivenScenario</td><td><a href="#m0">user successfully click on logout button</a></td><td rowspan="1">1571472082349</td><td rowspan="1">26277</td></tr></tbody></table><h2>BDD Test</h2><h3 id="m0">com.qmetry.qaf.automation.step.client.DataDrivenScenario#user successfully click on logout button</h3><table class="result"><tr class="param"><th>Parameter #1</th></tr><tr class="param stripe"><td>{file.encoding.pkg=sun.io, file.encoding=Cp1252, file.separator=\, user.country=US, user.script=null, user.dir=D:\OnbordingProject\Project\Selenium, user.variant=null, user.home=C:\Users\mohanreddy.p, user.timezone=Asia/Calcutta, user.name=Mohan.Reddy, user.language=en, selenium.screenshots.relative.path=../img, selenium.screenshots.dir=test-results/19_Oct_2019_08_00_AM/img, basedir=D:\OnbordingProject\Project\Selenium, os.arch=amd64, os.name=Windows 10, os.version=10.0, surefire.real.class.path=D:\OnbordingProject\Project\Selenium\test-results\surefire\surefirebooter8533671697455068939.jar, surefire.test.class.path=D:\OnbordingProject\Project\Selenium\target\test-classes, line.separator=
, log4j.configuration=file:///D:\OnbordingProject\Project\Selenium/resources/log4j.properties, org.uncommons.reportng.xml-dialect=testng, org.uncommons.reportng.escape-output=false, json.report.dir=test-results/19_Oct_2019_08_00_AM/json, json.report.root.dir=test-results, test.results.dir=test-results/19_Oct_2019_08_00_AM/html, awt.toolkit=sun.awt.windows.WToolkit, webdriver.chrome.driver=./resources/drivers/chromedriver.exe, outputDir=test-results/19_Oct_2019_08_00_AM, localRepository=C:\Users\mohanreddy.p\.m2\repository, __index=1}</td></tr><tr><th>Messages</th></tr><tr><td><div class="messages"><div style="display:block;margin-left:10px;"><div  class="teststeppass"><span class="teststeppass-label">T </span>Given  Open the home page</div><div style="display:block;margin-left:10px;"><div  class="teststeppass"><span class="teststeppass-label">T </span>get '/'</div></div><div  class="teststepfail"><span class="teststepfail-label">T </span>When  user enter the username '${signin.user.username}' and password '${signin.user.password}' <a href="../img/UserSuccessfullyClickOnLogoutButton_1532xb3wexxw315837.png" target="_blank">[View Screenshot]</a> </div><div style="display:block;margin-left:10px;"><div  class="teststepfail"><span class="teststepfail-label">T </span>sendKeys 'null' into 'signin.username.text'</div><div style="display:block;margin-left:10px;"><div  class="fail"><span class="fail-label">F </span>java.lang.IllegalArgumentException: Keys to send should be a not null CharSequence</div></div><div  class="fail"><span class="fail-label">F </span>Keys to send should be a not null CharSequence</div></div><div  class="teststep"><span class="teststep-label">T </span>And click on logout button</div><div  class="teststep"><span class="teststep-label">T </span>Then verify the logout</div></div></div></td></tr><tr><th>Exception</th></tr><tr><td><div class="stacktrace">java.lang.IllegalArgumentException: Keys to send should be a not null CharSequence
	at .When  user enter the username &apos;${signin.user.username}&apos; and password &apos;${signin.user.password}&apos;(resources/scenarios/logout.bdd:4)
	at org.openqa.selenium.remote.RemoteWebElement.sendKeys(RemoteWebElement.java:97)
	at com.qmetry.qaf.automation.step.CommonStep.sendKeys_aroundBody6(CommonStep.java:119)
	at com.qmetry.qaf.automation.step.JavaStepReporter$MockJavaStep.doExecute(JavaStepReporter.java:138)
	at com.qmetry.qaf.automation.step.BaseTestStep.execute(BaseTestStep.java:149)
	at com.qmetry.qaf.automation.step.JavaStepReporter.javaTestStep(JavaStepReporter.java:88)
	at com.qmetry.qaf.automation.step.CommonStep.sendKeys(CommonStep.java:118)
	at com.newtour.steps.LogOutStep.login_Valid_Username_and_Password_aroundBody2(LogOutStep.java:16)
	at com.qmetry.qaf.automation.step.JavaStepReporter.javaTestStep(JavaStepReporter.java:101)
	at com.newtour.steps.LogOutStep.login_Valid_Username_and_Password(LogOutStep.java:14)
	at com.qmetry.qaf.automation.step.JavaStep.doExecute(JavaStep.java:153)
	at com.qmetry.qaf.automation.step.BaseTestStep.execute(BaseTestStep.java:149)
	at com.qmetry.qaf.automation.step.StringTestStep.execute(StringTestStep.java:134)
	at com.qmetry.qaf.automation.step.client.Scenario.execute(Scenario.java:180)
	at com.qmetry.qaf.automation.step.client.DataDrivenScenario.scenario(DataDrivenScenario.java:69)
... Removed 8 stack frames</div></td></tr></table><p class="totop"><a href="#summary">back to summary</a></p></body></html>