-------------------------------------------------------------------------------
Test set: TestSuite
-------------------------------------------------------------------------------
Tests run: 1, Failures: 1, Errors: 0, Skipped: 0, Time elapsed: 37.406 sec <<< FAILURE!
user successfully click on logout button(com.qmetry.qaf.automation.step.client.DataDrivenScenario)  Time elapsed: 26.645 sec  <<< FAILURE!
java.lang.IllegalArgumentException: Keys to send should be a not null CharSequence
	at .When  user enter the username '${signin.user.username}' and password '${signin.user.password}'(resources/scenarios/logout.bdd:4)
	at org.openqa.selenium.remote.RemoteWebElement.sendKeys(RemoteWebElement.java:97)
	at com.qmetry.qaf.automation.step.CommonStep.sendKeys_aroundBody6(CommonStep.java:119)
	at com.qmetry.qaf.automation.step.JavaStepReporter$MockJavaStep.doExecute(JavaStepReporter.java:138)
	at com.qmetry.qaf.automation.step.BaseTestStep.execute(BaseTestStep.java:149)
	at com.qmetry.qaf.automation.step.JavaStepReporter.javaTestStep(JavaStepReporter.java:88)
	at com.qmetry.qaf.automation.step.CommonStep.sendKeys(CommonStep.java:118)
	at com.newtour.steps.LogOutStep.login_Valid_Username_and_Password_aroundBody2(LogOutStep.java:16)
	at com.qmetry.qaf.automation.step.JavaStepReporter.javaTestStep(JavaStepReporter.java:101)
	at com.newtour.steps.LogOutStep.login_Valid_Username_and_Password(LogOutStep.java:14)
	at com.qmetry.qaf.automation.step.JavaStep.doExecute(JavaStep.java:153)
	at com.qmetry.qaf.automation.step.BaseTestStep.execute(BaseTestStep.java:149)
	at com.qmetry.qaf.automation.step.StringTestStep.execute(StringTestStep.java:134)
	at com.qmetry.qaf.automation.step.client.Scenario.execute(Scenario.java:180)
	at com.qmetry.qaf.automation.step.client.DataDrivenScenario.scenario(DataDrivenScenario.java:69)
	at org.apache.maven.surefire.testng.TestNGExecutor.run(TestNGExecutor.java:122)
	at org.apache.maven.surefire.testng.TestNGXmlTestSuite.execute(TestNGXmlTestSuite.java:92)
	at org.apache.maven.surefire.testng.TestNGProvider.invoke(TestNGProvider.java:101)
	at org.apache.maven.surefire.util.ReflectionUtils.invokeMethodWithArray(ReflectionUtils.java:164)
	at org.apache.maven.surefire.booter.ProviderFactory$ProviderProxy.invoke(ProviderFactory.java:110)
	at org.apache.maven.surefire.booter.SurefireStarter.invokeProvider(SurefireStarter.java:172)
	at org.apache.maven.surefire.booter.SurefireStarter.runSuitesInProcessWhenForked(SurefireStarter.java:104)
	at org.apache.maven.surefire.booter.ForkedBooter.main(ForkedBooter.java:70)
