<?xml version="1.0" encoding="UTF-8"?>
<testng-results skipped="0" failed="1" ignored="1" total="2" passed="0">
  <reporter-output>
    <line>
      <![CDATA[<div style="display:block;margin-left:10px;"><div  class="teststeppass"><span class="teststeppass-label">T </span>Given  Open the home page</div><div style="display:block;margin-left:10px;"><div  class="teststeppass"><span class="teststeppass-label">T </span>get '/'</div></div><div  class="teststepfail"><span class="teststepfail-label">T </span>When  user enter the username '${signin.user.username}' and password '${signin.user.password}' <a href="../img/UserSuccessfullyClickOnLogoutButton_1532xb3wexxw315837.png" target="_blank">[View Screenshot]</a> </div><div style="display:block;margin-left:10px;"><div  class="teststepfail"><span class="teststepfail-label">T </span>sendKeys 'null' into 'signin.username.text'</div><div style="display:block;margin-left:10px;"><div  class="fail"><span class="fail-label">F </span>java.lang.IllegalArgumentException: Keys to send should be a not null CharSequence</div></div><div  class="fail"><span class="fail-label">F </span>Keys to send should be a not null CharSequence</div></div><div  class="teststep"><span class="teststep-label">T </span>And click on logout button</div><div  class="teststep"><span class="teststep-label">T </span>Then verify the logout</div></div>]]>
    </line>
  </reporter-output>
  <suite name="QAF BDD" duration-ms="27203" started-at="2019-10-19T08:01:21Z" finished-at="2019-10-19T08:01:49Z">
    <groups>
    </groups>
    <test name="BDD Test" duration-ms="27203" started-at="2019-10-19T08:01:21Z" finished-at="2019-10-19T08:01:49Z">
      <class name="com.qmetry.qaf.automation.step.client.DataDrivenScenario">
        <test-method status="PASS" signature="setupSuit(org.testng.ITestContext)[pri:0, instance:com.qmetry.qaf.automation.step.client.DataDrivenScenario@3e8]" test-instance-name="user successfully click on logout button" name="setupSuit" is-config="true" duration-ms="244" started-at="2019-10-19T13:31:21Z" finished-at="2019-10-19T13:31:21Z">
          <params>
            <param index="0">
              <value>
                <![CDATA[org.testng.TestRunner@525f1e4e]]>
              </value>
            </param>
          </params>
          <reporter-output>
          </reporter-output>
        </test-method> <!-- setupSuit -->
        <test-method status="PASS" signature="setupTest(org.testng.ITestContext)[pri:0, instance:com.qmetry.qaf.automation.step.client.DataDrivenScenario@3e8]" test-instance-name="user successfully click on logout button" name="setupTest" is-config="true" duration-ms="5" started-at="2019-10-19T13:31:21Z" finished-at="2019-10-19T13:31:21Z">
          <params>
            <param index="0">
              <value>
                <![CDATA[org.testng.TestRunner@525f1e4e]]>
              </value>
            </param>
          </params>
          <reporter-output>
          </reporter-output>
        </test-method> <!-- setupTest -->
        <test-method status="PASS" signature="setup(org.testng.ITestContext)[pri:0, instance:com.qmetry.qaf.automation.step.client.DataDrivenScenario@3e8]" test-instance-name="user successfully click on logout button" name="setup" is-config="true" duration-ms="23" started-at="2019-10-19T13:31:22Z" finished-at="2019-10-19T13:31:22Z">
          <params>
            <param index="0">
              <value>
                <![CDATA[org.testng.TestRunner@525f1e4e]]>
              </value>
            </param>
          </params>
          <reporter-output>
          </reporter-output>
        </test-method> <!-- setup -->
        <test-method status="PASS" signature="setupMethod(java.lang.reflect.Method, org.testng.ITestContext)[pri:0, instance:com.qmetry.qaf.automation.step.client.DataDrivenScenario@3e8]" test-instance-name="user successfully click on logout button" name="setupMethod" is-config="true" duration-ms="1" started-at="2019-10-19T13:31:22Z" finished-at="2019-10-19T13:31:22Z">
          <params>
            <param index="0">
              <value>
                <![CDATA[public void com.qmetry.qaf.automation.step.client.DataDrivenScenario.scenario(java.util.Map)]]>
              </value>
            </param>
            <param index="1">
              <value>
                <![CDATA[org.testng.TestRunner@525f1e4e]]>
              </value>
            </param>
          </params>
          <reporter-output>
          </reporter-output>
        </test-method> <!-- setupMethod -->
        <test-method status="FAIL" signature="user successfully click on logout button( java.util.Map)[pri:1000, instance:com.qmetry.qaf.automation.step.client.DataDrivenScenario@3e8]" test-instance-name="user successfully click on logout button" name="user successfully click on logout button" duration-ms="26277" started-at="2019-10-19T13:31:22Z" description="checking the logout button" finished-at="2019-10-19T13:31:48Z">
          <params>
            <param index="0">
              <value>
                <![CDATA[{file.encoding.pkg=sun.io, file.encoding=Cp1252, file.separator=\, user.country=US, user.script=null, user.dir=D:\OnbordingProject\Project\Selenium, user.variant=null, user.home=C:\Users\mohanreddy.p, user.timezone=Asia/Calcutta, user.name=Mohan.Reddy, user.language=en, selenium.screenshots.relative.path=../img, selenium.screenshots.dir=test-results/19_Oct_2019_08_00_AM/img, basedir=D:\OnbordingProject\Project\Selenium, os.arch=amd64, os.name=Windows 10, os.version=10.0, surefire.real.class.path=D:\OnbordingProject\Project\Selenium\test-results\surefire\surefirebooter8533671697455068939.jar, surefire.test.class.path=D:\OnbordingProject\Project\Selenium\target\test-classes, line.separator=
, log4j.configuration=file:///D:\OnbordingProject\Project\Selenium/resources/log4j.properties, org.uncommons.reportng.xml-dialect=testng, org.uncommons.reportng.escape-output=false, json.report.dir=test-results/19_Oct_2019_08_00_AM/json, json.report.root.dir=test-results, test.results.dir=test-results/19_Oct_2019_08_00_AM/html, awt.toolkit=sun.awt.windows.WToolkit, webdriver.chrome.driver=./resources/drivers/chromedriver.exe, outputDir=test-results/19_Oct_2019_08_00_AM, localRepository=C:\Users\mohanreddy.p\.m2\repository, __index=1}]]>
              </value>
            </param>
          </params>
          <exception class="java.lang.IllegalArgumentException">
            <message>
              <![CDATA[Keys to send should be a not null CharSequence]]>
            </message>
            <full-stacktrace>
              <![CDATA[java.lang.IllegalArgumentException: Keys to send should be a not null CharSequence
	at .When  user enter the username '${signin.user.username}' and password '${signin.user.password}'(resources/scenarios/logout.bdd:4)
	at org.openqa.selenium.remote.RemoteWebElement.sendKeys(RemoteWebElement.java:97)
	at com.qmetry.qaf.automation.step.CommonStep.sendKeys_aroundBody6(CommonStep.java:119)
	at com.qmetry.qaf.automation.step.JavaStepReporter$MockJavaStep.doExecute(JavaStepReporter.java:138)
	at com.qmetry.qaf.automation.step.BaseTestStep.execute(BaseTestStep.java:149)
	at com.qmetry.qaf.automation.step.JavaStepReporter.javaTestStep(JavaStepReporter.java:88)
	at com.qmetry.qaf.automation.step.CommonStep.sendKeys(CommonStep.java:118)
	at com.newtour.steps.LogOutStep.login_Valid_Username_and_Password_aroundBody2(LogOutStep.java:16)
	at com.qmetry.qaf.automation.step.JavaStepReporter.javaTestStep(JavaStepReporter.java:101)
	at com.newtour.steps.LogOutStep.login_Valid_Username_and_Password(LogOutStep.java:14)
	at com.qmetry.qaf.automation.step.JavaStep.doExecute(JavaStep.java:153)
	at com.qmetry.qaf.automation.step.BaseTestStep.execute(BaseTestStep.java:149)
	at com.qmetry.qaf.automation.step.StringTestStep.execute(StringTestStep.java:134)
	at com.qmetry.qaf.automation.step.client.Scenario.execute(Scenario.java:180)
	at com.qmetry.qaf.automation.step.client.DataDrivenScenario.scenario(DataDrivenScenario.java:69)
	at org.apache.maven.surefire.testng.TestNGExecutor.run(TestNGExecutor.java:122)
	at org.apache.maven.surefire.testng.TestNGXmlTestSuite.execute(TestNGXmlTestSuite.java:92)
	at org.apache.maven.surefire.testng.TestNGProvider.invoke(TestNGProvider.java:101)
	at org.apache.maven.surefire.util.ReflectionUtils.invokeMethodWithArray(ReflectionUtils.java:164)
	at org.apache.maven.surefire.booter.ProviderFactory$ProviderProxy.invoke(ProviderFactory.java:110)
	at org.apache.maven.surefire.booter.SurefireStarter.invokeProvider(SurefireStarter.java:172)
	at org.apache.maven.surefire.booter.SurefireStarter.runSuitesInProcessWhenForked(SurefireStarter.java:104)
	at org.apache.maven.surefire.booter.ForkedBooter.main(ForkedBooter.java:70)
]]>
            </full-stacktrace>
          </exception> <!-- java.lang.IllegalArgumentException -->
          <reporter-output>
            <line>
              <![CDATA[<div style="display:block;margin-left:10px;"><div  class="teststeppass"><span class="teststeppass-label">T </span>Given  Open the home page</div><div style="display:block;margin-left:10px;"><div  class="teststeppass"><span class="teststeppass-label">T </span>get '/'</div></div><div  class="teststepfail"><span class="teststepfail-label">T </span>When  user enter the username '${signin.user.username}' and password '${signin.user.password}' <a href="../img/UserSuccessfullyClickOnLogoutButton_1532xb3wexxw315837.png" target="_blank">[View Screenshot]</a> </div><div style="display:block;margin-left:10px;"><div  class="teststepfail"><span class="teststepfail-label">T </span>sendKeys 'null' into 'signin.username.text'</div><div style="display:block;margin-left:10px;"><div  class="fail"><span class="fail-label">F </span>java.lang.IllegalArgumentException: Keys to send should be a not null CharSequence</div></div><div  class="fail"><span class="fail-label">F </span>Keys to send should be a not null CharSequence</div></div><div  class="teststep"><span class="teststep-label">T </span>And click on logout button</div><div  class="teststep"><span class="teststep-label">T </span>Then verify the logout</div></div>]]>
            </line>
          </reporter-output>
        </test-method> <!-- user successfully click on logout button -->
        <test-method status="PASS" signature="afterMethod(org.testng.ITestContext, org.testng.ITestResult)[pri:0, instance:com.qmetry.qaf.automation.step.client.DataDrivenScenario@3e8]" test-instance-name="user successfully click on logout button" name="afterMethod" is-config="true" duration-ms="2" started-at="2019-10-19T13:31:49Z" finished-at="2019-10-19T13:31:49Z">
          <params>
            <param index="0">
              <value>
                <![CDATA[org.testng.TestRunner@525f1e4e]]>
              </value>
            </param>
            <param index="1">
              <value>
                <![CDATA[[TestResult name=user successfully click on logout button status=FAILURE method=resources.scenarios.logout.bdd.user successfully click on logout button( java.util.Map)[pri:1000, instance:com.qmetry.qaf.automation.step.client.DataDrivenScenario@3e8] output=<div style="display:block;margin-left:10px;"><div  class="teststeppass"><span class="teststeppass-label">T </span>Given  Open the home page</div><div style="display:block;margin-left:10px;"><div  class="teststeppass"><span class="teststeppass-label">T </span>get '/'</div></div><div  class="teststepfail"><span class="teststepfail-label">T </span>When  user enter the username '${signin.user.username}' and password '${signin.user.password}' <a href="../img/UserSuccessfullyClickOnLogoutButton_1532xb3wexxw315837.png" target="_blank">[View Screenshot]</a> </div><div style="display:block;margin-left:10px;"><div  class="teststepfail"><span class="teststepfail-label">T </span>sendKeys 'null' into 'signin.username.text'</div><div style="display:block;margin-left:10px;"><div  class="fail"><span class="fail-label">F </span>java.lang.IllegalArgumentException: Keys to send should be a not null CharSequence</div></div><div  class="fail"><span class="fail-label">F </span>Keys to send should be a not null CharSequence</div></div><div  class="teststep"><span class="teststep-label">T </span>And click on logout button</div><div  class="teststep"><span class="teststep-label">T </span>Then verify the logout</div></div>]]]>
              </value>
            </param>
          </params>
          <reporter-output>
          </reporter-output>
        </test-method> <!-- afterMethod -->
        <test-method status="PASS" signature="afterClass(org.testng.ITestContext)[pri:0, instance:com.qmetry.qaf.automation.step.client.DataDrivenScenario@3e8]" test-instance-name="user successfully click on logout button" name="afterClass" is-config="true" duration-ms="1" started-at="2019-10-19T13:31:49Z" finished-at="2019-10-19T13:31:49Z">
          <params>
            <param index="0">
              <value>
                <![CDATA[org.testng.TestRunner@525f1e4e]]>
              </value>
            </param>
          </params>
          <reporter-output>
          </reporter-output>
        </test-method> <!-- afterClass -->
        <test-method status="PASS" signature="afterTest(org.testng.ITestContext)[pri:0, instance:com.qmetry.qaf.automation.step.client.DataDrivenScenario@3e8]" test-instance-name="user successfully click on logout button" name="afterTest" is-config="true" duration-ms="91" started-at="2019-10-19T13:31:49Z" finished-at="2019-10-19T13:31:49Z">
          <params>
            <param index="0">
              <value>
                <![CDATA[org.testng.TestRunner@525f1e4e]]>
              </value>
            </param>
          </params>
          <reporter-output>
          </reporter-output>
        </test-method> <!-- afterTest -->
        <test-method status="PASS" signature="afterSuit(org.testng.ITestContext)[pri:0, instance:com.qmetry.qaf.automation.step.client.DataDrivenScenario@3e8]" test-instance-name="user successfully click on logout button" name="afterSuit" is-config="true" duration-ms="2" started-at="2019-10-19T13:31:49Z" finished-at="2019-10-19T13:31:49Z">
          <params>
            <param index="0">
              <value>
                <![CDATA[org.testng.TestRunner@525f1e4e]]>
              </value>
            </param>
          </params>
          <reporter-output>
          </reporter-output>
        </test-method> <!-- afterSuit -->
      </class> <!-- com.qmetry.qaf.automation.step.client.DataDrivenScenario -->
    </test> <!-- BDD Test -->
  </suite> <!-- QAF BDD -->
</testng-results>
