<html>
<head>
<title>TestNG:  BDD Test</title>
<link href="../testng.css" rel="stylesheet" type="text/css" />
<link href="../my-testng.css" rel="stylesheet" type="text/css" />

<style type="text/css">
.log { display: none;} 
.stack-trace { display: none;} 
</style>
<script type="text/javascript">
<!--
function flip(e) {
  current = e.style.display;
  if (current == 'block') {
    e.style.display = 'none';
    return 0;
  }
  else {
    e.style.display = 'block';
    return 1;
  }
}

function toggleBox(szDivId, elem, msg1, msg2)
{
  var res = -1;  if (document.getElementById) {
    res = flip(document.getElementById(szDivId));
  }
  else if (document.all) {
    // this is the way old msie versions work
    res = flip(document.all[szDivId]);
  }
  if(elem) {
    if(res == 0) elem.innerHTML = msg1; else elem.innerHTML = msg2;
  }

}

function toggleAllBoxes() {
  if (document.getElementsByTagName) {
    d = document.getElementsByTagName('div');
    for (i = 0; i < d.length; i++) {
      if (d[i].className == 'log') {
        flip(d[i]);
      }
    }
  }
}

// -->
</script>

</head>
<body>
<h2 align='center'>BDD Test</h2><table border='1' align="center">
<tr>
<td>Tests passed/Failed/Skipped:</td><td>0/1/0</td>
</tr><tr>
<td>Started on:</td><td>Sat Oct 19 13:31:21 IST 2019</td>
</tr>
<tr><td>Total time:</td><td>27 seconds (27203 ms)</td>
</tr><tr>
<td>Included groups:</td><td></td>
</tr><tr>
<td>Excluded groups:</td><td></td>
</tr>
</table><p/>
<small><i>(Hover the method name to see the test class name)</i></small><p/>
<table width='100%' border='1' class='invocation-failed'>
<tr><td colspan='4' align='center'><b>FAILED TESTS</b></td></tr>
<tr><td><b>Test method</b></td>
<td width="30%"><b>Exception</b></td>
<td width="10%"><b>Time (seconds)</b></td>
<td><b>Instance</b></td>
</tr>
<tr>
<td title='com.qmetry.qaf.automation.step.client.DataDrivenScenario.user successfully click on logout button()'><b>user successfully click on logout button</b><br>Test class: com.qmetry.qaf.automation.step.client.DataDrivenScenario (user successfully click on logout button)<br>Test method: checking the logout button<br>Parameters: {file.encoding.pkg=sun.io, file.encoding=Cp1252, file.separator=\, user.country=US, user.script=null, user.dir=D:\OnbordingProject\Project\Selenium, user.variant=null, user.home=C:\Users\mohanreddy.p, user.timezone=Asia/Calcutta, user.name=Mohan.Reddy, user.language=en, selenium.screenshots.relative.path=../img, selenium.screenshots.dir=test-results/19_Oct_2019_08_00_AM/img, basedir=D:\OnbordingProject\Project\Selenium, os.arch=amd64, os.name=Windows 10, os.version=10.0, surefire.real.class.path=D:\OnbordingProject\Project\Selenium\test-results\surefire\surefirebooter8533671697455068939.jar, surefire.test.class.path=D:\OnbordingProject\Project\Selenium\target\test-classes, line.separator=
, log4j.configuration=file:///D:\OnbordingProject\Project\Selenium/resources/log4j.properties, org.uncommons.reportng.xml-dialect=testng, org.uncommons.reportng.escape-output=false, json.report.dir=test-results/19_Oct_2019_08_00_AM/json, json.report.root.dir=test-results, test.results.dir=test-results/19_Oct_2019_08_00_AM/html, awt.toolkit=sun.awt.windows.WToolkit, webdriver.chrome.driver=./resources/drivers/chromedriver.exe, outputDir=test-results/19_Oct_2019_08_00_AM, localRepository=C:\Users\mohanreddy.p\.m2\repository, __index=1}<br/>
<a href="#Output-633326333" onClick='toggleBox("Output-633326333", this, "Show output", "Hide output");'>Show output</a>

<a href="#Output-633326333" onClick="toggleAllBoxes();">Show all outputs</a>
<div class='log' id="Output-633326333">
<div style="display:block;margin-left:10px;"><div  class="teststeppass"><span class="teststeppass-label">T </span>Given  Open the home page</div><div style="display:block;margin-left:10px;"><div  class="teststeppass"><span class="teststeppass-label">T </span>get '/'</div></div><div  class="teststepfail"><span class="teststepfail-label">T </span>When  user enter the username '${signin.user.username}' and password '${signin.user.password}' <a href="../img/UserSuccessfullyClickOnLogoutButton_1532xb3wexxw315837.png" target="_blank">[View Screenshot]</a> </div><div style="display:block;margin-left:10px;"><div  class="teststepfail"><span class="teststepfail-label">T </span>sendKeys 'null' into 'signin.username.text'</div><div style="display:block;margin-left:10px;"><div  class="fail"><span class="fail-label">F </span>java.lang.IllegalArgumentException: Keys to send should be a not null CharSequence</div></div><div  class="fail"><span class="fail-label">F </span>Keys to send should be a not null CharSequence</div></div><div  class="teststep"><span class="teststep-label">T </span>And click on logout button</div><div  class="teststep"><span class="teststep-label">T </span>Then verify the logout</div></div><br/>
</div>
</td>
<td><div><pre>java.lang.IllegalArgumentException: Keys to send should be a not null CharSequence
	at .When  user enter the username &apos;${signin.user.username}&apos; and password &apos;${signin.user.password}&apos;(resources/scenarios/logout.bdd:4)
	at org.openqa.selenium.remote.RemoteWebElement.sendKeys(RemoteWebElement.java:97)
	at com.qmetry.qaf.automation.step.CommonStep.sendKeys_aroundBody6(CommonStep.java:119)
	at com.qmetry.qaf.automation.step.JavaStepReporter$MockJavaStep.doExecute(JavaStepReporter.java:138)
	at com.qmetry.qaf.automation.step.BaseTestStep.execute(BaseTestStep.java:149)
	at com.qmetry.qaf.automation.step.JavaStepReporter.javaTestStep(JavaStepReporter.java:88)
	at com.qmetry.qaf.automation.step.CommonStep.sendKeys(CommonStep.java:118)
	at com.newtour.steps.LogOutStep.login_Valid_Username_and_Password_aroundBody2(LogOutStep.java:16)
	at com.qmetry.qaf.automation.step.JavaStepReporter.javaTestStep(JavaStepReporter.java:101)
	at com.newtour.steps.LogOutStep.login_Valid_Username_and_Password(LogOutStep.java:14)
	at com.qmetry.qaf.automation.step.JavaStep.doExecute(JavaStep.java:153)
	at com.qmetry.qaf.automation.step.BaseTestStep.execute(BaseTestStep.java:149)
	at com.qmetry.qaf.automation.step.StringTestStep.execute(StringTestStep.java:134)
	at com.qmetry.qaf.automation.step.client.Scenario.execute(Scenario.java:180)
	at com.qmetry.qaf.automation.step.client.DataDrivenScenario.scenario(DataDrivenScenario.java:69)
... Removed 8 stack frames</pre></div><a href='#' onClick='toggleBox("stack-trace633326333", this, "Click to show all stack frames", "Click to hide stack frames")'>Click to show all stack frames</a>
<div class='stack-trace' id='stack-trace633326333'><pre>java.lang.IllegalArgumentException: Keys to send should be a not null CharSequence
	at .When  user enter the username &apos;${signin.user.username}&apos; and password &apos;${signin.user.password}&apos;(resources/scenarios/logout.bdd:4)
	at org.openqa.selenium.remote.RemoteWebElement.sendKeys(RemoteWebElement.java:97)
	at com.qmetry.qaf.automation.step.CommonStep.sendKeys_aroundBody6(CommonStep.java:119)
	at com.qmetry.qaf.automation.step.JavaStepReporter$MockJavaStep.doExecute(JavaStepReporter.java:138)
	at com.qmetry.qaf.automation.step.BaseTestStep.execute(BaseTestStep.java:149)
	at com.qmetry.qaf.automation.step.JavaStepReporter.javaTestStep(JavaStepReporter.java:88)
	at com.qmetry.qaf.automation.step.CommonStep.sendKeys(CommonStep.java:118)
	at com.newtour.steps.LogOutStep.login_Valid_Username_and_Password_aroundBody2(LogOutStep.java:16)
	at com.qmetry.qaf.automation.step.JavaStepReporter.javaTestStep(JavaStepReporter.java:101)
	at com.newtour.steps.LogOutStep.login_Valid_Username_and_Password(LogOutStep.java:14)
	at com.qmetry.qaf.automation.step.JavaStep.doExecute(JavaStep.java:153)
	at com.qmetry.qaf.automation.step.BaseTestStep.execute(BaseTestStep.java:149)
	at com.qmetry.qaf.automation.step.StringTestStep.execute(StringTestStep.java:134)
	at com.qmetry.qaf.automation.step.client.Scenario.execute(Scenario.java:180)
	at com.qmetry.qaf.automation.step.client.DataDrivenScenario.scenario(DataDrivenScenario.java:69)
	at org.apache.maven.surefire.testng.TestNGExecutor.run(TestNGExecutor.java:122)
	at org.apache.maven.surefire.testng.TestNGXmlTestSuite.execute(TestNGXmlTestSuite.java:92)
	at org.apache.maven.surefire.testng.TestNGProvider.invoke(TestNGProvider.java:101)
	at org.apache.maven.surefire.util.ReflectionUtils.invokeMethodWithArray(ReflectionUtils.java:164)
	at org.apache.maven.surefire.booter.ProviderFactory$ProviderProxy.invoke(ProviderFactory.java:110)
	at org.apache.maven.surefire.booter.SurefireStarter.invokeProvider(SurefireStarter.java:172)
	at org.apache.maven.surefire.booter.SurefireStarter.runSuitesInProcessWhenForked(SurefireStarter.java:104)
	at org.apache.maven.surefire.booter.ForkedBooter.main(ForkedBooter.java:70)
</pre></div></td>
<td>26</td>
<td>com.qmetry.qaf.automation.step.client.DataDrivenScenario@3e8</td></tr>
</table><p>
</body>
</html>