11:48:00 scenario.file.loc[Ljava.lang.String;@1b68ddbd
11:48:00 loading BDD file: resources/scenarios/Register.bdd
11:48:00 total test found: 1
11:48:00 

Executing scenario: New tour register - use valid details and fill the registration form
11:48:00 Test Data{file.encoding.pkg=sun.io, file.encoding=Cp1252, file.separator=\, user.country=US, user.script=null, user.dir=D:\OnbordingProject\Project\Selenium, user.variant=null, user.home=C:\Users\mohanreddy.p, user.timezone=Asia/Calcutta, user.name=Mohanreddy.p, user.language=en, selenium.screenshots.relative.path=../img, selenium.screenshots.dir=test-results/30_Aug_2019_06_17_AM/img, basedir=D:\OnbordingProject\Project\Selenium, os.arch=amd64, os.name=Windows 10, os.version=10.0, surefire.real.class.path=D:\OnbordingProject\Project\Selenium\test-results\surefire\surefirebooter576736977071200821.jar, surefire.test.class.path=D:\OnbordingProject\Project\Selenium\target\test-classes, line.separator=
, webdriver.edge.driver=./resources/drivers/MicrosoftWebDriver.exe, webdriver.ie.driver=./resources/drivers/IEDriverServer.exe, webdriver.gecko.driver=./resources/drivers/geckodriver.exe, webdriver.chrome.driver=./resources/drivers/chromedriver.exe, log4j.configuration=file:///D:\OnbordingProject\Project\Selenium/resources/log4j.properties, org.uncommons.reportng.xml-dialect=testng, org.uncommons.reportng.escape-output=false, json.report.dir=test-results/30_Aug_2019_06_17_AM/json, json.report.root.dir=test-results, test.results.dir=test-results/30_Aug_2019_06_17_AM/html, awt.toolkit=sun.awt.windows.WToolkit, outputDir=test-results/30_Aug_2019_06_17_AM, localRepository=C:\Users\mohanreddy.p\.m2\repository, register.user.firstname=Elena, register.user.lastname=Gilbert, register.user.phone=1234567890, register.user.email=abc@gmail.com, register.user.address=flat-007, baker street-202, west side, register.user.city=New York, register.user.state=New York, register.user.postalcode=12345, register.user.country=us, register.user.username=Elena123, register.user.password=Elena123, register.user.confirmpassword=Elena123, __index=1}
11:48:00 pkg: com.qmetry.qaf.automation.step
11:48:00 pkg: com.newtour.steps
11:48:00 Found duplicate step to load [] with [lower] prority then []
11:48:00 Found duplicate step to load [] with [lower] prority then []
11:48:00 Found duplicate step to load [] with [lower] prority then []
11:48:00 Found duplicate step to load [] with [lower] prority then []
11:48:00 Found duplicate step to load [] with [lower] prority then []
11:48:00 Found duplicate step to load [] with [lower] prority then []
11:48:00 Invoking Teststep: Given User register
11:48:00 Invoking Teststep: get {url} with arguments: [/]
11:48:06 Completed Teststep: get {url} with arguments: [/]
11:48:06 Completed Teststep: Given User register
11:48:06 Invoking Teststep: When click on register button
11:48:06 Invoking Teststep: click on {loc} with arguments: [register.register.link]
11:48:07 Completed Teststep: click on {loc} with arguments: [register.register.link]
11:48:07 Completed Teststep: When click on register button
11:48:07 Invoking Teststep: And User enter with firstname '${register.user.firstname}' and lastname '${register.user.lastname}' and phone '${register.user.phone}' and email '${register.user.email}' and address '${register.user.address}' with arguments: [${register.user.firstname}, ${register.user.lastname}, ${register.user.phone}, ${register.user.email}, ${register.user.address}]
11:48:07 Failure Teststep: And User enter with firstname 'Elena' and lastname 'Gilbert' and phone '1234567890' and email 'abc@gmail.com' and address 'flat-007, baker street-202, west side' with arguments: [${register.user.firstname}, ${register.user.lastname}, ${register.user.phone}, ${register.user.email}, ${register.user.address}]
com.qmetry.qaf.automation.step.StepInvocationException: Unable to invoke JavaStep with given arguments: register[${register.user.firstname}, ${register.user.lastname}, ${register.user.phone}, ${register.user.email}, ${register.user.address}]
at 
	at com.newtour.steps.InvalidRegisterStep.register(com.newtour.steps.InvalidRegisterStep:0)
11:48:07 Completed Teststep: And User enter with firstname 'Elena' and lastname 'Gilbert' and phone '1234567890' and email 'abc@gmail.com' and address 'flat-007, baker street-202, west side' with arguments: [${register.user.firstname}, ${register.user.lastname}, ${register.user.phone}, ${register.user.email}, ${register.user.address}]
11:48:07 Competed scenario: New tour register with status FAILURE
