<?xml version="1.0" encoding="UTF-8"?>
<!-- Generated by org.testng.reporters.JUnitXMLReporter -->
<testsuite hostname="ICPL13076" ignored="0" name="chrome Test" tests="3" failures="3" timestamp="04 Sep 2019 07:38:36 GMT" time="0.135" errors="0">
  <testcase name="flights" time="0.052" classname="com.pom.test.FindAFlightTest">
    <failure type="java.lang.NoSuchMethodError" message="org.openqa.selenium.support.ui.FluentWait.withMessage(Lcom/google/common/base/Supplier;)Lorg/openqa/selenium/support/ui/FluentWait;">
      <![CDATA[java.lang.NoSuchMethodError: org.openqa.selenium.support.ui.FluentWait.withMessage(Lcom/google/common/base/Supplier;)Lorg/openqa/selenium/support/ui/FluentWait;
at com.qmetry.qaf.automation.core.QAFTestBase.init(QAFTestBase.java:473)
at com.qmetry.qaf.automation.core.QAFTestBase.getUiDriver(QAFTestBase.java:254)
at com.qmetry.qaf.automation.ui.WebDriverTestBase.getDriver(WebDriverTestBase.java:47)
at com.qmetry.qaf.automation.ui.WebDriverTestBase.getDriver(WebDriverTestBase.java:1)
at com.qmetry.qaf.automation.ui.AbstractTestPage.<init>(AbstractTestPage.java:86)
at com.qmetry.qaf.automation.ui.AbstractTestPage.<init>(AbstractTestPage.java:93)
at com.qmetry.qaf.automation.ui.WebDriverBaseTestPage.<init>(WebDriverBaseTestPage.java:68)
at com.qmetry.qaf.automation.ui.WebDriverBaseTestPage.<init>(WebDriverBaseTestPage.java:64)
at com.pom.pages.FindAFlightPage.<init>(FindAFlightPage.java:16)
at com.pom.test.FindAFlightTest.flights(FindAFlightTest.java:14)
... Removed 25 stack frames]]>
    </failure>
  </testcase> <!-- flights -->
  <testcase name="QAfFlight" time="0.002" classname="com.pom.test.FindAFlightTest">
    <failure type="java.lang.NoSuchMethodError" message="org.openqa.selenium.support.ui.FluentWait.withMessage(Lcom/google/common/base/Supplier;)Lorg/openqa/selenium/support/ui/FluentWait;">
      <![CDATA[java.lang.NoSuchMethodError: org.openqa.selenium.support.ui.FluentWait.withMessage(Lcom/google/common/base/Supplier;)Lorg/openqa/selenium/support/ui/FluentWait;
at com.qmetry.qaf.automation.core.QAFTestBase.init(QAFTestBase.java:473)
at com.qmetry.qaf.automation.core.QAFTestBase.getUiDriver(QAFTestBase.java:254)
at com.qmetry.qaf.automation.ui.WebDriverTestBase.getDriver(WebDriverTestBase.java:47)
at com.qmetry.qaf.automation.ui.WebDriverTestBase.getDriver(WebDriverTestBase.java:1)
at com.qmetry.qaf.automation.ui.AbstractTestPage.<init>(AbstractTestPage.java:86)
at com.qmetry.qaf.automation.ui.AbstractTestPage.<init>(AbstractTestPage.java:93)
at com.qmetry.qaf.automation.ui.WebDriverBaseTestPage.<init>(WebDriverBaseTestPage.java:68)
at com.qmetry.qaf.automation.ui.WebDriverBaseTestPage.<init>(WebDriverBaseTestPage.java:64)
at com.pom.pages.FindAFlightPage.<init>(FindAFlightPage.java:16)
at com.pom.test.FindAFlightTest.QAfFlight(FindAFlightTest.java:27)
... Removed 25 stack frames]]>
    </failure>
  </testcase> <!-- QAfFlight -->
  <testcase name="flightFinderPage" time="0.004" classname="com.pom.test.FindAFlightTest">
    <failure type="java.lang.NoSuchMethodError" message="org.openqa.selenium.support.ui.FluentWait.withMessage(Lcom/google/common/base/Supplier;)Lorg/openqa/selenium/support/ui/FluentWait;">
      <![CDATA[java.lang.NoSuchMethodError: org.openqa.selenium.support.ui.FluentWait.withMessage(Lcom/google/common/base/Supplier;)Lorg/openqa/selenium/support/ui/FluentWait;
at com.qmetry.qaf.automation.core.QAFTestBase.init(QAFTestBase.java:473)
at com.qmetry.qaf.automation.core.QAFTestBase.getUiDriver(QAFTestBase.java:254)
at com.qmetry.qaf.automation.ui.WebDriverTestBase.getDriver(WebDriverTestBase.java:47)
at com.qmetry.qaf.automation.ui.WebDriverTestBase.getDriver(WebDriverTestBase.java:1)
at com.qmetry.qaf.automation.ui.AbstractTestPage.<init>(AbstractTestPage.java:86)
at com.qmetry.qaf.automation.ui.AbstractTestPage.<init>(AbstractTestPage.java:93)
at com.qmetry.qaf.automation.ui.WebDriverBaseTestPage.<init>(WebDriverBaseTestPage.java:68)
at com.qmetry.qaf.automation.ui.WebDriverBaseTestPage.<init>(WebDriverBaseTestPage.java:64)
at com.pom.pages.FindAFlightPage.<init>(FindAFlightPage.java:16)
at com.pom.test.FindAFlightTest.flightFinderPage(FindAFlightTest.java:37)
... Removed 25 stack frames]]>
    </failure>
  </testcase> <!-- flightFinderPage -->
</testsuite> <!-- chrome Test -->
