<?xml version="1.0" encoding="UTF-8"?>
<testng-results skipped="0" failed="1" ignored="1" total="2" passed="0">
  <reporter-output>
    <line>
      <![CDATA[<div style="display:block;margin-left:10px;"><div  class="teststeppass"><span class="teststeppass-label">T </span>Given  Open the home page</div><div style="display:block;margin-left:10px;"><div  class="teststeppass"><span class="teststeppass-label">T </span>get '/'</div></div><div  class="teststepfail"><span class="teststepfail-label">T </span>When  user enter the username 'guest' and password 'guest' <a href="../img/UserSuccessfullyClickOnLogoutButton_1ikixytrx74dj53647.png" target="_blank">[View Screenshot]</a> </div><div style="display:block;margin-left:10px;"><div  class="teststeppass"><span class="teststeppass-label">T </span>sendKeys 'guest' into 'signin.username.text'</div><div  class="teststeppass"><span class="teststeppass-label">T </span>sendKeys 'guest' into 'signin.password.text'</div><div  class="teststeppass"><span class="teststeppass-label">T </span>click on 'signin.singin.btn'</div><div  class="teststepfail"><span class="teststepfail-label">T </span>click on 'flight.continue.btn'</div><div style="display:block;margin-left:10px;"><div  class="fail"><span class="fail-label">F </span>org.openqa.selenium.TimeoutException: Timed out after 3 seconds waiting for presence of element located by: By.xpath: //*[@name='flight.continue.btn' or @id='flight.continue.btn' or @value='flight.continue.btn']</div></div><div  class="fail"><span class="fail-label">F </span>Timed out after 3 seconds waiting for presence of element located by: By.xpath: //*[@name='flight.continue.btn' or @id='flight.continue.btn' or @value='flight.continue.btn']</div></div><div  class="teststep"><span class="teststep-label">T </span>And click on logout button</div><div  class="teststep"><span class="teststep-label">T </span>Then verify the logout</div></div>]]>
    </line>
  </reporter-output>
  <suite name="QAF BDD" duration-ms="93845" started-at="2019-10-19T08:04:45Z" finished-at="2019-10-19T08:06:19Z">
    <groups>
    </groups>
    <test name="BDD Test" duration-ms="93845" started-at="2019-10-19T08:04:45Z" finished-at="2019-10-19T08:06:19Z">
      <class name="com.qmetry.qaf.automation.step.client.DataDrivenScenario">
        <test-method status="PASS" signature="setupSuit(org.testng.ITestContext)[pri:0, instance:com.qmetry.qaf.automation.step.client.DataDrivenScenario@3e8]" test-instance-name="user successfully click on logout button" name="setupSuit" is-config="true" duration-ms="34" started-at="2019-10-19T13:34:45Z" finished-at="2019-10-19T13:34:45Z">
          <params>
            <param index="0">
              <value>
                <![CDATA[org.testng.TestRunner@525f1e4e]]>
              </value>
            </param>
          </params>
          <reporter-output>
          </reporter-output>
        </test-method> <!-- setupSuit -->
        <test-method status="PASS" signature="setupTest(org.testng.ITestContext)[pri:0, instance:com.qmetry.qaf.automation.step.client.DataDrivenScenario@3e8]" test-instance-name="user successfully click on logout button" name="setupTest" is-config="true" duration-ms="2" started-at="2019-10-19T13:34:45Z" finished-at="2019-10-19T13:34:45Z">
          <params>
            <param index="0">
              <value>
                <![CDATA[org.testng.TestRunner@525f1e4e]]>
              </value>
            </param>
          </params>
          <reporter-output>
          </reporter-output>
        </test-method> <!-- setupTest -->
        <test-method status="PASS" signature="setup(org.testng.ITestContext)[pri:0, instance:com.qmetry.qaf.automation.step.client.DataDrivenScenario@3e8]" test-instance-name="user successfully click on logout button" name="setup" is-config="true" duration-ms="8" started-at="2019-10-19T13:34:45Z" finished-at="2019-10-19T13:34:45Z">
          <params>
            <param index="0">
              <value>
                <![CDATA[org.testng.TestRunner@525f1e4e]]>
              </value>
            </param>
          </params>
          <reporter-output>
          </reporter-output>
        </test-method> <!-- setup -->
        <test-method status="PASS" signature="setupMethod(java.lang.reflect.Method, org.testng.ITestContext)[pri:0, instance:com.qmetry.qaf.automation.step.client.DataDrivenScenario@3e8]" test-instance-name="user successfully click on logout button" name="setupMethod" is-config="true" duration-ms="12" started-at="2019-10-19T13:34:45Z" finished-at="2019-10-19T13:34:45Z">
          <params>
            <param index="0">
              <value>
                <![CDATA[public void com.qmetry.qaf.automation.step.client.DataDrivenScenario.scenario(java.util.Map)]]>
              </value>
            </param>
            <param index="1">
              <value>
                <![CDATA[org.testng.TestRunner@525f1e4e]]>
              </value>
            </param>
          </params>
          <reporter-output>
          </reporter-output>
        </test-method> <!-- setupMethod -->
        <test-method status="FAIL" signature="user successfully click on logout button( java.util.Map)[pri:1000, instance:com.qmetry.qaf.automation.step.client.DataDrivenScenario@3e8]" test-instance-name="user successfully click on logout button" name="user successfully click on logout button" duration-ms="93425" started-at="2019-10-19T13:34:45Z" description="checking the logout button" finished-at="2019-10-19T13:36:19Z">
          <params>
            <param index="0">
              <value>
                <![CDATA[{file.encoding.pkg=sun.io, file.encoding=Cp1252, file.separator=\, user.country=US, user.script=null, user.dir=D:\OnbordingProject\Project\Selenium, user.variant=null, user.home=C:\Users\mohanreddy.p, user.timezone=Asia/Calcutta, user.name=Mohan.Reddy, user.language=en, selenium.screenshots.relative.path=../img, selenium.screenshots.dir=test-results/19_Oct_2019_08_04_AM/img, basedir=D:\OnbordingProject\Project\Selenium, os.arch=amd64, os.name=Windows 10, os.version=10.0, surefire.real.class.path=D:\OnbordingProject\Project\Selenium\test-results\surefire\surefirebooter3044522134044258960.jar, surefire.test.class.path=D:\OnbordingProject\Project\Selenium\target\test-classes, line.separator=
, log4j.configuration=file:///D:\OnbordingProject\Project\Selenium/resources/log4j.properties, org.uncommons.reportng.xml-dialect=testng, org.uncommons.reportng.escape-output=false, json.report.dir=test-results/19_Oct_2019_08_04_AM/json, json.report.root.dir=test-results, test.results.dir=test-results/19_Oct_2019_08_04_AM/html, awt.toolkit=sun.awt.windows.WToolkit, webdriver.chrome.driver=./resources/drivers/chromedriver.exe, outputDir=test-results/19_Oct_2019_08_04_AM, localRepository=C:\Users\mohanreddy.p\.m2\repository, signin.data.username=guest, signin.data.password=guest, __index=1}]]>
              </value>
            </param>
          </params>
          <exception class="org.openqa.selenium.TimeoutException">
            <message>
              <![CDATA[Timed out after 3 seconds waiting for presence of element located by: By.xpath: //*[@name='flight.continue.btn' or @id='flight.continue.btn' or @value='flight.continue.btn']]]>
            </message>
            <full-stacktrace>
              <![CDATA[org.openqa.selenium.TimeoutException: Timed out after 3 seconds waiting for presence of element located by: By.xpath: //*[@name='flight.continue.btn' or @id='flight.continue.btn' or @value='flight.continue.btn']
	at .When  user enter the username '${signin.data.username}' and password '${signin.data.password}'(resources/scenarios/logout.bdd:4)
	at com.qmetry.qaf.automation.ui.util.DynamicWait.until(DynamicWait.java:170)
	at com.qmetry.qaf.automation.ui.webdriver.QAFExtendedWebDriver.load(QAFExtendedWebDriver.java:215)
	at com.qmetry.qaf.automation.ui.webdriver.QAFExtendedWebElement.load(QAFExtendedWebElement.java:299)
	at com.qmetry.qaf.automation.ui.webdriver.QAFExtendedWebElement.execute(QAFExtendedWebElement.java:250)
	at org.openqa.selenium.remote.RemoteWebElement.click(RemoteWebElement.java:84)
	at com.qmetry.qaf.automation.step.CommonStep.click_aroundBody38(CommonStep.java:460)
	at com.qmetry.qaf.automation.step.JavaStepReporter$MockJavaStep.doExecute(JavaStepReporter.java:138)
	at com.qmetry.qaf.automation.step.BaseTestStep.execute(BaseTestStep.java:149)
	at com.qmetry.qaf.automation.step.JavaStepReporter.javaTestStep(JavaStepReporter.java:88)
	at com.qmetry.qaf.automation.step.CommonStep.click(CommonStep.java:459)
	at com.newtour.steps.LogOutStep.login_Valid_Username_and_Password_aroundBody2(LogOutStep.java:19)
	at com.qmetry.qaf.automation.step.JavaStepReporter.javaTestStep(JavaStepReporter.java:101)
	at com.newtour.steps.LogOutStep.login_Valid_Username_and_Password(LogOutStep.java:14)
	at com.qmetry.qaf.automation.step.JavaStep.doExecute(JavaStep.java:153)
	at com.qmetry.qaf.automation.step.BaseTestStep.execute(BaseTestStep.java:149)
	at com.qmetry.qaf.automation.step.StringTestStep.execute(StringTestStep.java:134)
	at com.qmetry.qaf.automation.step.client.Scenario.execute(Scenario.java:180)
	at com.qmetry.qaf.automation.step.client.DataDrivenScenario.scenario(DataDrivenScenario.java:69)
	at org.apache.maven.surefire.testng.TestNGExecutor.run(TestNGExecutor.java:122)
	at org.apache.maven.surefire.testng.TestNGXmlTestSuite.execute(TestNGXmlTestSuite.java:92)
	at org.apache.maven.surefire.testng.TestNGProvider.invoke(TestNGProvider.java:101)
	at org.apache.maven.surefire.util.ReflectionUtils.invokeMethodWithArray(ReflectionUtils.java:164)
	at org.apache.maven.surefire.booter.ProviderFactory$ProviderProxy.invoke(ProviderFactory.java:110)
	at org.apache.maven.surefire.booter.SurefireStarter.invokeProvider(SurefireStarter.java:172)
	at org.apache.maven.surefire.booter.SurefireStarter.runSuitesInProcessWhenForked(SurefireStarter.java:104)
	at org.apache.maven.surefire.booter.ForkedBooter.main(ForkedBooter.java:70)
Caused by: org.openqa.selenium.NoSuchElementException: no such element: Unable to locate element: {"method":"xpath","selector":"//*[@name='flight.continue.btn' or @id='flight.continue.btn' or @value='flight.continue.btn']"}
  (Session info: chrome=77.0.3865.90)
For documentation on this error, please visit: https://www.seleniumhq.org/exceptions/no_such_element.html
Build info: version: '3.141.59', revision: 'e82be7d358', time: '2018-11-14T08:17:03'
System info: host: 'ICPL13076', ip: '10.11.24.4', os.name: 'Windows 10', os.arch: 'amd64', os.version: '10.0', java.version: '1.8.0_201'
Driver info: com.qmetry.qaf.automation.ui.webdriver.QAFExtendedWebDriver
Capabilities {acceptInsecureCerts: false, browserName: chrome, browserVersion: 77.0.3865.90, chrome: {chromedriverVersion: 76.0.3809.126 (d80a294506b4..., userDataDir: C:\Users\MOHANR~1.P\AppData...}, goog:chromeOptions: {debuggerAddress: localhost:65252}, javascriptEnabled: true, networkConnectionEnabled: false, pageLoadStrategy: normal, platform: XP, platformName: XP, proxy: Proxy(), setWindowRect: true, strictFileInteractability: false, timeouts: {implicit: 0, pageLoad: 300000, script: 30000}, unhandledPromptBehavior: dismiss and notify}
Session ID: ddc38832be639dbf79cc5742d1104be7
*** Element info: {Using=xpath, value=//*[@name='flight.continue.btn' or @id='flight.continue.btn' or @value='flight.continue.btn']}
	at sun.reflect.NativeConstructorAccessorImpl.newInstance0(Native Method)
	at sun.reflect.NativeConstructorAccessorImpl.newInstance(NativeConstructorAccessorImpl.java:62)
	at sun.reflect.DelegatingConstructorAccessorImpl.newInstance(DelegatingConstructorAccessorImpl.java:45)
	at java.lang.reflect.Constructor.newInstance(Constructor.java:423)
	at org.openqa.selenium.remote.http.W3CHttpResponseCodec.createException(W3CHttpResponseCodec.java:187)
	at org.openqa.selenium.remote.http.W3CHttpResponseCodec.decode(W3CHttpResponseCodec.java:122)
	at org.openqa.selenium.remote.http.W3CHttpResponseCodec.decode(W3CHttpResponseCodec.java:49)
	at org.openqa.selenium.remote.HttpCommandExecutor.execute(HttpCommandExecutor.java:158)
	at org.openqa.selenium.remote.RemoteWebDriver.execute(RemoteWebDriver.java:552)
	at com.qmetry.qaf.automation.ui.webdriver.QAFExtendedWebDriver.execute(QAFExtendedWebDriver.java:235)
	at org.openqa.selenium.remote.RemoteWebDriver.findElement(RemoteWebDriver.java:323)
	at org.openqa.selenium.remote.RemoteWebDriver.findElementByXPath(RemoteWebDriver.java:428)
	at com.qmetry.qaf.automation.ui.webdriver.QAFExtendedWebDriver.findElementByXPath(QAFExtendedWebDriver.java:399)
	at com.qmetry.qaf.automation.ui.webdriver.QAFExtendedWebDriver.findElementByXPath(QAFExtendedWebDriver.java:1)
	at org.openqa.selenium.By$ByXPath.findElement(By.java:353)
	at org.openqa.selenium.remote.RemoteWebDriver.findElement(RemoteWebDriver.java:315)
	at com.qmetry.qaf.automation.ui.webdriver.QAFExtendedWebDriver.findElement(QAFExtendedWebDriver.java:170)
	at com.qmetry.qaf.automation.ui.webdriver.QAFExtendedWebDriver.findElement(QAFExtendedWebDriver.java:1)
	at org.openqa.selenium.support.ui.ExpectedConditions$6.apply(ExpectedConditions.java:182)
	at org.openqa.selenium.support.ui.ExpectedConditions$6.apply(ExpectedConditions.java:179)
	at com.qmetry.qaf.automation.ui.util.DynamicWait.until(DynamicWait.java:149)
	at com.qmetry.qaf.automation.ui.webdriver.QAFExtendedWebDriver.load(QAFExtendedWebDriver.java:215)
	at com.qmetry.qaf.automation.ui.webdriver.QAFExtendedWebElement.load(QAFExtendedWebElement.java:299)
	at com.qmetry.qaf.automation.ui.webdriver.QAFExtendedWebElement.execute(QAFExtendedWebElement.java:250)
	at org.openqa.selenium.remote.RemoteWebElement.click(RemoteWebElement.java:84)
	at com.qmetry.qaf.automation.step.CommonStep.click_aroundBody38(CommonStep.java:460)
	at com.qmetry.qaf.automation.step.CommonStep$AjcClosure39.run(CommonStep.java:1)
	at org.aspectj.runtime.reflect.JoinPointImpl.proceed(JoinPointImpl.java:149)
	at com.qmetry.qaf.automation.step.JavaStepReporter$MockJavaStep.doExecute(JavaStepReporter.java:138)
	at com.qmetry.qaf.automation.step.BaseTestStep.execute(BaseTestStep.java:149)
	at com.qmetry.qaf.automation.step.JavaStepReporter.javaTestStep(JavaStepReporter.java:88)
	at com.qmetry.qaf.automation.step.CommonStep.click(CommonStep.java:459)
	at com.newtour.steps.LogOutStep.login_Valid_Username_and_Password_aroundBody2(LogOutStep.java:19)
	at com.newtour.steps.LogOutStep$AjcClosure3.run(LogOutStep.java:1)
	at org.aspectj.runtime.reflect.JoinPointImpl.proceed(JoinPointImpl.java:149)
	at com.qmetry.qaf.automation.step.JavaStepReporter.javaTestStep(JavaStepReporter.java:101)
	at com.newtour.steps.LogOutStep.login_Valid_Username_and_Password(LogOutStep.java:14)
	at sun.reflect.NativeMethodAccessorImpl.invoke0(Native Method)
	at sun.reflect.NativeMethodAccessorImpl.invoke(NativeMethodAccessorImpl.java:62)
	at sun.reflect.DelegatingMethodAccessorImpl.invoke(DelegatingMethodAccessorImpl.java:43)
	at java.lang.reflect.Method.invoke(Method.java:498)
	at com.qmetry.qaf.automation.step.JavaStep.doExecute(JavaStep.java:153)
	at com.qmetry.qaf.automation.step.BaseTestStep.execute(BaseTestStep.java:149)
	at com.qmetry.qaf.automation.step.StringTestStep.execute(StringTestStep.java:134)
	at com.qmetry.qaf.automation.step.client.Scenario.execute(Scenario.java:180)
	at com.qmetry.qaf.automation.step.client.DataDrivenScenario.scenario(DataDrivenScenario.java:69)
	at sun.reflect.NativeMethodAccessorImpl.invoke0(Native Method)
	at sun.reflect.NativeMethodAccessorImpl.invoke(NativeMethodAccessorImpl.java:62)
	at sun.reflect.DelegatingMethodAccessorImpl.invoke(DelegatingMethodAccessorImpl.java:43)
	at java.lang.reflect.Method.invoke(Method.java:498)
	at org.testng.internal.MethodInvocationHelper.invokeMethod(MethodInvocationHelper.java:104)
	at org.testng.internal.Invoker.invokeMethod(Invoker.java:645)
	at org.testng.internal.Invoker.invokeTestMethod(Invoker.java:851)
	at org.testng.internal.Invoker.invokeTestMethods(Invoker.java:1177)
	at org.testng.internal.TestMethodWorker.invokeTestMethods(TestMethodWorker.java:129)
	at org.testng.internal.TestMethodWorker.run(TestMethodWorker.java:112)
	at org.testng.TestRunner.privateRun(TestRunner.java:781)
	at org.testng.TestRunner.run(TestRunner.java:635)
	at org.testng.SuiteRunner.runTest(SuiteRunner.java:387)
	at org.testng.SuiteRunner.runSequentially(SuiteRunner.java:382)
	at org.testng.SuiteRunner.privateRun(SuiteRunner.java:340)
	at org.testng.SuiteRunner.run(SuiteRunner.java:289)
	at org.testng.SuiteRunnerWorker.runSuite(SuiteRunnerWorker.java:52)
	at org.testng.SuiteRunnerWorker.run(SuiteRunnerWorker.java:86)
	at org.testng.TestNG.runSuitesSequentially(TestNG.java:1293)
	at org.testng.TestNG.runSuitesLocally(TestNG.java:1218)
	at org.testng.TestNG.runSuites(TestNG.java:1133)
	at org.testng.TestNG.run(TestNG.java:1104)
	at org.apache.maven.surefire.testng.TestNGExecutor.run(TestNGExecutor.java:122)
	at org.apache.maven.surefire.testng.TestNGXmlTestSuite.execute(TestNGXmlTestSuite.java:92)
	at org.apache.maven.surefire.testng.TestNGProvider.invoke(TestNGProvider.java:101)
	at sun.reflect.NativeMethodAccessorImpl.invoke0(Native Method)
	at sun.reflect.NativeMethodAccessorImpl.invoke(NativeMethodAccessorImpl.java:62)
	at sun.reflect.DelegatingMethodAccessorImpl.invoke(DelegatingMethodAccessorImpl.java:43)
	at java.lang.reflect.Method.invoke(Method.java:498)
	... 5 more
]]>
            </full-stacktrace>
          </exception> <!-- org.openqa.selenium.TimeoutException -->
          <reporter-output>
            <line>
              <![CDATA[<div style="display:block;margin-left:10px;"><div  class="teststeppass"><span class="teststeppass-label">T </span>Given  Open the home page</div><div style="display:block;margin-left:10px;"><div  class="teststeppass"><span class="teststeppass-label">T </span>get '/'</div></div><div  class="teststepfail"><span class="teststepfail-label">T </span>When  user enter the username 'guest' and password 'guest' <a href="../img/UserSuccessfullyClickOnLogoutButton_1ikixytrx74dj53647.png" target="_blank">[View Screenshot]</a> </div><div style="display:block;margin-left:10px;"><div  class="teststeppass"><span class="teststeppass-label">T </span>sendKeys 'guest' into 'signin.username.text'</div><div  class="teststeppass"><span class="teststeppass-label">T </span>sendKeys 'guest' into 'signin.password.text'</div><div  class="teststeppass"><span class="teststeppass-label">T </span>click on 'signin.singin.btn'</div><div  class="teststepfail"><span class="teststepfail-label">T </span>click on 'flight.continue.btn'</div><div style="display:block;margin-left:10px;"><div  class="fail"><span class="fail-label">F </span>org.openqa.selenium.TimeoutException: Timed out after 3 seconds waiting for presence of element located by: By.xpath: //*[@name='flight.continue.btn' or @id='flight.continue.btn' or @value='flight.continue.btn']</div></div><div  class="fail"><span class="fail-label">F </span>Timed out after 3 seconds waiting for presence of element located by: By.xpath: //*[@name='flight.continue.btn' or @id='flight.continue.btn' or @value='flight.continue.btn']</div></div><div  class="teststep"><span class="teststep-label">T </span>And click on logout button</div><div  class="teststep"><span class="teststep-label">T </span>Then verify the logout</div></div>]]>
            </line>
          </reporter-output>
        </test-method> <!-- user successfully click on logout button -->
        <test-method status="PASS" signature="afterMethod(org.testng.ITestContext, org.testng.ITestResult)[pri:0, instance:com.qmetry.qaf.automation.step.client.DataDrivenScenario@3e8]" test-instance-name="user successfully click on logout button" name="afterMethod" is-config="true" duration-ms="2" started-at="2019-10-19T13:36:19Z" finished-at="2019-10-19T13:36:19Z">
          <params>
            <param index="0">
              <value>
                <![CDATA[org.testng.TestRunner@525f1e4e]]>
              </value>
            </param>
            <param index="1">
              <value>
                <![CDATA[[TestResult name=user successfully click on logout button status=FAILURE method=resources.scenarios.logout.bdd.user successfully click on logout button( java.util.Map)[pri:1000, instance:com.qmetry.qaf.automation.step.client.DataDrivenScenario@3e8] output=<div style="display:block;margin-left:10px;"><div  class="teststeppass"><span class="teststeppass-label">T </span>Given  Open the home page</div><div style="display:block;margin-left:10px;"><div  class="teststeppass"><span class="teststeppass-label">T </span>get '/'</div></div><div  class="teststepfail"><span class="teststepfail-label">T </span>When  user enter the username 'guest' and password 'guest' <a href="../img/UserSuccessfullyClickOnLogoutButton_1ikixytrx74dj53647.png" target="_blank">[View Screenshot]</a> </div><div style="display:block;margin-left:10px;"><div  class="teststeppass"><span class="teststeppass-label">T </span>sendKeys 'guest' into 'signin.username.text'</div><div  class="teststeppass"><span class="teststeppass-label">T </span>sendKeys 'guest' into 'signin.password.text'</div><div  class="teststeppass"><span class="teststeppass-label">T </span>click on 'signin.singin.btn'</div><div  class="teststepfail"><span class="teststepfail-label">T </span>click on 'flight.continue.btn'</div><div style="display:block;margin-left:10px;"><div  class="fail"><span class="fail-label">F </span>org.openqa.selenium.TimeoutException: Timed out after 3 seconds waiting for presence of element located by: By.xpath: //*[@name='flight.continue.btn' or @id='flight.continue.btn' or @value='flight.continue.btn']</div></div><div  class="fail"><span class="fail-label">F </span>Timed out after 3 seconds waiting for presence of element located by: By.xpath: //*[@name='flight.continue.btn' or @id='flight.continue.btn' or @value='flight.continue.btn']</div></div><div  class="teststep"><span class="teststep-label">T </span>And click on logout button</div><div  class="teststep"><span class="teststep-label">T </span>Then verify the logout</div></div>]]]>
              </value>
            </param>
          </params>
          <reporter-output>
          </reporter-output>
        </test-method> <!-- afterMethod -->
        <test-method status="PASS" signature="afterTest(org.testng.ITestContext)[pri:0, instance:com.qmetry.qaf.automation.step.client.DataDrivenScenario@3e8]" test-instance-name="user successfully click on logout button" name="afterTest" is-config="true" duration-ms="55" started-at="2019-10-19T13:36:19Z" finished-at="2019-10-19T13:36:19Z">
          <params>
            <param index="0">
              <value>
                <![CDATA[org.testng.TestRunner@525f1e4e]]>
              </value>
            </param>
          </params>
          <reporter-output>
          </reporter-output>
        </test-method> <!-- afterTest -->
        <test-method status="PASS" signature="afterClass(org.testng.ITestContext)[pri:0, instance:com.qmetry.qaf.automation.step.client.DataDrivenScenario@3e8]" test-instance-name="user successfully click on logout button" name="afterClass" is-config="true" duration-ms="0" started-at="2019-10-19T13:36:19Z" finished-at="2019-10-19T13:36:19Z">
          <params>
            <param index="0">
              <value>
                <![CDATA[org.testng.TestRunner@525f1e4e]]>
              </value>
            </param>
          </params>
          <reporter-output>
          </reporter-output>
        </test-method> <!-- afterClass -->
        <test-method status="PASS" signature="afterSuit(org.testng.ITestContext)[pri:0, instance:com.qmetry.qaf.automation.step.client.DataDrivenScenario@3e8]" test-instance-name="user successfully click on logout button" name="afterSuit" is-config="true" duration-ms="4" started-at="2019-10-19T13:36:19Z" finished-at="2019-10-19T13:36:19Z">
          <params>
            <param index="0">
              <value>
                <![CDATA[org.testng.TestRunner@525f1e4e]]>
              </value>
            </param>
          </params>
          <reporter-output>
          </reporter-output>
        </test-method> <!-- afterSuit -->
      </class> <!-- com.qmetry.qaf.automation.step.client.DataDrivenScenario -->
    </test> <!-- BDD Test -->
  </suite> <!-- QAF BDD -->
</testng-results>
