<?xml version="1.0" encoding="UTF-8"?>
<testng-results skipped="0" failed="1" ignored="1" total="2" passed="0">
  <reporter-output>
    <line>
      <![CDATA[<div style="display:block;margin-left:10px;"><div  class="teststeppass"><span class="teststeppass-label">T </span>Given User register</div><div style="display:block;margin-left:10px;"><div  class="teststeppass"><span class="teststeppass-label">T </span>get '/'</div></div><div  class="teststeppass"><span class="teststeppass-label">T </span>When click on register button</div><div style="display:block;margin-left:10px;"><div  class="teststeppass"><span class="teststeppass-label">T </span>click on 'register.register.link'</div></div><div  class="teststepfail"><span class="teststepfail-label">T </span>And User enter with firstname '${firstname}' and lastname '${lastname}' and phone '${phone}' and email '${email}' and address '${address}' <a href="../img/NewTourRegister_1m8nlaghk6yhr16093.png" target="_blank">[View Screenshot]</a> </div><div style="display:block;margin-left:10px;"><div  class="teststepfail"><span class="teststepfail-label">T </span>sendKeys 'null' into 'register.firstname.text'</div><div style="display:block;margin-left:10px;"><div  class="fail"><span class="fail-label">F </span>java.lang.IllegalArgumentException: Keys to send should be a not null CharSequence</div></div><div  class="fail"><span class="fail-label">F </span>Keys to send should be a not null CharSequence</div></div><div  class="teststep"><span class="teststep-label">T </span>Then User click on continue button</div><div  class="teststep"><span class="teststep-label">T </span>Then user register successfully</div></div>]]>
    </line>
  </reporter-output>
  <suite name="QAF BDD" duration-ms="7374" started-at="2019-08-30T06:14:05Z" finished-at="2019-08-30T06:14:13Z">
    <groups>
    </groups>
    <test name="BDD Test" duration-ms="7374" started-at="2019-08-30T06:14:05Z" finished-at="2019-08-30T06:14:13Z">
      <class name="com.qmetry.qaf.automation.step.client.DataDrivenScenario">
        <test-method status="PASS" signature="setupSuit(org.testng.ITestContext)[pri:0, instance:com.qmetry.qaf.automation.step.client.DataDrivenScenario@3e8]" test-instance-name="New tour register" name="setupSuit" is-config="true" duration-ms="16" started-at="2019-08-30T11:44:05Z" finished-at="2019-08-30T11:44:05Z">
          <params>
            <param index="0">
              <value>
                <![CDATA[org.testng.TestRunner@525f1e4e]]>
              </value>
            </param>
          </params>
          <reporter-output>
          </reporter-output>
        </test-method> <!-- setupSuit -->
        <test-method status="PASS" signature="setup(org.testng.ITestContext)[pri:0, instance:com.qmetry.qaf.automation.step.client.DataDrivenScenario@3e8]" test-instance-name="New tour register" name="setup" is-config="true" duration-ms="0" started-at="2019-08-30T11:44:05Z" finished-at="2019-08-30T11:44:05Z">
          <params>
            <param index="0">
              <value>
                <![CDATA[org.testng.TestRunner@525f1e4e]]>
              </value>
            </param>
          </params>
          <reporter-output>
          </reporter-output>
        </test-method> <!-- setup -->
        <test-method status="PASS" signature="setupTest(org.testng.ITestContext)[pri:0, instance:com.qmetry.qaf.automation.step.client.DataDrivenScenario@3e8]" test-instance-name="New tour register" name="setupTest" is-config="true" duration-ms="0" started-at="2019-08-30T11:44:05Z" finished-at="2019-08-30T11:44:05Z">
          <params>
            <param index="0">
              <value>
                <![CDATA[org.testng.TestRunner@525f1e4e]]>
              </value>
            </param>
          </params>
          <reporter-output>
          </reporter-output>
        </test-method> <!-- setupTest -->
        <test-method status="PASS" signature="setupMethod(java.lang.reflect.Method, org.testng.ITestContext)[pri:0, instance:com.qmetry.qaf.automation.step.client.DataDrivenScenario@3e8]" test-instance-name="New tour register" name="setupMethod" is-config="true" duration-ms="0" started-at="2019-08-30T11:44:05Z" finished-at="2019-08-30T11:44:05Z">
          <params>
            <param index="0">
              <value>
                <![CDATA[public void com.qmetry.qaf.automation.step.client.DataDrivenScenario.scenario(java.util.Map)]]>
              </value>
            </param>
            <param index="1">
              <value>
                <![CDATA[org.testng.TestRunner@525f1e4e]]>
              </value>
            </param>
          </params>
          <reporter-output>
          </reporter-output>
        </test-method> <!-- setupMethod -->
        <test-method status="FAIL" signature="New tour register( java.util.Map)[pri:1000, instance:com.qmetry.qaf.automation.step.client.DataDrivenScenario@3e8]" test-instance-name="New tour register" name="New tour register" duration-ms="6937" started-at="2019-08-30T11:44:05Z" description="use valid details and fill the registration form" finished-at="2019-08-30T11:44:12Z">
          <params>
            <param index="0">
              <value>
                <![CDATA[{file.encoding.pkg=sun.io, file.encoding=Cp1252, file.separator=\, user.country=US, user.script=null, user.dir=D:\OnbordingProject\Project\Selenium, user.variant=null, user.home=C:\Users\mohanreddy.p, user.timezone=Asia/Calcutta, user.name=Mohanreddy.p, user.language=en, selenium.screenshots.relative.path=../img, selenium.screenshots.dir=test-results/30_Aug_2019_06_14_AM/img, basedir=D:\OnbordingProject\Project\Selenium, os.arch=amd64, os.name=Windows 10, os.version=10.0, surefire.real.class.path=D:\OnbordingProject\Project\Selenium\test-results\surefire\surefirebooter1134824856584338307.jar, surefire.test.class.path=D:\OnbordingProject\Project\Selenium\target\test-classes, line.separator=
, webdriver.edge.driver=./resources/drivers/MicrosoftWebDriver.exe, webdriver.ie.driver=./resources/drivers/IEDriverServer.exe, webdriver.gecko.driver=./resources/drivers/geckodriver.exe, webdriver.chrome.driver=./resources/drivers/chromedriver.exe, log4j.configuration=file:///D:\OnbordingProject\Project\Selenium/resources/log4j.properties, org.uncommons.reportng.xml-dialect=testng, org.uncommons.reportng.escape-output=false, json.report.dir=test-results/30_Aug_2019_06_14_AM/json, json.report.root.dir=test-results, test.results.dir=test-results/30_Aug_2019_06_14_AM/html, awt.toolkit=sun.awt.windows.WToolkit, outputDir=test-results/30_Aug_2019_06_14_AM, localRepository=C:\Users\mohanreddy.p\.m2\repository, data.register.user.firstname=Elena, data.register.user.lastname=Gilbert, data.register.user.phone=1234567890, data.register.user.email=abc@gmail.com, data.register.user.address=flat-007, baker street-202, west side, data.register.user.city=New York, data.register.user.state=New York, data.register.user.postalcode=12345, data.register.user.country=us, data.register.user.username=Elena123, data.register.user.password=Elena123, data.register.user.confirmpassword=Elena123, __index=1}]]>
              </value>
            </param>
          </params>
          <exception class="java.lang.IllegalArgumentException">
            <message>
              <![CDATA[Keys to send should be a not null CharSequence]]>
            </message>
            <full-stacktrace>
              <![CDATA[java.lang.IllegalArgumentException: Keys to send should be a not null CharSequence
	at .And User enter with firstname '${firstname}' and lastname '${lastname}' and phone '${phone}' and email '${email}' and address '${address}'(resources/scenarios/Register.bdd:5)
	at org.openqa.selenium.remote.RemoteWebElement.sendKeys(RemoteWebElement.java:97)
	at com.qmetry.qaf.automation.step.CommonStep.sendKeys_aroundBody6(CommonStep.java:119)
	at com.qmetry.qaf.automation.step.JavaStepReporter$MockJavaStep.doExecute(JavaStepReporter.java:138)
	at com.qmetry.qaf.automation.step.BaseTestStep.execute(BaseTestStep.java:149)
	at com.qmetry.qaf.automation.step.JavaStepReporter.javaTestStep(JavaStepReporter.java:88)
	at com.qmetry.qaf.automation.step.CommonStep.sendKeys(CommonStep.java:118)
	at com.newtour.steps.InvalidRegisterStep.register_aroundBody4(InvalidRegisterStep.java:21)
	at com.qmetry.qaf.automation.step.JavaStepReporter.javaTestStep(JavaStepReporter.java:101)
	at com.newtour.steps.InvalidRegisterStep.register(InvalidRegisterStep.java:19)
	at com.qmetry.qaf.automation.step.JavaStep.doExecute(JavaStep.java:153)
	at com.qmetry.qaf.automation.step.BaseTestStep.execute(BaseTestStep.java:149)
	at com.qmetry.qaf.automation.step.StringTestStep.execute(StringTestStep.java:134)
	at com.qmetry.qaf.automation.step.client.Scenario.execute(Scenario.java:180)
	at com.qmetry.qaf.automation.step.client.DataDrivenScenario.scenario(DataDrivenScenario.java:69)
	at org.apache.maven.surefire.testng.TestNGExecutor.run(TestNGExecutor.java:122)
	at org.apache.maven.surefire.testng.TestNGXmlTestSuite.execute(TestNGXmlTestSuite.java:92)
	at org.apache.maven.surefire.testng.TestNGProvider.invoke(TestNGProvider.java:101)
	at org.apache.maven.surefire.util.ReflectionUtils.invokeMethodWithArray(ReflectionUtils.java:164)
	at org.apache.maven.surefire.booter.ProviderFactory$ProviderProxy.invoke(ProviderFactory.java:110)
	at org.apache.maven.surefire.booter.SurefireStarter.invokeProvider(SurefireStarter.java:172)
	at org.apache.maven.surefire.booter.SurefireStarter.runSuitesInProcessWhenForked(SurefireStarter.java:104)
	at org.apache.maven.surefire.booter.ForkedBooter.main(ForkedBooter.java:70)
]]>
            </full-stacktrace>
          </exception> <!-- java.lang.IllegalArgumentException -->
          <reporter-output>
            <line>
              <![CDATA[<div style="display:block;margin-left:10px;"><div  class="teststeppass"><span class="teststeppass-label">T </span>Given User register</div><div style="display:block;margin-left:10px;"><div  class="teststeppass"><span class="teststeppass-label">T </span>get '/'</div></div><div  class="teststeppass"><span class="teststeppass-label">T </span>When click on register button</div><div style="display:block;margin-left:10px;"><div  class="teststeppass"><span class="teststeppass-label">T </span>click on 'register.register.link'</div></div><div  class="teststepfail"><span class="teststepfail-label">T </span>And User enter with firstname '${firstname}' and lastname '${lastname}' and phone '${phone}' and email '${email}' and address '${address}' <a href="../img/NewTourRegister_1m8nlaghk6yhr16093.png" target="_blank">[View Screenshot]</a> </div><div style="display:block;margin-left:10px;"><div  class="teststepfail"><span class="teststepfail-label">T </span>sendKeys 'null' into 'register.firstname.text'</div><div style="display:block;margin-left:10px;"><div  class="fail"><span class="fail-label">F </span>java.lang.IllegalArgumentException: Keys to send should be a not null CharSequence</div></div><div  class="fail"><span class="fail-label">F </span>Keys to send should be a not null CharSequence</div></div><div  class="teststep"><span class="teststep-label">T </span>Then User click on continue button</div><div  class="teststep"><span class="teststep-label">T </span>Then user register successfully</div></div>]]>
            </line>
          </reporter-output>
        </test-method> <!-- New tour register -->
        <test-method status="PASS" signature="afterMethod(org.testng.ITestContext, org.testng.ITestResult)[pri:0, instance:com.qmetry.qaf.automation.step.client.DataDrivenScenario@3e8]" test-instance-name="New tour register" name="afterMethod" is-config="true" duration-ms="15" started-at="2019-08-30T11:44:12Z" finished-at="2019-08-30T11:44:13Z">
          <params>
            <param index="0">
              <value>
                <![CDATA[org.testng.TestRunner@525f1e4e]]>
              </value>
            </param>
            <param index="1">
              <value>
                <![CDATA[[TestResult name=New tour register status=FAILURE method=resources.scenarios.Register.bdd.New tour register( java.util.Map)[pri:1000, instance:com.qmetry.qaf.automation.step.client.DataDrivenScenario@3e8] output=<div style="display:block;margin-left:10px;"><div  class="teststeppass"><span class="teststeppass-label">T </span>Given User register</div><div style="display:block;margin-left:10px;"><div  class="teststeppass"><span class="teststeppass-label">T </span>get '/'</div></div><div  class="teststeppass"><span class="teststeppass-label">T </span>When click on register button</div><div style="display:block;margin-left:10px;"><div  class="teststeppass"><span class="teststeppass-label">T </span>click on 'register.register.link'</div></div><div  class="teststepfail"><span class="teststepfail-label">T </span>And User enter with firstname '${firstname}' and lastname '${lastname}' and phone '${phone}' and email '${email}' and address '${address}' <a href="../img/NewTourRegister_1m8nlaghk6yhr16093.png" target="_blank">[View Screenshot]</a> </div><div style="display:block;margin-left:10px;"><div  class="teststepfail"><span class="teststepfail-label">T </span>sendKeys 'null' into 'register.firstname.text'</div><div style="display:block;margin-left:10px;"><div  class="fail"><span class="fail-label">F </span>java.lang.IllegalArgumentException: Keys to send should be a not null CharSequence</div></div><div  class="fail"><span class="fail-label">F </span>Keys to send should be a not null CharSequence</div></div><div  class="teststep"><span class="teststep-label">T </span>Then User click on continue button</div><div  class="teststep"><span class="teststep-label">T </span>Then user register successfully</div></div>]]]>
              </value>
            </param>
          </params>
          <reporter-output>
          </reporter-output>
        </test-method> <!-- afterMethod -->
        <test-method status="PASS" signature="afterClass(org.testng.ITestContext)[pri:0, instance:com.qmetry.qaf.automation.step.client.DataDrivenScenario@3e8]" test-instance-name="New tour register" name="afterClass" is-config="true" duration-ms="3" started-at="2019-08-30T11:44:13Z" finished-at="2019-08-30T11:44:13Z">
          <params>
            <param index="0">
              <value>
                <![CDATA[org.testng.TestRunner@525f1e4e]]>
              </value>
            </param>
          </params>
          <reporter-output>
          </reporter-output>
        </test-method> <!-- afterClass -->
        <test-method status="PASS" signature="afterTest(org.testng.ITestContext)[pri:0, instance:com.qmetry.qaf.automation.step.client.DataDrivenScenario@3e8]" test-instance-name="New tour register" name="afterTest" is-config="true" duration-ms="63" started-at="2019-08-30T11:44:13Z" finished-at="2019-08-30T11:44:13Z">
          <params>
            <param index="0">
              <value>
                <![CDATA[org.testng.TestRunner@525f1e4e]]>
              </value>
            </param>
          </params>
          <reporter-output>
          </reporter-output>
        </test-method> <!-- afterTest -->
        <test-method status="PASS" signature="afterSuit(org.testng.ITestContext)[pri:0, instance:com.qmetry.qaf.automation.step.client.DataDrivenScenario@3e8]" test-instance-name="New tour register" name="afterSuit" is-config="true" duration-ms="0" started-at="2019-08-30T11:44:13Z" finished-at="2019-08-30T11:44:13Z">
          <params>
            <param index="0">
              <value>
                <![CDATA[org.testng.TestRunner@525f1e4e]]>
              </value>
            </param>
          </params>
          <reporter-output>
          </reporter-output>
        </test-method> <!-- afterSuit -->
      </class> <!-- com.qmetry.qaf.automation.step.client.DataDrivenScenario -->
    </test> <!-- BDD Test -->
  </suite> <!-- QAF BDD -->
</testng-results>
